#
# A fatal error has been detected by the Java Runtime Environment:
#
#  EXCEPTION_ACCESS_VIOLATION (0xc0000005) at pc=0x6b0dc323, pid=5072, tid=2608
#
# JRE version: 7.0_06-b24
# Java VM: Java HotSpot(TM) Client VM (23.2-b09 mixed mode, sharing windows-x86 )
# Problematic frame:
# C  [sqlitejdbc.dll+0x1c323]  Java_org_sqlite_NativeDB_column_1metadata+0x1963e
#
# Failed to write core dump. Minidumps are not enabled by default on client versions of Windows
#
# If you would like to submit a bug report, please visit:
#   http://bugreport.sun.com/bugreport/crash.jsp
# The crash happened outside the Java Virtual Machine in native code.
# See problematic frame for where to report the bug.
#

---------------  T H R E A D  ---------------

Current thread (0x0512b000):  JavaThread "AWT-EventQueue-0" [_thread_in_native, id=2608, stack(0x056f0000,0x05740000)]

siginfo: ExceptionCode=0xc0000005, reading address 0x00000000

Registers:
EAX=0x00000000, EBX=0x00000000, ECX=0x0512b128, EDX=0x00000000
ESP=0x0573ee80, EBP=0x0573ee98, ESI=0x00000000, EDI=0x0512b000
EIP=0x6b0dc323, EFLAGS=0x00010246

Top of Stack: (sp=0x0573ee80)
0x0573ee80:   00000004 00000001 00000004 029eaea8
0x0573ee90:   382af100 00000000 0573eeb8 6b0dc5c8
0x0573eea0:   00000000 00000000 00000006 00000008
0x0573eeb0:   382af100 382af100 0573eec8 6b0c201f
0x0573eec0:   00000000 00000000 0573ef10 02afad7c
0x0573eed0:   0512b128 0573ef2c 00000000 00000000
0x0573eee0:   00000000 0573eee8 00000001 28264910
0x0573eef0:   0573eee8 382af100 0573ef2c 382b49a8 

Instructions: (pc=0x6b0dc323)
0x6b0dc303:   1f 85 d0 74 1b 8b 03 8b 40 4c 89 04 24 e8 84 94
0x6b0dc313:   fe ff 8d 14 b6 8b 83 f8 00 00 00 8d 04 d0 eb 31
0x6b0dc323:   83 3b 00 74 27 8b 03 8b 40 4c 89 04 24 e8 64 94
0x6b0dc333:   fe ff c7 44 24 08 00 00 00 00 c7 44 24 04 19 00 


Register to memory mapping:

EAX=0x00000000 is an unknown value
EBX=0x00000000 is an unknown value
ECX=0x0512b128 is an unknown value
EDX=0x00000000 is an unknown value
ESP=0x0573ee80 is pointing into the stack for thread: 0x0512b000
EBP=0x0573ee98 is pointing into the stack for thread: 0x0512b000
ESI=0x00000000 is an unknown value
EDI=0x0512b000 is a thread


Stack: [0x056f0000,0x05740000],  sp=0x0573ee80,  free space=315k
Native frames: (J=compiled Java code, j=interpreted, Vv=VM code, C=native code)
C  [sqlitejdbc.dll+0x1c323]  Java_org_sqlite_NativeDB_column_1metadata+0x1963e
C  [sqlitejdbc.dll+0x1c5c8]  Java_org_sqlite_NativeDB_column_1metadata+0x198e3
C  [sqlitejdbc.dll+0x201f]  Java_org_sqlite_NativeDB_column_1type+0x27
j  org.sqlite.NativeDB.column_type(JI)I+0
j  org.sqlite.RS.getObject(I)Ljava/lang/Object;+16
j  net.proteanit.sql.DbUtils.resultSetToTableModel(Ljava/sql/ResultSet;)Ljavax/swing/table/TableModel;+92
j  View.FarmGui.<init>()V+107
j  View.LoginGUi.<init>()V+20
j  View.LoginGUi$2.run()V+4
j  java.awt.event.InvocationEvent.dispatch()V+47
j  java.awt.EventQueue.dispatchEventImpl(Ljava/awt/AWTEvent;Ljava/lang/Object;)V+21
j  java.awt.EventQueue.access$000(Ljava/awt/EventQueue;Ljava/awt/AWTEvent;Ljava/lang/Object;)V+3
j  java.awt.EventQueue$3.run()Ljava/lang/Void;+12
j  java.awt.EventQueue$3.run()Ljava/lang/Object;+1
v  ~StubRoutines::call_stub
V  [jvm.dll+0x12a39a]
V  [jvm.dll+0x1d962e]
V  [jvm.dll+0x12a41d]
V  [jvm.dll+0xd9e0a]
C  [java.dll+0x102f]  Java_java_security_AccessController_doPrivileged__Ljava_security_PrivilegedAction_2Ljava_security_AccessControlContext_2+0x17
j  java.security.ProtectionDomain$1.doIntersectionPrivilege(Ljava/security/PrivilegedAction;Ljava/security/AccessControlContext;Ljava/security/AccessControlContext;)Ljava/lang/Object;+28
j  java.awt.EventQueue.dispatchEvent(Ljava/awt/AWTEvent;)V+46
j  java.awt.EventDispatchThread.pumpOneEventForFilters(I)V+245
j  java.awt.EventDispatchThread.pumpEventsForFilter(ILjava/awt/Conditional;Ljava/awt/EventFilter;)V+48
j  java.awt.EventDispatchThread.pumpEventsForHierarchy(ILjava/awt/Conditional;Ljava/awt/Component;)V+11
j  java.awt.EventDispatchThread.pumpEvents(ILjava/awt/Conditional;)V+4
j  java.awt.EventDispatchThread.pumpEvents(Ljava/awt/Conditional;)V+3
j  java.awt.EventDispatchThread.run()V+9
v  ~StubRoutines::call_stub
V  [jvm.dll+0x12a39a]
V  [jvm.dll+0x1d962e]
V  [jvm.dll+0x12a583]
V  [jvm.dll+0x12a5e7]
V  [jvm.dll+0xd315f]
V  [jvm.dll+0x14a697]
V  [jvm.dll+0x14a800]
V  [jvm.dll+0x17efe9]
C  [msvcr100.dll+0x5c6de]  endthreadex+0x3a
C  [msvcr100.dll+0x5c788]  endthreadex+0xe4
C  [KERNEL32.DLL+0x28543]  BaseThreadInitThunk+0xe
C  [ntdll.dll+0x5ac69]  RtlInitializeExceptionChain+0x85
C  [ntdll.dll+0x5ac3c]  RtlInitializeExceptionChain+0x58

Java frames: (J=compiled Java code, j=interpreted, Vv=VM code)
j  org.sqlite.NativeDB.column_type(JI)I+0
j  org.sqlite.RS.getObject(I)Ljava/lang/Object;+16
j  net.proteanit.sql.DbUtils.resultSetToTableModel(Ljava/sql/ResultSet;)Ljavax/swing/table/TableModel;+92
j  View.FarmGui.<init>()V+107
j  View.LoginGUi.<init>()V+20
j  View.LoginGUi$2.run()V+4
j  java.awt.event.InvocationEvent.dispatch()V+47
j  java.awt.EventQueue.dispatchEventImpl(Ljava/awt/AWTEvent;Ljava/lang/Object;)V+21
j  java.awt.EventQueue.access$000(Ljava/awt/EventQueue;Ljava/awt/AWTEvent;Ljava/lang/Object;)V+3
j  java.awt.EventQueue$3.run()Ljava/lang/Void;+12
j  java.awt.EventQueue$3.run()Ljava/lang/Object;+1
v  ~StubRoutines::call_stub
j  java.security.AccessController.doPrivileged(Ljava/security/PrivilegedAction;Ljava/security/AccessControlContext;)Ljava/lang/Object;+0
j  java.security.ProtectionDomain$1.doIntersectionPrivilege(Ljava/security/PrivilegedAction;Ljava/security/AccessControlContext;Ljava/security/AccessControlContext;)Ljava/lang/Object;+28
j  java.awt.EventQueue.dispatchEvent(Ljava/awt/AWTEvent;)V+46
j  java.awt.EventDispatchThread.pumpOneEventForFilters(I)V+245
j  java.awt.EventDispatchThread.pumpEventsForFilter(ILjava/awt/Conditional;Ljava/awt/EventFilter;)V+48
j  java.awt.EventDispatchThread.pumpEventsForHierarchy(ILjava/awt/Conditional;Ljava/awt/Component;)V+11
j  java.awt.EventDispatchThread.pumpEvents(ILjava/awt/Conditional;)V+4
j  java.awt.EventDispatchThread.pumpEvents(Ljava/awt/Conditional;)V+3
j  java.awt.EventDispatchThread.run()V+9
v  ~StubRoutines::call_stub

---------------  P R O C E S S  ---------------

Java Threads: ( => current thread )
  0x051a7000 JavaThread "Image Fetcher 0" daemon [_thread_blocked, id=2504, stack(0x05f30000,0x05f80000)]
  0x05197c00 JavaThread "TimerQueue" daemon [_thread_blocked, id=4588, stack(0x05780000,0x057d0000)]
  0x02aca800 JavaThread "DestroyJavaVM" [_thread_blocked, id=2620, stack(0x01040000,0x01090000)]
=>0x0512b000 JavaThread "AWT-EventQueue-0" [_thread_in_native, id=2608, stack(0x056f0000,0x05740000)]
  0x050ec000 JavaThread "AWT-Windows" daemon [_thread_in_native, id=5060, stack(0x054c0000,0x05510000)]
  0x050eb800 JavaThread "AWT-Shutdown" [_thread_blocked, id=2636, stack(0x05430000,0x05480000)]
  0x050eb000 JavaThread "Java2D Disposer" daemon [_thread_blocked, id=4012, stack(0x053a0000,0x053f0000)]
  0x029e4400 JavaThread "Service Thread" daemon [_thread_blocked, id=2304, stack(0x04fa0000,0x04ff0000)]
  0x029dd800 JavaThread "C1 CompilerThread0" daemon [_thread_blocked, id=3536, stack(0x04f10000,0x04f60000)]
  0x029dc400 JavaThread "Attach Listener" daemon [_thread_blocked, id=3212, stack(0x04e80000,0x04ed0000)]
  0x029d9400 JavaThread "Signal Dispatcher" daemon [_thread_blocked, id=2624, stack(0x04df0000,0x04e40000)]
  0x029c4400 JavaThread "Finalizer" daemon [_thread_blocked, id=5108, stack(0x04d60000,0x04db0000)]
  0x029c2800 JavaThread "Reference Handler" daemon [_thread_blocked, id=1504, stack(0x04cd0000,0x04d20000)]

Other Threads:
  0x029c1400 VMThread [stack: 0x04c40000,0x04c90000] [id=1960]
  0x029ec000 WatcherThread [stack: 0x05030000,0x05080000] [id=4440]

VM state:not at safepoint (normal execution)

VM Mutex/Monitor currently owned by a thread: None

Heap
 def new generation   total 4928K, used 2901K [0x28040000, 0x28590000, 0x2d590000)
  eden space 4416K,  54% used [0x28040000, 0x2829c498, 0x28490000)
  from space 512K,  94% used [0x28510000, 0x285890f8, 0x28590000)
  to   space 512K,   0% used [0x28490000, 0x28490000, 0x28510000)
 tenured generation   total 10944K, used 2126K [0x2d590000, 0x2e040000, 0x38040000)
   the space 10944K,  19% used [0x2d590000, 0x2d7a39e0, 0x2d7a3a00, 0x2e040000)
 compacting perm gen  total 12288K, used 2647K [0x38040000, 0x38c40000, 0x3c040000)
   the space 12288K,  21% used [0x38040000, 0x382d5d50, 0x382d5e00, 0x38c40000)
    ro space 10240K,  45% used [0x3c040000, 0x3c4c4988, 0x3c4c4a00, 0x3ca40000)
    rw space 12288K,  54% used [0x3ca40000, 0x3d0c8030, 0x3d0c8200, 0x3d640000)

Card table byte_map: [0x04af0000,0x04ba0000] byte_map_base: 0x049afe00

Polling page: 0x01090000

Code Cache  [0x02af0000, 0x02c70000, 0x04af0000)
 total_blobs=903 nmethods=666 adapters=171 free_code_cache=31262Kb largest_free_block=32012544

Compilation events (10 events):
Event: 3.357 Thread 0x029dd800    1 % !         org.xerial.db.sql.sqlite.SQLiteJDBCLoader::md5sum @ 25 (73 bytes)
Event: 3.358 Thread 0x029dd800 nmethod 1% 0x02b9ecc8 code [0x02b9ee70, 0x02b9f288]
Event: 3.374 Thread 0x029dd800  663             sun.security.provider.MD5::implCompress (1508 bytes)
Event: 3.376 Thread 0x029dd800 nmethod 663 0x02c65dc8 code [0x02c65f00, 0x02c66c9c]
Event: 3.376 Thread 0x029dd800  664             sun.security.provider.ByteArrayAccess::b2iLittle64 (586 bytes)
Event: 3.377 Thread 0x029dd800 nmethod 664 0x02c671c8 code [0x02c672e0, 0x02c675f0]
Event: 3.404 Thread 0x029dd800  665   !         org.xerial.db.sql.sqlite.SQLiteJDBCLoader::md5sum (73 bytes)
Event: 3.405 Thread 0x029dd800 nmethod 665 0x02c67848 code [0x02c679f0, 0x02c67f24]
Event: 3.469 Thread 0x029dd800  666             java.util.WeakHashMap::indexFor (6 bytes)
Event: 3.470 Thread 0x029dd800 nmethod 666 0x02c68548 code [0x02c68640, 0x02c686b0]

GC Heap History (6 events):
Event: 1.689 GC heap before
{Heap before GC invocations=0 (full 0):
 def new generation   total 4928K, used 4416K [0x28040000, 0x28590000, 0x2d590000)
  eden space 4416K, 100% used [0x28040000, 0x28490000, 0x28490000)
  from space 512K,   0% used [0x28490000, 0x28490000, 0x28510000)
  to   space 512K,   0% used [0x28510000, 0x28510000, 0x28590000)
 tenured generation   total 10944K, used 0K [0x2d590000, 0x2e040000, 0x38040000)
   the space 10944K,   0% used [0x2d590000, 0x2d590000, 0x2d590200, 0x2e040000)
 compacting perm gen  total 12288K, used 1819K [0x38040000, 0x38c40000, 0x3c040000)
   the space 12288K,  14% used [0x38040000, 0x38206e98, 0x38207000, 0x38c40000)
    ro space 10240K,  45% used [0x3c040000, 0x3c4c4988, 0x3c4c4a00, 0x3ca40000)
    rw space 12288K,  54% used [0x3ca40000, 0x3d0c8030, 0x3d0c8200, 0x3d640000)
Event: 1.699 GC heap after
Heap after GC invocations=1 (full 0):
 def new generation   total 4928K, used 512K [0x28040000, 0x28590000, 0x2d590000)
  eden space 4416K,   0% used [0x28040000, 0x28040000, 0x28490000)
  from space 512K, 100% used [0x28510000, 0x28590000, 0x28590000)
  to   space 512K,   0% used [0x28490000, 0x28490000, 0x28510000)
 tenured generation   total 10944K, used 761K [0x2d590000, 0x2e040000, 0x38040000)
   the space 10944K,   6% used [0x2d590000, 0x2d64e448, 0x2d64e600, 0x2e040000)
 compacting perm gen  total 12288K, used 1819K [0x38040000, 0x38c40000, 0x3c040000)
   the space 12288K,  14% used [0x38040000, 0x38206e98, 0x38207000, 0x38c40000)
    ro space 10240K,  45% used [0x3c040000, 0x3c4c4988, 0x3c4c4a00, 0x3ca40000)
    rw space 12288K,  54% used [0x3ca40000, 0x3d0c8030, 0x3d0c8200, 0x3d640000)
}
Event: 2.334 GC heap before
{Heap before GC invocations=1 (full 0):
 def new generation   total 4928K, used 4928K [0x28040000, 0x28590000, 0x2d590000)
  eden space 4416K, 100% used [0x28040000, 0x28490000, 0x28490000)
  from space 512K, 100% used [0x28510000, 0x28590000, 0x28590000)
  to   space 512K,   0% used [0x28490000, 0x28490000, 0x28510000)
 tenured generation   total 10944K, used 761K [0x2d590000, 0x2e040000, 0x38040000)
   the space 10944K,   6% used [0x2d590000, 0x2d64e448, 0x2d64e600, 0x2e040000)
 compacting perm gen  total 12288K, used 2039K [0x38040000, 0x38c40000, 0x3c040000)
   the space 12288K,  16% used [0x38040000, 0x3823dc88, 0x3823de00, 0x38c40000)
    ro space 10240K,  45% used [0x3c040000, 0x3c4c4988, 0x3c4c4a00, 0x3ca40000)
    rw space 12288K,  54% used [0x3ca40000, 0x3d0c8030, 0x3d0c8200, 0x3d640000)
Event: 2.354 GC heap after
Heap after GC invocations=2 (full 0):
 def new generation   total 4928K, used 512K [0x28040000, 0x28590000, 0x2d590000)
  eden space 4416K,   0% used [0x28040000, 0x28040000, 0x28490000)
  from space 512K, 100% used [0x28490000, 0x28510000, 0x28510000)
  to   space 512K,   0% used [0x28510000, 0x28510000, 0x28590000)
 tenured generation   total 10944K, used 1615K [0x2d590000, 0x2e040000, 0x38040000)
   the space 10944K,  14% used [0x2d590000, 0x2d723f28, 0x2d724000, 0x2e040000)
 compacting perm gen  total 12288K, used 2039K [0x38040000, 0x38c40000, 0x3c040000)
   the space 12288K,  16% used [0x38040000, 0x3823dc88, 0x3823de00, 0x38c40000)
    ro space 10240K,  45% used [0x3c040000, 0x3c4c4988, 0x3c4c4a00, 0x3ca40000)
    rw space 12288K,  54% used [0x3ca40000, 0x3d0c8030, 0x3d0c8200, 0x3d640000)
}
Event: 2.909 GC heap before
{Heap before GC invocations=2 (full 0):
 def new generation   total 4928K, used 4928K [0x28040000, 0x28590000, 0x2d590000)
  eden space 4416K, 100% used [0x28040000, 0x28490000, 0x28490000)
  from space 512K, 100% used [0x28490000, 0x28510000, 0x28510000)
  to   space 512K,   0% used [0x28510000, 0x28510000, 0x28590000)
 tenured generation   total 10944K, used 1615K [0x2d590000, 0x2e040000, 0x38040000)
   the space 10944K,  14% used [0x2d590000, 0x2d723f28, 0x2d724000, 0x2e040000)
 compacting perm gen  total 12288K, used 2122K [0x38040000, 0x38c40000, 0x3c040000)
   the space 12288K,  17% used [0x38040000, 0x38252bc0, 0x38252c00, 0x38c40000)
    ro space 10240K,  45% used [0x3c040000, 0x3c4c4988, 0x3c4c4a00, 0x3ca40000)
    rw space 12288K,  54% used [0x3ca40000, 0x3d0c8030, 0x3d0c8200, 0x3d640000)
Event: 2.919 GC heap after
Heap after GC invocations=3 (full 0):
 def new generation   total 4928K, used 484K [0x28040000, 0x28590000, 0x2d590000)
  eden space 4416K,   0% used [0x28040000, 0x28040000, 0x28490000)
  from space 512K,  94% used [0x28510000, 0x285890f8, 0x28590000)
  to   space 512K,   0% used [0x28490000, 0x28490000, 0x28510000)
 tenured generation   total 10944K, used 2126K [0x2d590000, 0x2e040000, 0x38040000)
   the space 10944K,  19% used [0x2d590000, 0x2d7a39e0, 0x2d7a3a00, 0x2e040000)
 compacting perm gen  total 12288K, used 2122K [0x38040000, 0x38c40000, 0x3c040000)
   the space 12288K,  17% used [0x38040000, 0x38252bc0, 0x38252c00, 0x38c40000)
    ro space 10240K,  45% used [0x3c040000, 0x3c4c4988, 0x3c4c4a00, 0x3ca40000)
    rw space 12288K,  54% used [0x3ca40000, 0x3d0c8030, 0x3d0c8200, 0x3d640000)
}

Deoptimization events (0 events):
No events

Internal exceptions (10 events):
Event: 3.343 Thread 0x0512b000 Threw 0x28229520 at C:\jdk7u2_32P\jdk7u6\hotspot\src\share\vm\prims\jvm.cpp:1166
Event: 3.344 Thread 0x0512b000 Threw 0x2822cc28 at C:\jdk7u2_32P\jdk7u6\hotspot\src\share\vm\prims\jvm.cpp:1166
Event: 3.345 Thread 0x0512b000 Threw 0x28232d38 at C:\jdk7u2_32P\jdk7u6\hotspot\src\share\vm\prims\jvm.cpp:1166
Event: 3.346 Thread 0x0512b000 Threw 0x28239910 at C:\jdk7u2_32P\jdk7u6\hotspot\src\share\vm\prims\jvm.cpp:1166
Event: 3.438 Thread 0x0512b000 Threw 0x28262da0 at C:\jdk7u2_32P\jdk7u6\hotspot\src\share\vm\prims\jvm.cpp:1166
Event: 3.439 Thread 0x0512b000 Threw 0x28265398 at C:\jdk7u2_32P\jdk7u6\hotspot\src\share\vm\prims\jvm.cpp:1166
Event: 3.440 Thread 0x0512b000 Threw 0x2826d7d0 at C:\jdk7u2_32P\jdk7u6\hotspot\src\share\vm\prims\jvm.cpp:1166
Event: 3.440 Thread 0x0512b000 Threw 0x28273288 at C:\jdk7u2_32P\jdk7u6\hotspot\src\share\vm\prims\jvm.cpp:1166
Event: 3.444 Thread 0x0512b000 Threw 0x2827dc88 at C:\jdk7u2_32P\jdk7u6\hotspot\src\share\vm\prims\jvm.cpp:1166
Event: 3.448 Thread 0x0512b000 Threw 0x28289238 at C:\jdk7u2_32P\jdk7u6\hotspot\src\share\vm\prims\jvm.cpp:1166

Events (10 events):
Event: 3.440 loading class 0x066f2580
Event: 3.440 loading class 0x066f2580 done
Event: 3.442 loading class 0x0509b230
Event: 3.442 loading class 0x0509b230 done
Event: 3.443 loading class 0x06693f80
Event: 3.443 loading class 0x06693f80 done
Event: 3.444 loading class 0x066f2698
Event: 3.444 loading class 0x066f2698 done
Event: 3.448 loading class 0x0513b0e0
Event: 3.448 loading class 0x0513b0e0 done


Dynamic libraries:
0x00230000 - 0x0025f000 	C:\Program Files (x86)\Java\jdk1.7.0_06\bin\java.exe
0x77a90000 - 0x77be7000 	C:\Windows\SYSTEM32\ntdll.dll
0x778a0000 - 0x779d0000 	C:\Windows\SYSTEM32\KERNEL32.DLL
0x77620000 - 0x776c6000 	C:\Windows\SYSTEM32\KERNELBASE.dll
0x75010000 - 0x750b7000 	C:\Windows\system32\apphelp.dll
0x75dd0000 - 0x75e7e000 	C:\Windows\SYSTEM32\ADVAPI32.dll
0x75760000 - 0x75876000 	C:\Windows\SYSTEM32\USER32.dll
0x6cb30000 - 0x6cd27000 	C:\Windows\WinSxS\x86_microsoft.windows.common-controls_6595b64144ccf1df_6.0.9200.16384_none_893961408605e985\COMCTL32.dll
0x75490000 - 0x75541000 	C:\Windows\SYSTEM32\msvcrt.dll
0x75a90000 - 0x75ac4000 	C:\Windows\SYSTEM32\sechost.dll
0x76190000 - 0x7623c000 	C:\Windows\SYSTEM32\RPCRT4.dll
0x75ad0000 - 0x75bcd000 	C:\Windows\SYSTEM32\GDI32.dll
0x75130000 - 0x7514c000 	C:\Windows\SYSTEM32\SspiCli.dll
0x75120000 - 0x75129000 	C:\Windows\SYSTEM32\CRYPTBASE.dll
0x750c0000 - 0x75111000 	C:\Windows\SYSTEM32\bcryptPrimitives.dll
0x75e80000 - 0x75ea0000 	C:\Windows\system32\IMM32.DLL
0x76050000 - 0x7612c000 	C:\Windows\SYSTEM32\MSCTF.dll
0x6a110000 - 0x6a1ce000 	C:\Program Files (x86)\Java\jdk1.7.0_06\jre\bin\msvcr100.dll
0x69aa0000 - 0x69dec000 	C:\Program Files (x86)\Java\jdk1.7.0_06\jre\bin\client\jvm.dll
0x6a1d0000 - 0x6a1d8000 	C:\Windows\SYSTEM32\WSOCK32.dll
0x74fb0000 - 0x74fd1000 	C:\Windows\SYSTEM32\WINMM.dll
0x75bd0000 - 0x75bd6000 	C:\Windows\SYSTEM32\PSAPI.DLL
0x75550000 - 0x755a0000 	C:\Windows\SYSTEM32\WS2_32.dll
0x74f00000 - 0x74f2a000 	C:\Windows\SYSTEM32\WINMMBASE.dll
0x77610000 - 0x77618000 	C:\Windows\SYSTEM32\NSI.dll
0x6a0c0000 - 0x6a0cc000 	C:\Program Files (x86)\Java\jdk1.7.0_06\jre\bin\verify.dll
0x6a0a0000 - 0x6a0c0000 	C:\Program Files (x86)\Java\jdk1.7.0_06\jre\bin\java.dll
0x6a080000 - 0x6a093000 	C:\Program Files (x86)\Java\jdk1.7.0_06\jre\bin\zip.dll
0x68eb0000 - 0x68ff2000 	C:\Program Files (x86)\Java\jdk1.7.0_06\jre\bin\awt.dll
0x752c0000 - 0x7534b000 	C:\Windows\SYSTEM32\OLEAUT32.dll
0x75350000 - 0x75486000 	C:\Windows\SYSTEM32\combase.dll
0x6ef10000 - 0x6ef98000 	C:\Windows\system32\uxtheme.dll
0x69340000 - 0x694bb000 	C:\Program Files (x86)\360\Total Security\safemon\safemon.dll
0x76540000 - 0x77605000 	C:\Windows\SYSTEM32\SHELL32.dll
0x75f30000 - 0x76049000 	C:\Windows\SYSTEM32\ole32.dll
0x75930000 - 0x75970000 	C:\Windows\SYSTEM32\SHLWAPI.dll
0x74f70000 - 0x74f78000 	C:\Windows\SYSTEM32\VERSION.dll
0x74f50000 - 0x74f62000 	C:\Windows\SYSTEM32\NETAPI32.dll
0x74ee0000 - 0x74eeb000 	C:\Windows\SYSTEM32\netutils.dll
0x74ec0000 - 0x74edc000 	C:\Windows\SYSTEM32\srvcli.dll
0x74eb0000 - 0x74ec0000 	C:\Windows\SYSTEM32\wkscli.dll
0x74d20000 - 0x74d95000 	C:\Windows\SYSTEM32\shcore.dll
0x74f30000 - 0x74f41000 	C:\Windows\SYSTEM32\profapi.dll
0x6a570000 - 0x6a5d9000 	C:\Program Files (x86)\Common Files\microsoft shared\ink\tiptsf.dll
0x6eed0000 - 0x6eee9000 	C:\Windows\SYSTEM32\dwmapi.dll
0x68e80000 - 0x68eaa000 	C:\Program Files (x86)\Java\jdk1.7.0_06\jre\bin\fontmanager.dll
0x6a060000 - 0x6a074000 	C:\Program Files (x86)\Java\jdk1.7.0_06\jre\bin\net.dll
0x74730000 - 0x7477a000 	C:\Windows\system32\mswsock.dll
0x6a050000 - 0x6a05f000 	C:\Program Files (x86)\Java\jdk1.7.0_06\jre\bin\nio.dll
0x68e40000 - 0x68e71000 	C:\Program Files (x86)\Java\jdk1.7.0_06\jre\bin\t2k.dll
0x764c0000 - 0x76534000 	C:\Windows\SYSTEM32\clbcatq.dll
0x6a400000 - 0x6a546000 	C:\Windows\SYSTEM32\WindowsCodecs.dll
0x6b0c0000 - 0x6b126000 	C:\Users\CHARLES\AppData\Local\Temp\sqlitejdbc.dll
0x74b90000 - 0x74cb9000 	C:\Windows\SYSTEM32\dbghelp.dll

VM Arguments:
jvm_args: -Dfile.encoding=UTF-8 
java_command: View.LoginGUi
Launcher Type: SUN_STANDARD

Environment Variables:
JAVA_HOME=C:\Program Files\Java\jdk1.7.0_79
JRE_HOME=C:\Program Files\Java\jre7
PATH=C:\Program Files\Java\jdk1.7.0_79\bin;C:\Program Files (x86)\Skype\Phone\;C:\Program Files (x86)\Jar2Exe Wizard\
USERNAME=CHARLES
OS=Windows_NT
PROCESSOR_IDENTIFIER=Intel64 Family 6 Model 69 Stepping 1, GenuineIntel



---------------  S Y S T E M  ---------------

OS: Windows 8 , 64 bit Build 9200 

CPU:total 4 (2 cores per cpu, 2 threads per core) family 6 model 69 stepping 1, cmov, cx8, fxsr, mmx, sse, sse2, sse3, ssse3, sse4.1, sse4.2, popcnt, avx, avx2, ht, tsc, tscinvbit

Memory: 4k page, physical 4127020k(2399944k free), swap 8845612k(6856788k free)

vm_info: Java HotSpot(TM) Client VM (23.2-b09) for windows-x86 JRE (1.7.0_06-b24), built on Aug  9 2012 23:02:07 by "java_re" with unknown MS VC++:1600

time: Mon Jul 04 20:03:30 2016
elapsed time: 3 seconds

