#
# A fatal error has been detected by the Java Runtime Environment:
#
#  EXCEPTION_ACCESS_VIOLATION (0xc0000005) at pc=0x6b0dc323, pid=9664, tid=4888
#
# JRE version: 7.0_06-b24
# Java VM: Java HotSpot(TM) Client VM (23.2-b09 mixed mode, sharing windows-x86 )
# Problematic frame:
# C  [sqlitejdbc.dll+0x1c323]  Java_org_sqlite_NativeDB_column_1metadata+0x1963e
#
# Failed to write core dump. Minidumps are not enabled by default on client versions of Windows
#
# If you would like to submit a bug report, please visit:
#   http://bugreport.sun.com/bugreport/crash.jsp
# The crash happened outside the Java Virtual Machine in native code.
# See problematic frame for where to report the bug.
#

---------------  T H R E A D  ---------------

Current thread (0x043ecc00):  JavaThread "AWT-EventQueue-0" [_thread_in_native, id=4888, stack(0x049c0000,0x04a10000)]

siginfo: ExceptionCode=0xc0000005, reading address 0x00000000

Registers:
EAX=0x00000000, EBX=0x00000000, ECX=0x043ecd28, EDX=0x00000000
ESP=0x04a0e810, EBP=0x04a0e828, ESI=0x00000000, EDI=0x043ecc00
EIP=0x6b0dc323, EFLAGS=0x00010246

Top of Stack: (sp=0x04a0e810)
0x04a0e810:   043ecc00 3ca40008 000000bd 04a0e834
0x04a0e820:   38208a40 00000000 04a0e848 6b0dc5c8
0x04a0e830:   00000000 00000000 689b190f 043ecc00
0x04a0e840:   38208a40 38208a40 04a0e858 6b0c201f
0x04a0e850:   00000000 00000000 04a0e8ac 0226ad7c
0x04a0e860:   043ecd28 04a0e8c8 00000000 00000000
0x04a0e870:   00000000 04a0e874 3c05e1dd 04a0e8a4
0x04a0e880:   04a0e884 043ecc05 2842bdb0 04a0e884 

Instructions: (pc=0x6b0dc323)
0x6b0dc303:   1f 85 d0 74 1b 8b 03 8b 40 4c 89 04 24 e8 84 94
0x6b0dc313:   fe ff 8d 14 b6 8b 83 f8 00 00 00 8d 04 d0 eb 31
0x6b0dc323:   83 3b 00 74 27 8b 03 8b 40 4c 89 04 24 e8 64 94
0x6b0dc333:   fe ff c7 44 24 08 00 00 00 00 c7 44 24 04 19 00 


Register to memory mapping:

EAX=0x00000000 is an unknown value
EBX=0x00000000 is an unknown value
ECX=0x043ecd28 is an unknown value
EDX=0x00000000 is an unknown value
ESP=0x04a0e810 is pointing into the stack for thread: 0x043ecc00
EBP=0x04a0e828 is pointing into the stack for thread: 0x043ecc00
ESI=0x00000000 is an unknown value
EDI=0x043ecc00 is a thread


Stack: [0x049c0000,0x04a10000],  sp=0x04a0e810,  free space=314k
Native frames: (J=compiled Java code, j=interpreted, Vv=VM code, C=native code)
C  [sqlitejdbc.dll+0x1c323]  Java_org_sqlite_NativeDB_column_1metadata+0x1963e
C  [sqlitejdbc.dll+0x1c5c8]  Java_org_sqlite_NativeDB_column_1metadata+0x198e3
C  [sqlitejdbc.dll+0x201f]  Java_org_sqlite_NativeDB_column_1type+0x27
j  org.sqlite.NativeDB.column_type(JI)I+0
j  org.sqlite.RS.getObject(I)Ljava/lang/Object;+16
j  net.proteanit.sql.DbUtils.resultSetToTableModel(Ljava/sql/ResultSet;)Ljavax/swing/table/TableModel;+92
j  View.ReportingGui.productActionsActionPerformed(Ljava/awt/event/ActionEvent;)V+199
j  View.ReportingGui.access$100(LView/ReportingGui;Ljava/awt/event/ActionEvent;)V+2
j  View.ReportingGui$3.actionPerformed(Ljava/awt/event/ActionEvent;)V+5
j  javax.swing.AbstractButton.fireActionPerformed(Ljava/awt/event/ActionEvent;)V+84
j  javax.swing.AbstractButton$Handler.actionPerformed(Ljava/awt/event/ActionEvent;)V+5
j  javax.swing.DefaultButtonModel.fireActionPerformed(Ljava/awt/event/ActionEvent;)V+35
j  javax.swing.DefaultButtonModel.setPressed(Z)V+117
j  javax.swing.plaf.basic.BasicButtonListener.mouseReleased(Ljava/awt/event/MouseEvent;)V+35
j  java.awt.Component.processMouseEvent(Ljava/awt/event/MouseEvent;)V+64
j  javax.swing.JComponent.processMouseEvent(Ljava/awt/event/MouseEvent;)V+23
J  java.awt.Component.processEvent(Ljava/awt/AWTEvent;)V
j  java.awt.LightweightDispatcher.dispatchEvent(Ljava/awt/AWTEvent;)Z+50
J  java.awt.Container.dispatchEventImpl(Ljava/awt/AWTEvent;)V
J  java.awt.EventQueue.dispatchEventImpl(Ljava/awt/AWTEvent;Ljava/lang/Object;)V
V  [jvm.dll+0x12a39a]
V  [jvm.dll+0x1d962e]
V  [jvm.dll+0x12a41d]
V  [jvm.dll+0xd9e0a]
C  [java.dll+0x102f]  Java_java_security_AccessController_doPrivileged__Ljava_security_PrivilegedAction_2Ljava_security_AccessControlContext_2+0x17
J  java.security.ProtectionDomain$1.doIntersectionPrivilege(Ljava/security/PrivilegedAction;Ljava/security/AccessControlContext;Ljava/security/AccessControlContext;)Ljava/lang/Object;
j  java.awt.EventQueue$4.run()Ljava/lang/Void;+11
j  java.awt.EventQueue$4.run()Ljava/lang/Object;+1
v  ~StubRoutines::call_stub
V  [jvm.dll+0x12a39a]
V  [jvm.dll+0x1d962e]
V  [jvm.dll+0x12a41d]
V  [jvm.dll+0xd9e0a]
C  [java.dll+0x102f]  Java_java_security_AccessController_doPrivileged__Ljava_security_PrivilegedAction_2Ljava_security_AccessControlContext_2+0x17
J  java.awt.EventQueue.dispatchEvent(Ljava/awt/AWTEvent;)V
j  java.awt.EventDispatchThread.pumpEventsForHierarchy(ILjava/awt/Conditional;Ljava/awt/Component;)V+11
j  java.awt.EventDispatchThread.pumpEvents(ILjava/awt/Conditional;)V+4
j  java.awt.EventDispatchThread.pumpEvents(Ljava/awt/Conditional;)V+3
j  java.awt.EventDispatchThread.run()V+9
v  ~StubRoutines::call_stub
V  [jvm.dll+0x12a39a]
V  [jvm.dll+0x1d962e]
V  [jvm.dll+0x12a583]
V  [jvm.dll+0x12a5e7]
V  [jvm.dll+0xd315f]
V  [jvm.dll+0x14a697]
V  [jvm.dll+0x14a800]
V  [jvm.dll+0x17efe9]
C  [msvcr100.dll+0x5c6de]  endthreadex+0x3a
C  [msvcr100.dll+0x5c788]  endthreadex+0xe4
C  [KERNEL32.DLL+0x28543]  BaseThreadInitThunk+0xe
C  [ntdll.dll+0x5ac69]  RtlInitializeExceptionChain+0x85
C  [ntdll.dll+0x5ac3c]  RtlInitializeExceptionChain+0x58

Java frames: (J=compiled Java code, j=interpreted, Vv=VM code)
j  org.sqlite.NativeDB.column_type(JI)I+0
j  org.sqlite.RS.getObject(I)Ljava/lang/Object;+16
j  net.proteanit.sql.DbUtils.resultSetToTableModel(Ljava/sql/ResultSet;)Ljavax/swing/table/TableModel;+92
j  View.ReportingGui.productActionsActionPerformed(Ljava/awt/event/ActionEvent;)V+199
j  View.ReportingGui.access$100(LView/ReportingGui;Ljava/awt/event/ActionEvent;)V+2
j  View.ReportingGui$3.actionPerformed(Ljava/awt/event/ActionEvent;)V+5
j  javax.swing.AbstractButton.fireActionPerformed(Ljava/awt/event/ActionEvent;)V+84
j  javax.swing.AbstractButton$Handler.actionPerformed(Ljava/awt/event/ActionEvent;)V+5
j  javax.swing.DefaultButtonModel.fireActionPerformed(Ljava/awt/event/ActionEvent;)V+35
j  javax.swing.DefaultButtonModel.setPressed(Z)V+117
j  javax.swing.plaf.basic.BasicButtonListener.mouseReleased(Ljava/awt/event/MouseEvent;)V+35
j  java.awt.Component.processMouseEvent(Ljava/awt/event/MouseEvent;)V+64
j  javax.swing.JComponent.processMouseEvent(Ljava/awt/event/MouseEvent;)V+23
J  java.awt.Component.processEvent(Ljava/awt/AWTEvent;)V
J  java.awt.Container.processEvent(Ljava/awt/AWTEvent;)V
J  java.awt.Component.dispatchEventImpl(Ljava/awt/AWTEvent;)V
J  java.awt.Container.dispatchEventImpl(Ljava/awt/AWTEvent;)V
J  java.awt.LightweightDispatcher.retargetMouseEvent(Ljava/awt/Component;ILjava/awt/event/MouseEvent;)V
j  java.awt.LightweightDispatcher.processMouseEvent(Ljava/awt/event/MouseEvent;)Z+139
j  java.awt.LightweightDispatcher.dispatchEvent(Ljava/awt/AWTEvent;)Z+50
J  java.awt.Container.dispatchEventImpl(Ljava/awt/AWTEvent;)V
j  java.awt.Window.dispatchEventImpl(Ljava/awt/AWTEvent;)V+19
J  java.awt.EventQueue.dispatchEventImpl(Ljava/awt/AWTEvent;Ljava/lang/Object;)V
J  java.awt.EventQueue$3.run()Ljava/lang/Object;
v  ~StubRoutines::call_stub
J  java.security.AccessController.doPrivileged(Ljava/security/PrivilegedAction;Ljava/security/AccessControlContext;)Ljava/lang/Object;
J  java.security.ProtectionDomain$1.doIntersectionPrivilege(Ljava/security/PrivilegedAction;Ljava/security/AccessControlContext;Ljava/security/AccessControlContext;)Ljava/lang/Object;
j  java.security.ProtectionDomain$1.doIntersectionPrivilege(Ljava/security/PrivilegedAction;Ljava/security/AccessControlContext;)Ljava/lang/Object;+6
j  java.awt.EventQueue$4.run()Ljava/lang/Void;+11
j  java.awt.EventQueue$4.run()Ljava/lang/Object;+1
v  ~StubRoutines::call_stub
J  java.security.AccessController.doPrivileged(Ljava/security/PrivilegedAction;Ljava/security/AccessControlContext;)Ljava/lang/Object;
J  java.awt.EventQueue.dispatchEvent(Ljava/awt/AWTEvent;)V
J  java.awt.EventDispatchThread.pumpOneEventForFilters(I)V
j  java.awt.EventDispatchThread.pumpEventsForFilter(ILjava/awt/Conditional;Ljava/awt/EventFilter;)V+48
j  java.awt.EventDispatchThread.pumpEventsForHierarchy(ILjava/awt/Conditional;Ljava/awt/Component;)V+11
j  java.awt.EventDispatchThread.pumpEvents(ILjava/awt/Conditional;)V+4
j  java.awt.EventDispatchThread.pumpEvents(Ljava/awt/Conditional;)V+3
j  java.awt.EventDispatchThread.run()V+9
v  ~StubRoutines::call_stub

---------------  P R O C E S S  ---------------

Java Threads: ( => current thread )
  0x044bc400 JavaThread "TimerQueue" daemon [_thread_blocked, id=8240, stack(0x05440000,0x05490000)]
  0x00b9a800 JavaThread "DestroyJavaVM" [_thread_blocked, id=6200, stack(0x00440000,0x00490000)]
=>0x043ecc00 JavaThread "AWT-EventQueue-0" [_thread_in_native, id=4888, stack(0x049c0000,0x04a10000)]
  0x043ac000 JavaThread "AWT-Windows" daemon [_thread_in_native, id=3164, stack(0x04780000,0x047d0000)]
  0x043ab800 JavaThread "AWT-Shutdown" [_thread_blocked, id=11464, stack(0x046f0000,0x04740000)]
  0x043ab000 JavaThread "Java2D Disposer" daemon [_thread_blocked, id=9784, stack(0x04660000,0x046b0000)]
  0x00914000 JavaThread "Service Thread" daemon [_thread_blocked, id=2900, stack(0x04260000,0x042b0000)]
  0x0090f400 JavaThread "C1 CompilerThread0" daemon [_thread_blocked, id=9824, stack(0x00da0000,0x00df0000)]
  0x0090e400 JavaThread "Attach Listener" daemon [_thread_blocked, id=9000, stack(0x00d10000,0x00d60000)]
  0x0090b400 JavaThread "Signal Dispatcher" daemon [_thread_blocked, id=6820, stack(0x00c80000,0x00cd0000)]
  0x008f4000 JavaThread "Finalizer" daemon [_thread_blocked, id=8732, stack(0x00bf0000,0x00c40000)]
  0x008f2800 JavaThread "Reference Handler" daemon [_thread_blocked, id=13612, stack(0x00ba0000,0x00bf0000)]

Other Threads:
  0x008f1400 VMThread [stack: 0x00ac0000,0x00b10000] [id=7892]
  0x00923c00 WatcherThread [stack: 0x042f0000,0x04340000] [id=11456]

VM state:not at safepoint (normal execution)

VM Mutex/Monitor currently owned by a thread: None

Heap
 def new generation   total 4928K, used 4405K [0x28040000, 0x28590000, 0x2d590000)
  eden space 4416K,  90% used [0x28040000, 0x2842c4e0, 0x28490000)
  from space 512K,  75% used [0x28490000, 0x284f1178, 0x28510000)
  to   space 512K,   0% used [0x28510000, 0x28510000, 0x28590000)
 tenured generation   total 10944K, used 9954K [0x2d590000, 0x2e040000, 0x38040000)
   the space 10944K,  90% used [0x2d590000, 0x2df48be0, 0x2df48c00, 0x2e040000)
 compacting perm gen  total 12288K, used 3172K [0x38040000, 0x38c40000, 0x3c040000)
   the space 12288K,  25% used [0x38040000, 0x383591d0, 0x38359200, 0x38c40000)
    ro space 10240K,  45% used [0x3c040000, 0x3c4c4988, 0x3c4c4a00, 0x3ca40000)
    rw space 12288K,  54% used [0x3ca40000, 0x3d0c8030, 0x3d0c8200, 0x3d640000)

Card table byte_map: [0x009d0000,0x00a80000] byte_map_base: 0x0088fe00

Polling page: 0x00500000

Code Cache  [0x02260000, 0x024d8000, 0x04260000)
 total_blobs=1575 nmethods=1328 adapters=180 free_code_cache=30248Kb largest_free_block=30973440

Compilation events (10 events):
Event: 77.838 Thread 0x0090f400 1329             sun.java2d.pipe.AlphaColorPipe::renderPathTile (39 bytes)
Event: 77.838 Thread 0x0090f400 nmethod 1329 0x024d5088 code [0x024d5190, 0x024d529c]
Event: 77.858 Thread 0x0090f400 1330             sun.awt.windows.WWindowPeer::preprocessPostEvent (72 bytes)
Event: 77.859 Thread 0x0090f400 nmethod 1330 0x024d53c8 code [0x024d54f0, 0x024d5648]
Event: 77.897 Thread 0x0090f400 1331             java.awt.Container::getMouseEventTarget (12 bytes)
Event: 77.897 Thread 0x0090f400 nmethod 1331 0x024d5748 code [0x024d5850, 0x024d58fc]
Event: 78.353 Thread 0x0090f400 1332             javax.swing.plaf.nimbus.SynthPainterImpl::paintBorder (33 bytes)
Event: 78.353 Thread 0x0090f400 nmethod 1332 0x024d5988 code [0x024d5a90, 0x024d5b88]
Event: 78.747 Thread 0x0090f400 1333   !         javax.swing.JComponent::fetchRectangle (58 bytes)
Event: 78.748 Thread 0x0090f400 nmethod 1333 0x024d5c88 code [0x024d5db0, 0x024d6068]

GC Heap History (10 events):
Event: 17.792 GC heap before
{Heap before GC invocations=7 (full 0):
 def new generation   total 4928K, used 4923K [0x28040000, 0x28590000, 0x2d590000)
  eden space 4416K,  99% used [0x28040000, 0x2848ef30, 0x28490000)
  from space 512K, 100% used [0x28510000, 0x28590000, 0x28590000)
  to   space 512K,   0% used [0x28490000, 0x28490000, 0x28510000)
 tenured generation   total 10944K, used 8852K [0x2d590000, 0x2e040000, 0x38040000)
   the space 10944K,  80% used [0x2d590000, 0x2de35358, 0x2de35400, 0x2e040000)
 compacting perm gen  total 12288K, used 3096K [0x38040000, 0x38c40000, 0x3c040000)
   the space 12288K,  25% used [0x38040000, 0x38346160, 0x38346200, 0x38c40000)
    ro space 10240K,  45% used [0x3c040000, 0x3c4c4988, 0x3c4c4a00, 0x3ca40000)
    rw space 12288K,  54% used [0x3ca40000, 0x3d0c8030, 0x3d0c8200, 0x3d640000)
Event: 17.794 GC heap after
Heap after GC invocations=8 (full 0):
 def new generation   total 4928K, used 157K [0x28040000, 0x28590000, 0x2d590000)
  eden space 4416K,   0% used [0x28040000, 0x28040000, 0x28490000)
  from space 512K,  30% used [0x28490000, 0x284b7680, 0x28510000)
  to   space 512K,   0% used [0x28510000, 0x28510000, 0x28590000)
 tenured generation   total 10944K, used 9351K [0x2d590000, 0x2e040000, 0x38040000)
   the space 10944K,  85% used [0x2d590000, 0x2deb1c90, 0x2deb1e00, 0x2e040000)
 compacting perm gen  total 12288K, used 3096K [0x38040000, 0x38c40000, 0x3c040000)
   the space 12288K,  25% used [0x38040000, 0x38346160, 0x38346200, 0x38c40000)
    ro space 10240K,  45% used [0x3c040000, 0x3c4c4988, 0x3c4c4a00, 0x3ca40000)
    rw space 12288K,  54% used [0x3ca40000, 0x3d0c8030, 0x3d0c8200, 0x3d640000)
}
Event: 19.620 GC heap before
{Heap before GC invocations=8 (full 0):
 def new generation   total 4928K, used 4573K [0x28040000, 0x28590000, 0x2d590000)
  eden space 4416K, 100% used [0x28040000, 0x28490000, 0x28490000)
  from space 512K,  30% used [0x28490000, 0x284b7680, 0x28510000)
  to   space 512K,   0% used [0x28510000, 0x28510000, 0x28590000)
 tenured generation   total 10944K, used 9351K [0x2d590000, 0x2e040000, 0x38040000)
   the space 10944K,  85% used [0x2d590000, 0x2deb1c90, 0x2deb1e00, 0x2e040000)
 compacting perm gen  total 12288K, used 3159K [0x38040000, 0x38c40000, 0x3c040000)
   the space 12288K,  25% used [0x38040000, 0x38355d98, 0x38355e00, 0x38c40000)
    ro space 10240K,  45% used [0x3c040000, 0x3c4c4988, 0x3c4c4a00, 0x3ca40000)
    rw space 12288K,  54% used [0x3ca40000, 0x3d0c8030, 0x3d0c8200, 0x3d640000)
Event: 19.623 GC heap after
Heap after GC invocations=9 (full 0):
 def new generation   total 4928K, used 512K [0x28040000, 0x28590000, 0x2d590000)
  eden space 4416K,   0% used [0x28040000, 0x28040000, 0x28490000)
  from space 512K, 100% used [0x28510000, 0x28590000, 0x28590000)
  to   space 512K,   0% used [0x28490000, 0x28490000, 0x28510000)
 tenured generation   total 10944K, used 9453K [0x2d590000, 0x2e040000, 0x38040000)
   the space 10944K,  86% used [0x2d590000, 0x2decb578, 0x2decb600, 0x2e040000)
 compacting perm gen  total 12288K, used 3159K [0x38040000, 0x38c40000, 0x3c040000)
   the space 12288K,  25% used [0x38040000, 0x38355d98, 0x38355e00, 0x38c40000)
    ro space 10240K,  45% used [0x3c040000, 0x3c4c4988, 0x3c4c4a00, 0x3ca40000)
    rw space 12288K,  54% used [0x3ca40000, 0x3d0c8030, 0x3d0c8200, 0x3d640000)
}
Event: 27.964 GC heap before
{Heap before GC invocations=9 (full 0):
 def new generation   total 4928K, used 4928K [0x28040000, 0x28590000, 0x2d590000)
  eden space 4416K, 100% used [0x28040000, 0x28490000, 0x28490000)
  from space 512K, 100% used [0x28510000, 0x28590000, 0x28590000)
  to   space 512K,   0% used [0x28490000, 0x28490000, 0x28510000)
 tenured generation   total 10944K, used 9453K [0x2d590000, 0x2e040000, 0x38040000)
   the space 10944K,  86% used [0x2d590000, 0x2decb578, 0x2decb600, 0x2e040000)
 compacting perm gen  total 12288K, used 3161K [0x38040000, 0x38c40000, 0x3c040000)
   the space 12288K,  25% used [0x38040000, 0x38356788, 0x38356800, 0x38c40000)
    ro space 10240K,  45% used [0x3c040000, 0x3c4c4988, 0x3c4c4a00, 0x3ca40000)
    rw space 12288K,  54% used [0x3ca40000, 0x3d0c8030, 0x3d0c8200, 0x3d640000)
Event: 27.967 GC heap after
Heap after GC invocations=10 (full 0):
 def new generation   total 4928K, used 137K [0x28040000, 0x28590000, 0x2d590000)
  eden space 4416K,   0% used [0x28040000, 0x28040000, 0x28490000)
  from space 512K,  26% used [0x28490000, 0x284b2638, 0x28510000)
  to   space 512K,   0% used [0x28510000, 0x28510000, 0x28590000)
 tenured generation   total 10944K, used 9954K [0x2d590000, 0x2e040000, 0x38040000)
   the space 10944K,  90% used [0x2d590000, 0x2df48be0, 0x2df48c00, 0x2e040000)
 compacting perm gen  total 12288K, used 3161K [0x38040000, 0x38c40000, 0x3c040000)
   the space 12288K,  25% used [0x38040000, 0x38356788, 0x38356800, 0x38c40000)
    ro space 10240K,  45% used [0x3c040000, 0x3c4c4988, 0x3c4c4a00, 0x3ca40000)
    rw space 12288K,  54% used [0x3ca40000, 0x3d0c8030, 0x3d0c8200, 0x3d640000)
}
Event: 43.493 GC heap before
{Heap before GC invocations=10 (full 0):
 def new generation   total 4928K, used 4553K [0x28040000, 0x28590000, 0x2d590000)
  eden space 4416K, 100% used [0x28040000, 0x28490000, 0x28490000)
  from space 512K,  26% used [0x28490000, 0x284b2638, 0x28510000)
  to   space 512K,   0% used [0x28510000, 0x28510000, 0x28590000)
 tenured generation   total 10944K, used 9954K [0x2d590000, 0x2e040000, 0x38040000)
   the space 10944K,  90% used [0x2d590000, 0x2df48be0, 0x2df48c00, 0x2e040000)
 compacting perm gen  total 12288K, used 3163K [0x38040000, 0x38c40000, 0x3c040000)
   the space 12288K,  25% used [0x38040000, 0x38356c50, 0x38356e00, 0x38c40000)
    ro space 10240K,  45% used [0x3c040000, 0x3c4c4988, 0x3c4c4a00, 0x3ca40000)
    rw space 12288K,  54% used [0x3ca40000, 0x3d0c8030, 0x3d0c8200, 0x3d640000)
Event: 43.495 GC heap after
Heap after GC invocations=11 (full 0):
 def new generation   total 4928K, used 206K [0x28040000, 0x28590000, 0x2d590000)
  eden space 4416K,   0% used [0x28040000, 0x28040000, 0x28490000)
  from space 512K,  40% used [0x28510000, 0x285439f0, 0x28590000)
  to   space 512K,   0% used [0x28490000, 0x28490000, 0x28510000)
 tenured generation   total 10944K, used 9954K [0x2d590000, 0x2e040000, 0x38040000)
   the space 10944K,  90% used [0x2d590000, 0x2df48be0, 0x2df48c00, 0x2e040000)
 compacting perm gen  total 12288K, used 3163K [0x38040000, 0x38c40000, 0x3c040000)
   the space 12288K,  25% used [0x38040000, 0x38356c50, 0x38356e00, 0x38c40000)
    ro space 10240K,  45% used [0x3c040000, 0x3c4c4988, 0x3c4c4a00, 0x3ca40000)
    rw space 12288K,  54% used [0x3ca40000, 0x3d0c8030, 0x3d0c8200, 0x3d640000)
}
Event: 69.307 GC heap before
{Heap before GC invocations=11 (full 0):
 def new generation   total 4928K, used 4622K [0x28040000, 0x28590000, 0x2d590000)
  eden space 4416K, 100% used [0x28040000, 0x28490000, 0x28490000)
  from space 512K,  40% used [0x28510000, 0x285439f0, 0x28590000)
  to   space 512K,   0% used [0x28490000, 0x28490000, 0x28510000)
 tenured generation   total 10944K, used 9954K [0x2d590000, 0x2e040000, 0x38040000)
   the space 10944K,  90% used [0x2d590000, 0x2df48be0, 0x2df48c00, 0x2e040000)
 compacting perm gen  total 12288K, used 3168K [0x38040000, 0x38c40000, 0x3c040000)
   the space 12288K,  25% used [0x38040000, 0x38358360, 0x38358400, 0x38c40000)
    ro space 10240K,  45% used [0x3c040000, 0x3c4c4988, 0x3c4c4a00, 0x3ca40000)
    rw space 12288K,  54% used [0x3ca40000, 0x3d0c8030, 0x3d0c8200, 0x3d640000)
Event: 69.310 GC heap after
Heap after GC invocations=12 (full 0):
 def new generation   total 4928K, used 388K [0x28040000, 0x28590000, 0x2d590000)
  eden space 4416K,   0% used [0x28040000, 0x28040000, 0x28490000)
  from space 512K,  75% used [0x28490000, 0x284f1178, 0x28510000)
  to   space 512K,   0% used [0x28510000, 0x28510000, 0x28590000)
 tenured generation   total 10944K, used 9954K [0x2d590000, 0x2e040000, 0x38040000)
   the space 10944K,  90% used [0x2d590000, 0x2df48be0, 0x2df48c00, 0x2e040000)
 compacting perm gen  total 12288K, used 3168K [0x38040000, 0x38c40000, 0x3c040000)
   the space 12288K,  25% used [0x38040000, 0x38358360, 0x38358400, 0x38c40000)
    ro space 10240K,  45% used [0x3c040000, 0x3c4c4988, 0x3c4c4a00, 0x3ca40000)
    rw space 12288K,  54% used [0x3ca40000, 0x3d0c8030, 0x3d0c8200, 0x3d640000)
}

Deoptimization events (0 events):
No events

Internal exceptions (10 events):
Event: 17.800 Thread 0x043ecc00 Threw 0x2805d3d8 at C:\jdk7u2_32P\jdk7u6\hotspot\src\share\vm\prims\jvm.cpp:1166
Event: 17.800 Thread 0x043ecc00 Threw 0x28061cd0 at C:\jdk7u2_32P\jdk7u6\hotspot\src\share\vm\prims\jvm.cpp:1166
Event: 17.800 Thread 0x043ecc00 Threw 0x28064930 at C:\jdk7u2_32P\jdk7u6\hotspot\src\share\vm\prims\jvm.cpp:1166
Event: 17.802 Thread 0x043ecc00 Threw 0x280687e8 at C:\jdk7u2_32P\jdk7u6\hotspot\src\share\vm\prims\jvm.cpp:1166
Event: 17.864 Thread 0x043ecc00 Threw 0x282defb8 at C:\jdk7u2_32P\jdk7u6\hotspot\src\share\vm\prims\jvm.cpp:1166
Event: 17.866 Thread 0x043ecc00 Threw 0x282e2e58 at C:\jdk7u2_32P\jdk7u6\hotspot\src\share\vm\prims\jvm.cpp:1166
Event: 17.867 Thread 0x043ecc00 Threw 0x282e4c88 at C:\jdk7u2_32P\jdk7u6\hotspot\src\share\vm\prims\jvm.cpp:1166
Event: 17.868 Thread 0x043ecc00 Threw 0x282e8b88 at C:\jdk7u2_32P\jdk7u6\hotspot\src\share\vm\prims\jvm.cpp:1166
Event: 17.871 Thread 0x043ecc00 Threw 0x282ef7c0 at C:\jdk7u2_32P\jdk7u6\hotspot\src\share\vm\prims\jvm.cpp:1166
Event: 17.904 Thread 0x043ecc00 Threw 0x283387a0 at C:\jdk7u2_32P\jdk7u6\hotspot\src\share\vm\prims\jvm.cpp:1166

Events (10 events):
Event: 69.307 Executing VM operation: GenCollectForAllocation
Event: 69.310 Executing VM operation: GenCollectForAllocation done
Event: 69.311 Executing VM operation: RevokeBias
Event: 69.311 Executing VM operation: RevokeBias done
Event: 69.311 Executing VM operation: RevokeBias
Event: 69.312 Executing VM operation: RevokeBias done
Event: 69.312 Executing VM operation: RevokeBias
Event: 69.312 Executing VM operation: RevokeBias done
Event: 69.312 Executing VM operation: RevokeBias
Event: 69.312 Executing VM operation: RevokeBias done


Dynamic libraries:
0x00e30000 - 0x00e5f000 	C:\Program Files (x86)\Java\jdk1.7.0_06\bin\java.exe
0x77ba0000 - 0x77cf7000 	C:\Windows\SYSTEM32\ntdll.dll
0x76d90000 - 0x76ec0000 	C:\Windows\SYSTEM32\KERNEL32.DLL
0x758a0000 - 0x75946000 	C:\Windows\SYSTEM32\KERNELBASE.dll
0x75120000 - 0x751c7000 	C:\Windows\system32\apphelp.dll
0x77a10000 - 0x77abe000 	C:\Windows\SYSTEM32\ADVAPI32.dll
0x76aa0000 - 0x76bb6000 	C:\Windows\SYSTEM32\USER32.dll
0x6cbb0000 - 0x6cda7000 	C:\Windows\WinSxS\x86_microsoft.windows.common-controls_6595b64144ccf1df_6.0.9200.16384_none_893961408605e985\COMCTL32.dll
0x75520000 - 0x755d1000 	C:\Windows\SYSTEM32\msvcrt.dll
0x77430000 - 0x77464000 	C:\Windows\SYSTEM32\sechost.dll
0x76ce0000 - 0x76d8c000 	C:\Windows\SYSTEM32\RPCRT4.dll
0x77170000 - 0x7726d000 	C:\Windows\SYSTEM32\GDI32.dll
0x75240000 - 0x7525c000 	C:\Windows\SYSTEM32\SspiCli.dll
0x75230000 - 0x75239000 	C:\Windows\SYSTEM32\CRYPTBASE.dll
0x751d0000 - 0x75221000 	C:\Windows\SYSTEM32\bcryptPrimitives.dll
0x776d0000 - 0x776f0000 	C:\Windows\system32\IMM32.DLL
0x77090000 - 0x7716c000 	C:\Windows\SYSTEM32\MSCTF.dll
0x680c0000 - 0x6817e000 	C:\Program Files (x86)\Java\jdk1.7.0_06\jre\bin\msvcr100.dll
0x68960000 - 0x68cac000 	C:\Program Files (x86)\Java\jdk1.7.0_06\jre\bin\client\jvm.dll
0x69f70000 - 0x69f78000 	C:\Windows\SYSTEM32\WSOCK32.dll
0x750c0000 - 0x750e1000 	C:\Windows\SYSTEM32\WINMM.dll
0x75510000 - 0x75516000 	C:\Windows\SYSTEM32\PSAPI.DLL
0x77630000 - 0x77680000 	C:\Windows\SYSTEM32\WS2_32.dll
0x75010000 - 0x7503a000 	C:\Windows\SYSTEM32\WINMMBASE.dll
0x755e0000 - 0x755e8000 	C:\Windows\SYSTEM32\NSI.dll
0x6a550000 - 0x6a55c000 	C:\Program Files (x86)\Java\jdk1.7.0_06\jre\bin\verify.dll
0x69950000 - 0x69970000 	C:\Program Files (x86)\Java\jdk1.7.0_06\jre\bin\java.dll
0x69750000 - 0x69763000 	C:\Program Files (x86)\Java\jdk1.7.0_06\jre\bin\zip.dll
0x67f70000 - 0x680b2000 	C:\Program Files (x86)\Java\jdk1.7.0_06\jre\bin\awt.dll
0x778f0000 - 0x7797b000 	C:\Windows\SYSTEM32\OLEAUT32.dll
0x753d0000 - 0x75506000 	C:\Windows\SYSTEM32\combase.dll
0x6e9f0000 - 0x6ea78000 	C:\Windows\system32\uxtheme.dll
0x693f0000 - 0x6956b000 	C:\Program Files (x86)\360\Total Security\safemon\safemon.dll
0x75960000 - 0x76a25000 	C:\Windows\SYSTEM32\SHELL32.dll
0x75780000 - 0x75899000 	C:\Windows\SYSTEM32\ole32.dll
0x77300000 - 0x77340000 	C:\Windows\SYSTEM32\SHLWAPI.dll
0x75080000 - 0x75088000 	C:\Windows\SYSTEM32\VERSION.dll
0x75060000 - 0x75072000 	C:\Windows\SYSTEM32\NETAPI32.dll
0x74ff0000 - 0x74ffb000 	C:\Windows\SYSTEM32\netutils.dll
0x74fd0000 - 0x74fec000 	C:\Windows\SYSTEM32\srvcli.dll
0x74fc0000 - 0x74fd0000 	C:\Windows\SYSTEM32\wkscli.dll
0x74e30000 - 0x74ea5000 	C:\Windows\SYSTEM32\shcore.dll
0x75040000 - 0x75051000 	C:\Windows\SYSTEM32\profapi.dll
0x6a4c0000 - 0x6a529000 	C:\Program Files (x86)\Common Files\microsoft shared\ink\tiptsf.dll
0x6e9b0000 - 0x6e9c9000 	C:\Windows\SYSTEM32\dwmapi.dll
0x68910000 - 0x6893a000 	C:\Program Files (x86)\Java\jdk1.7.0_06\jre\bin\fontmanager.dll
0x68940000 - 0x68954000 	C:\Program Files (x86)\Java\jdk1.7.0_06\jre\bin\net.dll
0x70e60000 - 0x70eaa000 	C:\Windows\system32\mswsock.dll
0x69940000 - 0x6994f000 	C:\Program Files (x86)\Java\jdk1.7.0_06\jre\bin\nio.dll
0x77990000 - 0x77a04000 	C:\Windows\SYSTEM32\clbcatq.dll
0x69e20000 - 0x69f66000 	C:\Windows\SYSTEM32\WindowsCodecs.dll
0x688d0000 - 0x68901000 	C:\Program Files (x86)\Java\jdk1.7.0_06\jre\bin\t2k.dll
0x6cb60000 - 0x6cbb0000 	C:\Windows\SYSTEM32\oleacc.dll
0x67f40000 - 0x67f64000 	C:\Program Files (x86)\Java\jdk1.7.0_06\jre\bin\dcpr.dll
0x10000000 - 0x10007000 	C:\Program Files (x86)\Internet Download Manager\idmmkb.dll
0x6b0c0000 - 0x6b126000 	C:\Users\CHARLES\AppData\Local\Temp\sqlitejdbc.dll
0x74ca0000 - 0x74dc9000 	C:\Windows\SYSTEM32\dbghelp.dll

VM Arguments:
jvm_args: -Dfile.encoding=UTF-8 
java_command: View.LoginGUi
Launcher Type: SUN_STANDARD

Environment Variables:
JAVA_HOME=C:\Program Files\Java\jdk1.7.0_79
JRE_HOME=C:\Program Files\Java\jre7
PATH=C:\Program Files\Java\jdk1.7.0_79\bin;C:\Program Files (x86)\Skype\Phone\;C:\Program Files (x86)\Jar2Exe Wizard\
USERNAME=CHARLES
OS=Windows_NT
PROCESSOR_IDENTIFIER=Intel64 Family 6 Model 69 Stepping 1, GenuineIntel



---------------  S Y S T E M  ---------------

OS: Windows 8 , 64 bit Build 9200 

CPU:total 4 (2 cores per cpu, 2 threads per core) family 6 model 69 stepping 1, cmov, cx8, fxsr, mmx, sse, sse2, sse3, ssse3, sse4.1, sse4.2, popcnt, avx, avx2, ht, tsc, tscinvbit

Memory: 4k page, physical 4127020k(2351484k free), swap 8845612k(6122452k free)

vm_info: Java HotSpot(TM) Client VM (23.2-b09) for windows-x86 JRE (1.7.0_06-b24), built on Aug  9 2012 23:02:07 by "java_re" with unknown MS VC++:1600

time: Wed Jul 06 00:46:48 2016
elapsed time: 78 seconds

