#
# A fatal error has been detected by the Java Runtime Environment:
#
#  EXCEPTION_ACCESS_VIOLATION (0xc0000005) at pc=0x6b0dc323, pid=7832, tid=304
#
# JRE version: 7.0_06-b24
# Java VM: Java HotSpot(TM) Client VM (23.2-b09 mixed mode, sharing windows-x86 )
# Problematic frame:
# C  [sqlitejdbc.dll+0x1c323]  Java_org_sqlite_NativeDB_column_1metadata+0x1963e
#
# Failed to write core dump. Minidumps are not enabled by default on client versions of Windows
#
# If you would like to submit a bug report, please visit:
#   http://bugreport.sun.com/bugreport/crash.jsp
# The crash happened outside the Java Virtual Machine in native code.
# See problematic frame for where to report the bug.
#

---------------  T H R E A D  ---------------

Current thread (0x049c4c00):  JavaThread "AWT-EventQueue-0" [_thread_in_native, id=304, stack(0x05930000,0x05980000)]

siginfo: ExceptionCode=0xc0000005, reading address 0x00000000

Registers:
EAX=0x00000000, EBX=0x00000000, ECX=0x049c4d28, EDX=0x00000000
ESP=0x0597e7a0, EBP=0x0597e7b8, ESI=0x00000000, EDI=0x049c4c00
EIP=0x6b0dc323, EFLAGS=0x00010246

Top of Stack: (sp=0x0597e7a0)
0x0597e7a0:   049c4c00 3ca40008 000000bd 0597e7c4
0x0597e7b0:   382091f8 00000000 0597e7d8 6b0dc5c8
0x0597e7c0:   00000000 00000000 59e4190f 049c4c00
0x0597e7d0:   382091f8 382091f8 0597e7e8 6b0c201f
0x0597e7e0:   00000000 00000000 0597e83c 0243ad7c
0x0597e7f0:   049c4d28 0597e858 00000000 00000000
0x0597e800:   00000000 0597e804 3c05e1dd 0597e834
0x0597e810:   0597e814 049c4c05 2841c498 0597e814 

Instructions: (pc=0x6b0dc323)
0x6b0dc303:   1f 85 d0 74 1b 8b 03 8b 40 4c 89 04 24 e8 84 94
0x6b0dc313:   fe ff 8d 14 b6 8b 83 f8 00 00 00 8d 04 d0 eb 31
0x6b0dc323:   83 3b 00 74 27 8b 03 8b 40 4c 89 04 24 e8 64 94
0x6b0dc333:   fe ff c7 44 24 08 00 00 00 00 c7 44 24 04 19 00 


Register to memory mapping:

EAX=0x00000000 is an unknown value
EBX=0x00000000 is an unknown value
ECX=0x049c4d28 is an unknown value
EDX=0x00000000 is an unknown value
ESP=0x0597e7a0 is pointing into the stack for thread: 0x049c4c00
EBP=0x0597e7b8 is pointing into the stack for thread: 0x049c4c00
ESI=0x00000000 is an unknown value
EDI=0x049c4c00 is a thread


Stack: [0x05930000,0x05980000],  sp=0x0597e7a0,  free space=313k
Native frames: (J=compiled Java code, j=interpreted, Vv=VM code, C=native code)
C  [sqlitejdbc.dll+0x1c323]  Java_org_sqlite_NativeDB_column_1metadata+0x1963e
C  [sqlitejdbc.dll+0x1c5c8]  Java_org_sqlite_NativeDB_column_1metadata+0x198e3
C  [sqlitejdbc.dll+0x201f]  Java_org_sqlite_NativeDB_column_1type+0x27
j  org.sqlite.NativeDB.column_type(JI)I+0
j  org.sqlite.RS.getObject(I)Ljava/lang/Object;+16
j  net.proteanit.sql.DbUtils.resultSetToTableModel(Ljava/sql/ResultSet;)Ljavax/swing/table/TableModel;+92
j  View.ReportingGui.productActionsActionPerformed(Ljava/awt/event/ActionEvent;)V+199
j  View.ReportingGui.access$100(LView/ReportingGui;Ljava/awt/event/ActionEvent;)V+2
j  View.ReportingGui$3.actionPerformed(Ljava/awt/event/ActionEvent;)V+5
j  javax.swing.AbstractButton.fireActionPerformed(Ljava/awt/event/ActionEvent;)V+84
j  javax.swing.AbstractButton$Handler.actionPerformed(Ljava/awt/event/ActionEvent;)V+5
j  javax.swing.DefaultButtonModel.fireActionPerformed(Ljava/awt/event/ActionEvent;)V+35
j  javax.swing.DefaultButtonModel.setPressed(Z)V+117
j  javax.swing.plaf.basic.BasicButtonListener.mouseReleased(Ljava/awt/event/MouseEvent;)V+35
j  java.awt.Component.processMouseEvent(Ljava/awt/event/MouseEvent;)V+64
j  javax.swing.JComponent.processMouseEvent(Ljava/awt/event/MouseEvent;)V+23
J  java.awt.Component.processEvent(Ljava/awt/AWTEvent;)V
J  java.awt.EventQueue.dispatchEventImpl(Ljava/awt/AWTEvent;Ljava/lang/Object;)V
V  [jvm.dll+0x12a39a]
V  [jvm.dll+0x1d962e]
V  [jvm.dll+0x12a41d]
V  [jvm.dll+0xd9e0a]
C  [java.dll+0x102f]  Java_java_security_AccessController_doPrivileged__Ljava_security_PrivilegedAction_2Ljava_security_AccessControlContext_2+0x17
J  java.security.ProtectionDomain$1.doIntersectionPrivilege(Ljava/security/PrivilegedAction;Ljava/security/AccessControlContext;Ljava/security/AccessControlContext;)Ljava/lang/Object;
V  [jvm.dll+0x12a39a]
V  [jvm.dll+0x1d962e]
V  [jvm.dll+0x12a41d]
V  [jvm.dll+0xd9e0a]
C  [java.dll+0x102f]  Java_java_security_AccessController_doPrivileged__Ljava_security_PrivilegedAction_2Ljava_security_AccessControlContext_2+0x17
J  java.awt.EventQueue.dispatchEvent(Ljava/awt/AWTEvent;)V
j  java.awt.EventDispatchThread.pumpEventsForHierarchy(ILjava/awt/Conditional;Ljava/awt/Component;)V+11
j  java.awt.EventDispatchThread.pumpEvents(ILjava/awt/Conditional;)V+4
j  java.awt.EventDispatchThread.pumpEvents(Ljava/awt/Conditional;)V+3
j  java.awt.EventDispatchThread.run()V+9
v  ~StubRoutines::call_stub
V  [jvm.dll+0x12a39a]
V  [jvm.dll+0x1d962e]
V  [jvm.dll+0x12a583]
V  [jvm.dll+0x12a5e7]
V  [jvm.dll+0xd315f]
V  [jvm.dll+0x14a697]
V  [jvm.dll+0x14a800]
V  [jvm.dll+0x17efe9]
C  [msvcr100.dll+0x5c6de]  endthreadex+0x3a
C  [msvcr100.dll+0x5c788]  endthreadex+0xe4
C  [KERNEL32.DLL+0x28543]  BaseThreadInitThunk+0xe
C  [ntdll.dll+0x5ac69]  RtlInitializeExceptionChain+0x85
C  [ntdll.dll+0x5ac3c]  RtlInitializeExceptionChain+0x58

Java frames: (J=compiled Java code, j=interpreted, Vv=VM code)
j  org.sqlite.NativeDB.column_type(JI)I+0
j  org.sqlite.RS.getObject(I)Ljava/lang/Object;+16
j  net.proteanit.sql.DbUtils.resultSetToTableModel(Ljava/sql/ResultSet;)Ljavax/swing/table/TableModel;+92
j  View.ReportingGui.productActionsActionPerformed(Ljava/awt/event/ActionEvent;)V+199
j  View.ReportingGui.access$100(LView/ReportingGui;Ljava/awt/event/ActionEvent;)V+2
j  View.ReportingGui$3.actionPerformed(Ljava/awt/event/ActionEvent;)V+5
j  javax.swing.AbstractButton.fireActionPerformed(Ljava/awt/event/ActionEvent;)V+84
j  javax.swing.AbstractButton$Handler.actionPerformed(Ljava/awt/event/ActionEvent;)V+5
j  javax.swing.DefaultButtonModel.fireActionPerformed(Ljava/awt/event/ActionEvent;)V+35
j  javax.swing.DefaultButtonModel.setPressed(Z)V+117
j  javax.swing.plaf.basic.BasicButtonListener.mouseReleased(Ljava/awt/event/MouseEvent;)V+35
j  java.awt.Component.processMouseEvent(Ljava/awt/event/MouseEvent;)V+64
j  javax.swing.JComponent.processMouseEvent(Ljava/awt/event/MouseEvent;)V+23
J  java.awt.Component.processEvent(Ljava/awt/AWTEvent;)V
J  java.awt.Container.processEvent(Ljava/awt/AWTEvent;)V
J  java.awt.Component.dispatchEventImpl(Ljava/awt/AWTEvent;)V
J  java.awt.Container.dispatchEventImpl(Ljava/awt/AWTEvent;)V
J  java.awt.LightweightDispatcher.retargetMouseEvent(Ljava/awt/Component;ILjava/awt/event/MouseEvent;)V
J  java.awt.LightweightDispatcher.processMouseEvent(Ljava/awt/event/MouseEvent;)Z
J  java.awt.LightweightDispatcher.dispatchEvent(Ljava/awt/AWTEvent;)Z
J  java.awt.Container.dispatchEventImpl(Ljava/awt/AWTEvent;)V
j  java.awt.Window.dispatchEventImpl(Ljava/awt/AWTEvent;)V+19
J  java.awt.EventQueue.dispatchEventImpl(Ljava/awt/AWTEvent;Ljava/lang/Object;)V
J  java.awt.EventQueue$3.run()Ljava/lang/Object;
v  ~StubRoutines::call_stub
J  java.security.AccessController.doPrivileged(Ljava/security/PrivilegedAction;Ljava/security/AccessControlContext;)Ljava/lang/Object;
J  java.security.ProtectionDomain$1.doIntersectionPrivilege(Ljava/security/PrivilegedAction;Ljava/security/AccessControlContext;Ljava/security/AccessControlContext;)Ljava/lang/Object;
J  java.awt.EventQueue$4.run()Ljava/lang/Object;
v  ~StubRoutines::call_stub
J  java.security.AccessController.doPrivileged(Ljava/security/PrivilegedAction;Ljava/security/AccessControlContext;)Ljava/lang/Object;
J  java.awt.EventQueue.dispatchEvent(Ljava/awt/AWTEvent;)V
J  java.awt.EventDispatchThread.pumpOneEventForFilters(I)V
j  java.awt.EventDispatchThread.pumpEventsForFilter(ILjava/awt/Conditional;Ljava/awt/EventFilter;)V+48
j  java.awt.EventDispatchThread.pumpEventsForHierarchy(ILjava/awt/Conditional;Ljava/awt/Component;)V+11
j  java.awt.EventDispatchThread.pumpEvents(ILjava/awt/Conditional;)V+4
j  java.awt.EventDispatchThread.pumpEvents(Ljava/awt/Conditional;)V+3
j  java.awt.EventDispatchThread.run()V+9
v  ~StubRoutines::call_stub

---------------  P R O C E S S  ---------------

Java Threads: ( => current thread )
  0x04a80c00 JavaThread "TimerQueue" daemon [_thread_blocked, id=6560, stack(0x05cb0000,0x05d00000)]
  0x022aa800 JavaThread "DestroyJavaVM" [_thread_blocked, id=1300, stack(0x00830000,0x00880000)]
=>0x049c4c00 JavaThread "AWT-EventQueue-0" [_thread_in_native, id=304, stack(0x05930000,0x05980000)]
  0x04986400 JavaThread "AWT-Windows" daemon [_thread_in_native, id=7476, stack(0x04ff0000,0x05040000)]
  0x04985c00 JavaThread "AWT-Shutdown" [_thread_blocked, id=6104, stack(0x04f60000,0x04fb0000)]
  0x04985400 JavaThread "Java2D Disposer" daemon [_thread_blocked, id=8052, stack(0x04ed0000,0x04f20000)]
  0x023e2c00 JavaThread "Service Thread" daemon [_thread_blocked, id=2684, stack(0x04840000,0x04890000)]
  0x023ddc00 JavaThread "C1 CompilerThread0" daemon [_thread_blocked, id=680, stack(0x047b0000,0x04800000)]
  0x023dc800 JavaThread "Attach Listener" daemon [_thread_blocked, id=7468, stack(0x04720000,0x04770000)]
  0x023d9800 JavaThread "Signal Dispatcher" daemon [_thread_blocked, id=8116, stack(0x04690000,0x046e0000)]
  0x023c4400 JavaThread "Finalizer" daemon [_thread_blocked, id=7408, stack(0x04600000,0x04650000)]
  0x023c2800 JavaThread "Reference Handler" daemon [_thread_blocked, id=7532, stack(0x04570000,0x045c0000)]

Other Threads:
  0x023c1400 VMThread [stack: 0x044e0000,0x04530000] [id=7396]
  0x023f4000 WatcherThread [stack: 0x048d0000,0x04920000] [id=7772]

VM state:not at safepoint (normal execution)

VM Mutex/Monitor currently owned by a thread: None

Heap
 def new generation   total 4992K, used 4158K [0x28040000, 0x285a0000, 0x2d590000)
  eden space 4480K,  88% used [0x28040000, 0x28420708, 0x284a0000)
  from space 512K,  36% used [0x28520000, 0x2854f4d0, 0x285a0000)
  to   space 512K,   0% used [0x284a0000, 0x284a0000, 0x28520000)
 tenured generation   total 10944K, used 9459K [0x2d590000, 0x2e040000, 0x38040000)
   the space 10944K,  86% used [0x2d590000, 0x2decce48, 0x2decd000, 0x2e040000)
 compacting perm gen  total 12288K, used 3237K [0x38040000, 0x38c40000, 0x3c040000)
   the space 12288K,  26% used [0x38040000, 0x383694f0, 0x38369600, 0x38c40000)
    ro space 10240K,  45% used [0x3c040000, 0x3c4c4988, 0x3c4c4a00, 0x3ca40000)
    rw space 12288K,  54% used [0x3ca40000, 0x3d0c8030, 0x3d0c8200, 0x3d640000)

Card table byte_map: [0x04430000,0x044e0000] byte_map_base: 0x042efe00

Polling page: 0x007b0000

Code Cache  [0x02430000, 0x026f0000, 0x04430000)
 total_blobs=1782 nmethods=1534 adapters=180 free_code_cache=29968Kb largest_free_block=30686400

Compilation events (10 events):
Event: 250.943 Thread 0x023ddc00 1537             javax.swing.plaf.synth.SynthComboBoxUI::access$900 (5 bytes)
Event: 250.943 Thread 0x023ddc00 nmethod 1537 0x026ea108 code [0x026ea200, 0x026ea2b0]
Event: 254.095 Thread 0x023ddc00 1538   !         sun.awt.GlobalCursorManager::updateCursorImmediately (31 bytes)
Event: 254.096 Thread 0x023ddc00 nmethod 1538 0x026ea348 code [0x026ea450, 0x026ea66c]
Event: 254.158 Thread 0x023ddc00 1539             sun.awt.windows.WWindowPeer::preprocessPostEvent (72 bytes)
Event: 254.158 Thread 0x023ddc00 nmethod 1539 0x026ea748 code [0x026ea870, 0x026ea9c8]
Event: 254.512 Thread 0x023ddc00 1540             java.util.concurrent.locks.AbstractQueuedSynchronizer$ConditionObject::awaitNanos (158 bytes)
Event: 254.515 Thread 0x023ddc00 nmethod 1540 0x026eaac8 code [0x026eaca0, 0x026eb308]
Event: 254.515 Thread 0x023ddc00 1541   !         java.awt.AWTEvent::dispatched (47 bytes)
Event: 254.516 Thread 0x023ddc00 nmethod 1541 0x026ebac8 code [0x026ebc20, 0x026ebfe0]

GC Heap History (10 events):
Event: 188.372 GC heap before
{Heap before GC invocations=16 (full 1):
 def new generation   total 4992K, used 4992K [0x28040000, 0x285a0000, 0x2d590000)
  eden space 4480K, 100% used [0x28040000, 0x284a0000, 0x284a0000)
  from space 512K, 100% used [0x284a0000, 0x28520000, 0x28520000)
  to   space 512K,   0% used [0x28520000, 0x28520000, 0x285a0000)
 tenured generation   total 10944K, used 8791K [0x2d590000, 0x2e040000, 0x38040000)
   the space 10944K,  80% used [0x2d590000, 0x2de25ea8, 0x2de26000, 0x2e040000)
 compacting perm gen  total 12288K, used 3227K [0x38040000, 0x38c40000, 0x3c040000)
   the space 12288K,  26% used [0x38040000, 0x38366d80, 0x38366e00, 0x38c40000)
    ro space 10240K,  45% used [0x3c040000, 0x3c4c4988, 0x3c4c4a00, 0x3ca40000)
    rw space 12288K,  54% used [0x3ca40000, 0x3d0c8030, 0x3d0c8200, 0x3d640000)
Event: 188.378 GC heap after
Heap after GC invocations=17 (full 1):
 def new generation   total 4992K, used 296K [0x28040000, 0x285a0000, 0x2d590000)
  eden space 4480K,   0% used [0x28040000, 0x28040000, 0x284a0000)
  from space 512K,  57% used [0x28520000, 0x2856a320, 0x285a0000)
  to   space 512K,   0% used [0x284a0000, 0x284a0000, 0x28520000)
 tenured generation   total 10944K, used 9174K [0x2d590000, 0x2e040000, 0x38040000)
   the space 10944K,  83% used [0x2d590000, 0x2de85ba8, 0x2de85c00, 0x2e040000)
 compacting perm gen  total 12288K, used 3227K [0x38040000, 0x38c40000, 0x3c040000)
   the space 12288K,  26% used [0x38040000, 0x38366d80, 0x38366e00, 0x38c40000)
    ro space 10240K,  45% used [0x3c040000, 0x3c4c4988, 0x3c4c4a00, 0x3ca40000)
    rw space 12288K,  54% used [0x3ca40000, 0x3d0c8030, 0x3d0c8200, 0x3d640000)
}
Event: 199.777 GC heap before
{Heap before GC invocations=17 (full 1):
 def new generation   total 4992K, used 4776K [0x28040000, 0x285a0000, 0x2d590000)
  eden space 4480K, 100% used [0x28040000, 0x284a0000, 0x284a0000)
  from space 512K,  57% used [0x28520000, 0x2856a320, 0x285a0000)
  to   space 512K,   0% used [0x284a0000, 0x284a0000, 0x28520000)
 tenured generation   total 10944K, used 9174K [0x2d590000, 0x2e040000, 0x38040000)
   the space 10944K,  83% used [0x2d590000, 0x2de85ba8, 0x2de85c00, 0x2e040000)
 compacting perm gen  total 12288K, used 3227K [0x38040000, 0x38c40000, 0x3c040000)
   the space 12288K,  26% used [0x38040000, 0x38366ef0, 0x38367000, 0x38c40000)
    ro space 10240K,  45% used [0x3c040000, 0x3c4c4988, 0x3c4c4a00, 0x3ca40000)
    rw space 12288K,  54% used [0x3ca40000, 0x3d0c8030, 0x3d0c8200, 0x3d640000)
Event: 199.781 GC heap after
Heap after GC invocations=18 (full 1):
 def new generation   total 4992K, used 75K [0x28040000, 0x285a0000, 0x2d590000)
  eden space 4480K,   0% used [0x28040000, 0x28040000, 0x284a0000)
  from space 512K,  14% used [0x284a0000, 0x284b2f90, 0x28520000)
  to   space 512K,   0% used [0x28520000, 0x28520000, 0x285a0000)
 tenured generation   total 10944K, used 9459K [0x2d590000, 0x2e040000, 0x38040000)
   the space 10944K,  86% used [0x2d590000, 0x2decce48, 0x2decd000, 0x2e040000)
 compacting perm gen  total 12288K, used 3227K [0x38040000, 0x38c40000, 0x3c040000)
   the space 12288K,  26% used [0x38040000, 0x38366ef0, 0x38367000, 0x38c40000)
    ro space 10240K,  45% used [0x3c040000, 0x3c4c4988, 0x3c4c4a00, 0x3ca40000)
    rw space 12288K,  54% used [0x3ca40000, 0x3d0c8030, 0x3d0c8200, 0x3d640000)
}
Event: 210.064 GC heap before
{Heap before GC invocations=18 (full 1):
 def new generation   total 4992K, used 4555K [0x28040000, 0x285a0000, 0x2d590000)
  eden space 4480K, 100% used [0x28040000, 0x284a0000, 0x284a0000)
  from space 512K,  14% used [0x284a0000, 0x284b2f90, 0x28520000)
  to   space 512K,   0% used [0x28520000, 0x28520000, 0x285a0000)
 tenured generation   total 10944K, used 9459K [0x2d590000, 0x2e040000, 0x38040000)
   the space 10944K,  86% used [0x2d590000, 0x2decce48, 0x2decd000, 0x2e040000)
 compacting perm gen  total 12288K, used 3230K [0x38040000, 0x38c40000, 0x3c040000)
   the space 12288K,  26% used [0x38040000, 0x38367950, 0x38367a00, 0x38c40000)
    ro space 10240K,  45% used [0x3c040000, 0x3c4c4988, 0x3c4c4a00, 0x3ca40000)
    rw space 12288K,  54% used [0x3ca40000, 0x3d0c8030, 0x3d0c8200, 0x3d640000)
Event: 210.067 GC heap after
Heap after GC invocations=19 (full 1):
 def new generation   total 4992K, used 186K [0x28040000, 0x285a0000, 0x2d590000)
  eden space 4480K,   0% used [0x28040000, 0x28040000, 0x284a0000)
  from space 512K,  36% used [0x28520000, 0x2854e9e0, 0x285a0000)
  to   space 512K,   0% used [0x284a0000, 0x284a0000, 0x28520000)
 tenured generation   total 10944K, used 9459K [0x2d590000, 0x2e040000, 0x38040000)
   the space 10944K,  86% used [0x2d590000, 0x2decce48, 0x2decd000, 0x2e040000)
 compacting perm gen  total 12288K, used 3230K [0x38040000, 0x38c40000, 0x3c040000)
   the space 12288K,  26% used [0x38040000, 0x38367950, 0x38367a00, 0x38c40000)
    ro space 10240K,  45% used [0x3c040000, 0x3c4c4988, 0x3c4c4a00, 0x3ca40000)
    rw space 12288K,  54% used [0x3ca40000, 0x3d0c8030, 0x3d0c8200, 0x3d640000)
}
Event: 224.798 GC heap before
{Heap before GC invocations=19 (full 1):
 def new generation   total 4992K, used 4666K [0x28040000, 0x285a0000, 0x2d590000)
  eden space 4480K, 100% used [0x28040000, 0x284a0000, 0x284a0000)
  from space 512K,  36% used [0x28520000, 0x2854e9e0, 0x285a0000)
  to   space 512K,   0% used [0x284a0000, 0x284a0000, 0x28520000)
 tenured generation   total 10944K, used 9459K [0x2d590000, 0x2e040000, 0x38040000)
   the space 10944K,  86% used [0x2d590000, 0x2decce48, 0x2decd000, 0x2e040000)
 compacting perm gen  total 12288K, used 3233K [0x38040000, 0x38c40000, 0x3c040000)
   the space 12288K,  26% used [0x38040000, 0x38368790, 0x38368800, 0x38c40000)
    ro space 10240K,  45% used [0x3c040000, 0x3c4c4988, 0x3c4c4a00, 0x3ca40000)
    rw space 12288K,  54% used [0x3ca40000, 0x3d0c8030, 0x3d0c8200, 0x3d640000)
Event: 224.801 GC heap after
Heap after GC invocations=20 (full 1):
 def new generation   total 4992K, used 201K [0x28040000, 0x285a0000, 0x2d590000)
  eden space 4480K,   0% used [0x28040000, 0x28040000, 0x284a0000)
  from space 512K,  39% used [0x284a0000, 0x284d2790, 0x28520000)
  to   space 512K,   0% used [0x28520000, 0x28520000, 0x285a0000)
 tenured generation   total 10944K, used 9459K [0x2d590000, 0x2e040000, 0x38040000)
   the space 10944K,  86% used [0x2d590000, 0x2decce48, 0x2decd000, 0x2e040000)
 compacting perm gen  total 12288K, used 3233K [0x38040000, 0x38c40000, 0x3c040000)
   the space 12288K,  26% used [0x38040000, 0x38368790, 0x38368800, 0x38c40000)
    ro space 10240K,  45% used [0x3c040000, 0x3c4c4988, 0x3c4c4a00, 0x3ca40000)
    rw space 12288K,  54% used [0x3ca40000, 0x3d0c8030, 0x3d0c8200, 0x3d640000)
}
Event: 235.773 GC heap before
{Heap before GC invocations=20 (full 1):
 def new generation   total 4992K, used 4681K [0x28040000, 0x285a0000, 0x2d590000)
  eden space 4480K, 100% used [0x28040000, 0x284a0000, 0x284a0000)
  from space 512K,  39% used [0x284a0000, 0x284d2790, 0x28520000)
  to   space 512K,   0% used [0x28520000, 0x28520000, 0x285a0000)
 tenured generation   total 10944K, used 9459K [0x2d590000, 0x2e040000, 0x38040000)
   the space 10944K,  86% used [0x2d590000, 0x2decce48, 0x2decd000, 0x2e040000)
 compacting perm gen  total 12288K, used 3237K [0x38040000, 0x38c40000, 0x3c040000)
   the space 12288K,  26% used [0x38040000, 0x383694a0, 0x38369600, 0x38c40000)
    ro space 10240K,  45% used [0x3c040000, 0x3c4c4988, 0x3c4c4a00, 0x3ca40000)
    rw space 12288K,  54% used [0x3ca40000, 0x3d0c8030, 0x3d0c8200, 0x3d640000)
Event: 235.775 GC heap after
Heap after GC invocations=21 (full 1):
 def new generation   total 4992K, used 189K [0x28040000, 0x285a0000, 0x2d590000)
  eden space 4480K,   0% used [0x28040000, 0x28040000, 0x284a0000)
  from space 512K,  36% used [0x28520000, 0x2854f4d0, 0x285a0000)
  to   space 512K,   0% used [0x284a0000, 0x284a0000, 0x28520000)
 tenured generation   total 10944K, used 9459K [0x2d590000, 0x2e040000, 0x38040000)
   the space 10944K,  86% used [0x2d590000, 0x2decce48, 0x2decd000, 0x2e040000)
 compacting perm gen  total 12288K, used 3237K [0x38040000, 0x38c40000, 0x3c040000)
   the space 12288K,  26% used [0x38040000, 0x383694a0, 0x38369600, 0x38c40000)
    ro space 10240K,  45% used [0x3c040000, 0x3c4c4988, 0x3c4c4a00, 0x3ca40000)
    rw space 12288K,  54% used [0x3ca40000, 0x3d0c8030, 0x3d0c8200, 0x3d640000)
}

Deoptimization events (0 events):
No events

Internal exceptions (10 events):
Event: 183.787 Thread 0x049c4c00 Threw 0x2837cd58 at C:\jdk7u2_32P\jdk7u6\hotspot\src\share\vm\prims\jvm.cpp:1166
Event: 183.788 Thread 0x049c4c00 Threw 0x28381650 at C:\jdk7u2_32P\jdk7u6\hotspot\src\share\vm\prims\jvm.cpp:1166
Event: 183.798 Thread 0x049c4c00 Threw 0x283842b0 at C:\jdk7u2_32P\jdk7u6\hotspot\src\share\vm\prims\jvm.cpp:1166
Event: 183.807 Thread 0x049c4c00 Threw 0x28388168 at C:\jdk7u2_32P\jdk7u6\hotspot\src\share\vm\prims\jvm.cpp:1166
Event: 183.896 Thread 0x049c4c00 Threw 0x2819ee70 at C:\jdk7u2_32P\jdk7u6\hotspot\src\share\vm\prims\jvm.cpp:1166
Event: 183.915 Thread 0x049c4c00 Threw 0x281a2cf0 at C:\jdk7u2_32P\jdk7u6\hotspot\src\share\vm\prims\jvm.cpp:1166
Event: 183.924 Thread 0x049c4c00 Threw 0x281a4b20 at C:\jdk7u2_32P\jdk7u6\hotspot\src\share\vm\prims\jvm.cpp:1166
Event: 183.932 Thread 0x049c4c00 Threw 0x281a8ba8 at C:\jdk7u2_32P\jdk7u6\hotspot\src\share\vm\prims\jvm.cpp:1166
Event: 183.936 Thread 0x049c4c00 Threw 0x281af7e0 at C:\jdk7u2_32P\jdk7u6\hotspot\src\share\vm\prims\jvm.cpp:1166
Event: 183.979 Thread 0x049c4c00 Threw 0x281f7fc8 at C:\jdk7u2_32P\jdk7u6\hotspot\src\share\vm\prims\jvm.cpp:1166

Events (10 events):
Event: 235.776 Executing VM operation: RevokeBias
Event: 235.776 Executing VM operation: RevokeBias done
Event: 235.776 Executing VM operation: RevokeBias
Event: 235.776 Executing VM operation: RevokeBias done
Event: 235.776 Executing VM operation: RevokeBias
Event: 235.776 Executing VM operation: RevokeBias done
Event: 235.777 Executing VM operation: RevokeBias
Event: 235.777 Executing VM operation: RevokeBias done
Event: 248.969 Executing VM operation: BulkRevokeBias
Event: 248.969 Executing VM operation: BulkRevokeBias done


Dynamic libraries:
0x00d80000 - 0x00daf000 	C:\Program Files (x86)\Java\jdk1.7.0_06\bin\java.exe
0x77700000 - 0x77857000 	C:\Windows\SYSTEM32\ntdll.dll
0x75800000 - 0x75930000 	C:\Windows\SYSTEM32\KERNEL32.DLL
0x755a0000 - 0x75646000 	C:\Windows\SYSTEM32\KERNELBASE.dll
0x74240000 - 0x742e7000 	C:\Windows\system32\apphelp.dll
0x75f90000 - 0x7603e000 	C:\Windows\SYSTEM32\ADVAPI32.dll
0x75100000 - 0x75216000 	C:\Windows\SYSTEM32\USER32.dll
0x6c3c0000 - 0x6c5b7000 	C:\Windows\WinSxS\x86_microsoft.windows.common-controls_6595b64144ccf1df_6.0.9200.16384_none_893961408605e985\COMCTL32.dll
0x74e20000 - 0x74ed1000 	C:\Windows\SYSTEM32\msvcrt.dll
0x76040000 - 0x76074000 	C:\Windows\SYSTEM32\sechost.dll
0x77590000 - 0x7763c000 	C:\Windows\SYSTEM32\RPCRT4.dll
0x763c0000 - 0x764bd000 	C:\Windows\SYSTEM32\GDI32.dll
0x74da0000 - 0x74dbc000 	C:\Windows\SYSTEM32\SspiCli.dll
0x74d90000 - 0x74d99000 	C:\Windows\SYSTEM32\CRYPTBASE.dll
0x74d30000 - 0x74d81000 	C:\Windows\SYSTEM32\bcryptPrimitives.dll
0x76170000 - 0x76190000 	C:\Windows\system32\IMM32.DLL
0x75be0000 - 0x75cbc000 	C:\Windows\SYSTEM32\MSCTF.dll
0x59d30000 - 0x59dee000 	C:\Program Files (x86)\Java\jdk1.7.0_06\jre\bin\msvcr100.dll
0x59df0000 - 0x5a13c000 	C:\Program Files (x86)\Java\jdk1.7.0_06\jre\bin\client\jvm.dll
0x5e9b0000 - 0x5e9b8000 	C:\Windows\SYSTEM32\WSOCK32.dll
0x74210000 - 0x74231000 	C:\Windows\SYSTEM32\WINMM.dll
0x75590000 - 0x75596000 	C:\Windows\SYSTEM32\PSAPI.DLL
0x75eb0000 - 0x75f00000 	C:\Windows\SYSTEM32\WS2_32.dll
0x741e0000 - 0x7420a000 	C:\Windows\SYSTEM32\WINMMBASE.dll
0x75650000 - 0x75658000 	C:\Windows\SYSTEM32\NSI.dll
0x69bd0000 - 0x69bdc000 	C:\Program Files (x86)\Java\jdk1.7.0_06\jre\bin\verify.dll
0x5cc30000 - 0x5cc50000 	C:\Program Files (x86)\Java\jdk1.7.0_06\jre\bin\java.dll
0x5cbe0000 - 0x5cbf3000 	C:\Program Files (x86)\Java\jdk1.7.0_06\jre\bin\zip.dll
0x59b80000 - 0x59cc2000 	C:\Program Files (x86)\Java\jdk1.7.0_06\jre\bin\awt.dll
0x75f00000 - 0x75f8b000 	C:\Windows\SYSTEM32\OLEAUT32.dll
0x75450000 - 0x75586000 	C:\Windows\SYSTEM32\combase.dll
0x6e290000 - 0x6e318000 	C:\Windows\system32\uxtheme.dll
0x68d70000 - 0x68eeb000 	C:\Program Files (x86)\360\Total Security\safemon\safemon.dll
0x764c0000 - 0x77585000 	C:\Windows\SYSTEM32\SHELL32.dll
0x75670000 - 0x75789000 	C:\Windows\SYSTEM32\ole32.dll
0x75e70000 - 0x75eb0000 	C:\Windows\SYSTEM32\SHLWAPI.dll
0x74b80000 - 0x74b88000 	C:\Windows\SYSTEM32\VERSION.dll
0x74ba0000 - 0x74bb2000 	C:\Windows\SYSTEM32\NETAPI32.dll
0x74a70000 - 0x74a7b000 	C:\Windows\SYSTEM32\netutils.dll
0x74a50000 - 0x74a6c000 	C:\Windows\SYSTEM32\srvcli.dll
0x74a40000 - 0x74a50000 	C:\Windows\SYSTEM32\wkscli.dll
0x749a0000 - 0x74a15000 	C:\Windows\SYSTEM32\shcore.dll
0x74980000 - 0x74991000 	C:\Windows\SYSTEM32\profapi.dll
0x69c20000 - 0x69c89000 	C:\Program Files (x86)\Common Files\microsoft shared\ink\tiptsf.dll
0x6e250000 - 0x6e269000 	C:\Windows\SYSTEM32\dwmapi.dll
0x59b50000 - 0x59b7a000 	C:\Program Files (x86)\Java\jdk1.7.0_06\jre\bin\fontmanager.dll
0x59cd0000 - 0x59ce4000 	C:\Program Files (x86)\Java\jdk1.7.0_06\jre\bin\net.dll
0x748f0000 - 0x7493a000 	C:\Windows\system32\mswsock.dll
0x5d250000 - 0x5d25f000 	C:\Program Files (x86)\Java\jdk1.7.0_06\jre\bin\nio.dll
0x760d0000 - 0x76144000 	C:\Windows\SYSTEM32\clbcatq.dll
0x69c90000 - 0x69dd6000 	C:\Windows\SYSTEM32\WindowsCodecs.dll
0x59b10000 - 0x59b41000 	C:\Program Files (x86)\Java\jdk1.7.0_06\jre\bin\t2k.dll
0x6c5c0000 - 0x6c610000 	C:\Windows\SYSTEM32\oleacc.dll
0x59ae0000 - 0x59b04000 	C:\Program Files (x86)\Java\jdk1.7.0_06\jre\bin\dcpr.dll
0x6b0c0000 - 0x6b126000 	C:\Users\CHARLES\AppData\Local\Temp\sqlitejdbc.dll
0x74c00000 - 0x74d29000 	C:\Windows\SYSTEM32\dbghelp.dll

VM Arguments:
jvm_args: -Dfile.encoding=UTF-8 
java_command: View.LoginGUi
Launcher Type: SUN_STANDARD

Environment Variables:
JAVA_HOME=C:\Program Files\Java\jdk1.7.0_79
JRE_HOME=C:\Program Files\Java\jre7
PATH=C:\Program Files\Java\jdk1.7.0_79\bin;C:\Program Files (x86)\Skype\Phone\;C:\Program Files\RogueKiller;C:\Program Files (x86)\Jar2Exe Wizard\
USERNAME=CHARLES
OS=Windows_NT
PROCESSOR_IDENTIFIER=Intel64 Family 6 Model 69 Stepping 1, GenuineIntel



---------------  S Y S T E M  ---------------

OS: Windows 8 , 64 bit Build 9200 

CPU:total 4 (2 cores per cpu, 2 threads per core) family 6 model 69 stepping 1, cmov, cx8, fxsr, mmx, sse, sse2, sse3, ssse3, sse4.1, sse4.2, popcnt, avx, avx2, ht, tsc, tscinvbit

Memory: 4k page, physical 4127020k(1461672k free), swap 8583468k(4761848k free)

vm_info: Java HotSpot(TM) Client VM (23.2-b09) for windows-x86 JRE (1.7.0_06-b24), built on Aug  9 2012 23:02:07 by "java_re" with unknown MS VC++:1600

time: Sun Jul 17 12:36:16 2016
elapsed time: 256 seconds

