#
# A fatal error has been detected by the Java Runtime Environment:
#
#  EXCEPTION_ACCESS_VIOLATION (0xc0000005) at pc=0x6b0dc323, pid=8444, tid=3076
#
# JRE version: 7.0_06-b24
# Java VM: Java HotSpot(TM) Client VM (23.2-b09 mixed mode, sharing windows-x86 )
# Problematic frame:
# C  [sqlitejdbc.dll+0x1c323]  Java_org_sqlite_NativeDB_column_1metadata+0x1963e
#
# Failed to write core dump. Minidumps are not enabled by default on client versions of Windows
#
# If you would like to submit a bug report, please visit:
#   http://bugreport.sun.com/bugreport/crash.jsp
# The crash happened outside the Java Virtual Machine in native code.
# See problematic frame for where to report the bug.
#

---------------  T H R E A D  ---------------

Current thread (0x04d16000):  JavaThread "AWT-EventQueue-0" [_thread_in_native, id=3076, stack(0x052e0000,0x05330000)]

siginfo: ExceptionCode=0xc0000005, reading address 0x00000000

Registers:
EAX=0x00000000, EBX=0x00000000, ECX=0x04d16128, EDX=0x00000000
ESP=0x0532ef40, EBP=0x0532ef58, ESI=0x00000000, EDI=0x04d16000
EIP=0x6b0dc323, EFLAGS=0x00010246

Top of Stack: (sp=0x0532ef40)
0x0532ef40:   00000004 00000001 00000004 0261b228
0x0532ef50:   382af0e0 00000000 0532ef78 6b0dc5c8
0x0532ef60:   00000000 00000000 00000006 00000008
0x0532ef70:   382af0e0 382af0e0 0532ef88 6b0c201f
0x0532ef80:   00000000 00000000 0532efd0 0266ad7c
0x0532ef90:   04d16128 0532efec 00000000 00000000
0x0532efa0:   00000000 0532efa8 00000001 2824b180
0x0532efb0:   0532efa8 382af0e0 0532efec 382b4988 

Instructions: (pc=0x6b0dc323)
0x6b0dc303:   1f 85 d0 74 1b 8b 03 8b 40 4c 89 04 24 e8 84 94
0x6b0dc313:   fe ff 8d 14 b6 8b 83 f8 00 00 00 8d 04 d0 eb 31
0x6b0dc323:   83 3b 00 74 27 8b 03 8b 40 4c 89 04 24 e8 64 94
0x6b0dc333:   fe ff c7 44 24 08 00 00 00 00 c7 44 24 04 19 00 


Register to memory mapping:

EAX=0x00000000 is an unknown value
EBX=0x00000000 is an unknown value
ECX=0x04d16128 is an unknown value
EDX=0x00000000 is an unknown value
ESP=0x0532ef40 is pointing into the stack for thread: 0x04d16000
EBP=0x0532ef58 is pointing into the stack for thread: 0x04d16000
ESI=0x00000000 is an unknown value
EDI=0x04d16000 is a thread


Stack: [0x052e0000,0x05330000],  sp=0x0532ef40,  free space=315k
Native frames: (J=compiled Java code, j=interpreted, Vv=VM code, C=native code)
C  [sqlitejdbc.dll+0x1c323]  Java_org_sqlite_NativeDB_column_1metadata+0x1963e
C  [sqlitejdbc.dll+0x1c5c8]  Java_org_sqlite_NativeDB_column_1metadata+0x198e3
C  [sqlitejdbc.dll+0x201f]  Java_org_sqlite_NativeDB_column_1type+0x27
j  org.sqlite.NativeDB.column_type(JI)I+0
j  org.sqlite.RS.getObject(I)Ljava/lang/Object;+16
j  net.proteanit.sql.DbUtils.resultSetToTableModel(Ljava/sql/ResultSet;)Ljavax/swing/table/TableModel;+92
j  View.FarmGui.<init>()V+107
j  View.LoginGUi.<init>()V+20
j  View.LoginGUi$2.run()V+4
j  java.awt.event.InvocationEvent.dispatch()V+47
j  java.awt.EventQueue.dispatchEventImpl(Ljava/awt/AWTEvent;Ljava/lang/Object;)V+21
j  java.awt.EventQueue.access$000(Ljava/awt/EventQueue;Ljava/awt/AWTEvent;Ljava/lang/Object;)V+3
j  java.awt.EventQueue$3.run()Ljava/lang/Void;+12
j  java.awt.EventQueue$3.run()Ljava/lang/Object;+1
v  ~StubRoutines::call_stub
V  [jvm.dll+0x12a39a]
V  [jvm.dll+0x1d962e]
V  [jvm.dll+0x12a41d]
V  [jvm.dll+0xd9e0a]
C  [java.dll+0x102f]  Java_java_security_AccessController_doPrivileged__Ljava_security_PrivilegedAction_2Ljava_security_AccessControlContext_2+0x17
j  java.security.ProtectionDomain$1.doIntersectionPrivilege(Ljava/security/PrivilegedAction;Ljava/security/AccessControlContext;Ljava/security/AccessControlContext;)Ljava/lang/Object;+28
j  java.awt.EventQueue.dispatchEvent(Ljava/awt/AWTEvent;)V+46
j  java.awt.EventDispatchThread.pumpOneEventForFilters(I)V+245
j  java.awt.EventDispatchThread.pumpEventsForFilter(ILjava/awt/Conditional;Ljava/awt/EventFilter;)V+48
j  java.awt.EventDispatchThread.pumpEventsForHierarchy(ILjava/awt/Conditional;Ljava/awt/Component;)V+11
j  java.awt.EventDispatchThread.pumpEvents(ILjava/awt/Conditional;)V+4
j  java.awt.EventDispatchThread.pumpEvents(Ljava/awt/Conditional;)V+3
j  java.awt.EventDispatchThread.run()V+9
v  ~StubRoutines::call_stub
V  [jvm.dll+0x12a39a]
V  [jvm.dll+0x1d962e]
V  [jvm.dll+0x12a583]
V  [jvm.dll+0x12a5e7]
V  [jvm.dll+0xd315f]
V  [jvm.dll+0x14a697]
V  [jvm.dll+0x14a800]
V  [jvm.dll+0x17efe9]
C  [msvcr100.dll+0x5c6de]  endthreadex+0x3a
C  [msvcr100.dll+0x5c788]  endthreadex+0xe4
C  [KERNEL32.DLL+0x28543]  BaseThreadInitThunk+0xe
C  [ntdll.dll+0x5ac69]  RtlInitializeExceptionChain+0x85
C  [ntdll.dll+0x5ac3c]  RtlInitializeExceptionChain+0x58

Java frames: (J=compiled Java code, j=interpreted, Vv=VM code)
j  org.sqlite.NativeDB.column_type(JI)I+0
j  org.sqlite.RS.getObject(I)Ljava/lang/Object;+16
j  net.proteanit.sql.DbUtils.resultSetToTableModel(Ljava/sql/ResultSet;)Ljavax/swing/table/TableModel;+92
j  View.FarmGui.<init>()V+107
j  View.LoginGUi.<init>()V+20
j  View.LoginGUi$2.run()V+4
j  java.awt.event.InvocationEvent.dispatch()V+47
j  java.awt.EventQueue.dispatchEventImpl(Ljava/awt/AWTEvent;Ljava/lang/Object;)V+21
j  java.awt.EventQueue.access$000(Ljava/awt/EventQueue;Ljava/awt/AWTEvent;Ljava/lang/Object;)V+3
j  java.awt.EventQueue$3.run()Ljava/lang/Void;+12
j  java.awt.EventQueue$3.run()Ljava/lang/Object;+1
v  ~StubRoutines::call_stub
j  java.security.AccessController.doPrivileged(Ljava/security/PrivilegedAction;Ljava/security/AccessControlContext;)Ljava/lang/Object;+0
j  java.security.ProtectionDomain$1.doIntersectionPrivilege(Ljava/security/PrivilegedAction;Ljava/security/AccessControlContext;Ljava/security/AccessControlContext;)Ljava/lang/Object;+28
j  java.awt.EventQueue.dispatchEvent(Ljava/awt/AWTEvent;)V+46
j  java.awt.EventDispatchThread.pumpOneEventForFilters(I)V+245
j  java.awt.EventDispatchThread.pumpEventsForFilter(ILjava/awt/Conditional;Ljava/awt/EventFilter;)V+48
j  java.awt.EventDispatchThread.pumpEventsForHierarchy(ILjava/awt/Conditional;Ljava/awt/Component;)V+11
j  java.awt.EventDispatchThread.pumpEvents(ILjava/awt/Conditional;)V+4
j  java.awt.EventDispatchThread.pumpEvents(Ljava/awt/Conditional;)V+3
j  java.awt.EventDispatchThread.run()V+9
v  ~StubRoutines::call_stub

---------------  P R O C E S S  ---------------

Java Threads: ( => current thread )
  0x04d8f000 JavaThread "Image Fetcher 0" daemon [_thread_blocked, id=3732, stack(0x05b20000,0x05b70000)]
  0x04d83400 JavaThread "TimerQueue" daemon [_thread_blocked, id=13932, stack(0x05370000,0x053c0000)]
  0x00c4a800 JavaThread "DestroyJavaVM" [_thread_blocked, id=11424, stack(0x00c90000,0x00ce0000)]
=>0x04d16000 JavaThread "AWT-EventQueue-0" [_thread_in_native, id=3076, stack(0x052e0000,0x05330000)]
  0x04cd5800 JavaThread "AWT-Windows" daemon [_thread_in_native, id=2080, stack(0x050b0000,0x05100000)]
  0x04cd5000 JavaThread "AWT-Shutdown" [_thread_blocked, id=7996, stack(0x05020000,0x05070000)]
  0x04cd4c00 JavaThread "Java2D Disposer" daemon [_thread_blocked, id=5388, stack(0x04f90000,0x04fe0000)]
  0x02614800 JavaThread "Service Thread" daemon [_thread_blocked, id=11924, stack(0x04b90000,0x04be0000)]
  0x0260dc00 JavaThread "C1 CompilerThread0" daemon [_thread_blocked, id=15960, stack(0x04b00000,0x04b50000)]
  0x0260c800 JavaThread "Attach Listener" daemon [_thread_blocked, id=10908, stack(0x04a70000,0x04ac0000)]
  0x02609800 JavaThread "Signal Dispatcher" daemon [_thread_blocked, id=11700, stack(0x049e0000,0x04a30000)]
  0x025f4000 JavaThread "Finalizer" daemon [_thread_blocked, id=13824, stack(0x04950000,0x049a0000)]
  0x025f2800 JavaThread "Reference Handler" daemon [_thread_blocked, id=11044, stack(0x048c0000,0x04910000)]

Other Threads:
  0x025f1400 VMThread [stack: 0x04830000,0x04880000] [id=7556]
  0x02624400 WatcherThread [stack: 0x04c20000,0x04c70000] [id=12112]

VM state:not at safepoint (normal execution)

VM Mutex/Monitor currently owned by a thread: None

Heap
 def new generation   total 4928K, used 2820K [0x28040000, 0x28590000, 0x2d590000)
  eden space 4416K,  53% used [0x28040000, 0x2828b078, 0x28490000)
  from space 512K,  92% used [0x28510000, 0x285862c0, 0x28590000)
  to   space 512K,   0% used [0x28490000, 0x28490000, 0x28510000)
 tenured generation   total 10944K, used 2180K [0x2d590000, 0x2e040000, 0x38040000)
   the space 10944K,  19% used [0x2d590000, 0x2d7b1180, 0x2d7b1200, 0x2e040000)
 compacting perm gen  total 12288K, used 2647K [0x38040000, 0x38c40000, 0x3c040000)
   the space 12288K,  21% used [0x38040000, 0x382d5d30, 0x382d5e00, 0x38c40000)
    ro space 10240K,  45% used [0x3c040000, 0x3c4c4988, 0x3c4c4a00, 0x3ca40000)
    rw space 12288K,  54% used [0x3ca40000, 0x3d0c8030, 0x3d0c8200, 0x3d640000)

Card table byte_map: [0x046e0000,0x04790000] byte_map_base: 0x0459fe00

Polling page: 0x00b50000

Code Cache  [0x02660000, 0x027e0000, 0x04660000)
 total_blobs=910 nmethods=673 adapters=171 free_code_cache=31251Kb largest_free_block=32000832

Compilation events (10 events):
Event: 1.602 Thread 0x0260dc00    1 % !         org.xerial.db.sql.sqlite.SQLiteJDBCLoader::md5sum @ 25 (73 bytes)
Event: 1.603 Thread 0x0260dc00 nmethod 1% 0x0270ecc8 code [0x0270ee70, 0x0270f288]
Event: 1.619 Thread 0x0260dc00  670             sun.security.provider.MD5::implCompress (1508 bytes)
Event: 1.622 Thread 0x0260dc00 nmethod 670 0x027d8b88 code [0x027d8cc0, 0x027d9a5c]
Event: 1.622 Thread 0x0260dc00  671             sun.security.provider.ByteArrayAccess::b2iLittle64 (586 bytes)
Event: 1.622 Thread 0x0260dc00 nmethod 671 0x027d9f88 code [0x027da0a0, 0x027da3b0]
Event: 1.650 Thread 0x0260dc00  672   !         org.xerial.db.sql.sqlite.SQLiteJDBCLoader::md5sum (73 bytes)
Event: 1.650 Thread 0x0260dc00 nmethod 672 0x027da608 code [0x027da7b0, 0x027dace4]
Event: 1.693 Thread 0x0260dc00  673             java.util.WeakHashMap::indexFor (6 bytes)
Event: 1.693 Thread 0x0260dc00 nmethod 673 0x027db308 code [0x027db400, 0x027db470]

GC Heap History (6 events):
Event: 0.426 GC heap before
{Heap before GC invocations=0 (full 0):
 def new generation   total 4928K, used 4416K [0x28040000, 0x28590000, 0x2d590000)
  eden space 4416K, 100% used [0x28040000, 0x28490000, 0x28490000)
  from space 512K,   0% used [0x28490000, 0x28490000, 0x28510000)
  to   space 512K,   0% used [0x28510000, 0x28510000, 0x28590000)
 tenured generation   total 10944K, used 0K [0x2d590000, 0x2e040000, 0x38040000)
   the space 10944K,   0% used [0x2d590000, 0x2d590000, 0x2d590200, 0x2e040000)
 compacting perm gen  total 12288K, used 1821K [0x38040000, 0x38c40000, 0x3c040000)
   the space 12288K,  14% used [0x38040000, 0x38207690, 0x38207800, 0x38c40000)
    ro space 10240K,  45% used [0x3c040000, 0x3c4c4988, 0x3c4c4a00, 0x3ca40000)
    rw space 12288K,  54% used [0x3ca40000, 0x3d0c8030, 0x3d0c8200, 0x3d640000)
Event: 0.437 GC heap after
Heap after GC invocations=1 (full 0):
 def new generation   total 4928K, used 512K [0x28040000, 0x28590000, 0x2d590000)
  eden space 4416K,   0% used [0x28040000, 0x28040000, 0x28490000)
  from space 512K, 100% used [0x28510000, 0x28590000, 0x28590000)
  to   space 512K,   0% used [0x28490000, 0x28490000, 0x28510000)
 tenured generation   total 10944K, used 758K [0x2d590000, 0x2e040000, 0x38040000)
   the space 10944K,   6% used [0x2d590000, 0x2d64db48, 0x2d64dc00, 0x2e040000)
 compacting perm gen  total 12288K, used 1821K [0x38040000, 0x38c40000, 0x3c040000)
   the space 12288K,  14% used [0x38040000, 0x38207690, 0x38207800, 0x38c40000)
    ro space 10240K,  45% used [0x3c040000, 0x3c4c4988, 0x3c4c4a00, 0x3ca40000)
    rw space 12288K,  54% used [0x3ca40000, 0x3d0c8030, 0x3d0c8200, 0x3d640000)
}
Event: 0.679 GC heap before
{Heap before GC invocations=1 (full 0):
 def new generation   total 4928K, used 4928K [0x28040000, 0x28590000, 0x2d590000)
  eden space 4416K, 100% used [0x28040000, 0x28490000, 0x28490000)
  from space 512K, 100% used [0x28510000, 0x28590000, 0x28590000)
  to   space 512K,   0% used [0x28490000, 0x28490000, 0x28510000)
 tenured generation   total 10944K, used 758K [0x2d590000, 0x2e040000, 0x38040000)
   the space 10944K,   6% used [0x2d590000, 0x2d64db48, 0x2d64dc00, 0x2e040000)
 compacting perm gen  total 12288K, used 2100K [0x38040000, 0x38c40000, 0x3c040000)
   the space 12288K,  17% used [0x38040000, 0x3824d0f0, 0x3824d200, 0x38c40000)
    ro space 10240K,  45% used [0x3c040000, 0x3c4c4988, 0x3c4c4a00, 0x3ca40000)
    rw space 12288K,  54% used [0x3ca40000, 0x3d0c8030, 0x3d0c8200, 0x3d640000)
Event: 0.689 GC heap after
Heap after GC invocations=2 (full 0):
 def new generation   total 4928K, used 512K [0x28040000, 0x28590000, 0x2d590000)
  eden space 4416K,   0% used [0x28040000, 0x28040000, 0x28490000)
  from space 512K, 100% used [0x28490000, 0x28510000, 0x28510000)
  to   space 512K,   0% used [0x28510000, 0x28510000, 0x28590000)
 tenured generation   total 10944K, used 1687K [0x2d590000, 0x2e040000, 0x38040000)
   the space 10944K,  15% used [0x2d590000, 0x2d735df8, 0x2d735e00, 0x2e040000)
 compacting perm gen  total 12288K, used 2100K [0x38040000, 0x38c40000, 0x3c040000)
   the space 12288K,  17% used [0x38040000, 0x3824d0f0, 0x3824d200, 0x38c40000)
    ro space 10240K,  45% used [0x3c040000, 0x3c4c4988, 0x3c4c4a00, 0x3ca40000)
    rw space 12288K,  54% used [0x3ca40000, 0x3d0c8030, 0x3d0c8200, 0x3d640000)
}
Event: 1.358 GC heap before
{Heap before GC invocations=2 (full 0):
 def new generation   total 4928K, used 4928K [0x28040000, 0x28590000, 0x2d590000)
  eden space 4416K, 100% used [0x28040000, 0x28490000, 0x28490000)
  from space 512K, 100% used [0x28490000, 0x28510000, 0x28510000)
  to   space 512K,   0% used [0x28510000, 0x28510000, 0x28590000)
 tenured generation   total 10944K, used 1687K [0x2d590000, 0x2e040000, 0x38040000)
   the space 10944K,  15% used [0x2d590000, 0x2d735df8, 0x2d735e00, 0x2e040000)
 compacting perm gen  total 12288K, used 2131K [0x38040000, 0x38c40000, 0x3c040000)
   the space 12288K,  17% used [0x38040000, 0x38254fa0, 0x38255000, 0x38c40000)
    ro space 10240K,  45% used [0x3c040000, 0x3c4c4988, 0x3c4c4a00, 0x3ca40000)
    rw space 12288K,  54% used [0x3ca40000, 0x3d0c8030, 0x3d0c8200, 0x3d640000)
Event: 1.367 GC heap after
Heap after GC invocations=3 (full 0):
 def new generation   total 4928K, used 472K [0x28040000, 0x28590000, 0x2d590000)
  eden space 4416K,   0% used [0x28040000, 0x28040000, 0x28490000)
  from space 512K,  92% used [0x28510000, 0x285862c0, 0x28590000)
  to   space 512K,   0% used [0x28490000, 0x28490000, 0x28510000)
 tenured generation   total 10944K, used 2180K [0x2d590000, 0x2e040000, 0x38040000)
   the space 10944K,  19% used [0x2d590000, 0x2d7b1180, 0x2d7b1200, 0x2e040000)
 compacting perm gen  total 12288K, used 2131K [0x38040000, 0x38c40000, 0x3c040000)
   the space 12288K,  17% used [0x38040000, 0x38254fa0, 0x38255000, 0x38c40000)
    ro space 10240K,  45% used [0x3c040000, 0x3c4c4988, 0x3c4c4a00, 0x3ca40000)
    rw space 12288K,  54% used [0x3ca40000, 0x3d0c8030, 0x3d0c8200, 0x3d640000)
}

Deoptimization events (0 events):
No events

Internal exceptions (10 events):
Event: 1.588 Thread 0x04d16000 Threw 0x2820ff28 at C:\jdk7u2_32P\jdk7u6\hotspot\src\share\vm\prims\jvm.cpp:1166
Event: 1.589 Thread 0x04d16000 Threw 0x28213310 at C:\jdk7u2_32P\jdk7u6\hotspot\src\share\vm\prims\jvm.cpp:1166
Event: 1.590 Thread 0x04d16000 Threw 0x28219448 at C:\jdk7u2_32P\jdk7u6\hotspot\src\share\vm\prims\jvm.cpp:1166
Event: 1.591 Thread 0x04d16000 Threw 0x28220020 at C:\jdk7u2_32P\jdk7u6\hotspot\src\share\vm\prims\jvm.cpp:1166
Event: 1.682 Thread 0x04d16000 Threw 0x282495d8 at C:\jdk7u2_32P\jdk7u6\hotspot\src\share\vm\prims\jvm.cpp:1166
Event: 1.684 Thread 0x04d16000 Threw 0x2824bc08 at C:\jdk7u2_32P\jdk7u6\hotspot\src\share\vm\prims\jvm.cpp:1166
Event: 1.684 Thread 0x04d16000 Threw 0x28253db8 at C:\jdk7u2_32P\jdk7u6\hotspot\src\share\vm\prims\jvm.cpp:1166
Event: 1.685 Thread 0x04d16000 Threw 0x28259870 at C:\jdk7u2_32P\jdk7u6\hotspot\src\share\vm\prims\jvm.cpp:1166
Event: 1.689 Thread 0x04d16000 Threw 0x28264408 at C:\jdk7u2_32P\jdk7u6\hotspot\src\share\vm\prims\jvm.cpp:1166
Event: 1.692 Thread 0x04d16000 Threw 0x2826f980 at C:\jdk7u2_32P\jdk7u6\hotspot\src\share\vm\prims\jvm.cpp:1166

Events (10 events):
Event: 1.685 loading class 0x062d0c88
Event: 1.685 loading class 0x062d0c88 done
Event: 1.687 loading class 0x02659ef0
Event: 1.687 loading class 0x02659ef0 done
Event: 1.688 loading class 0x0625e708
Event: 1.688 loading class 0x0625e708 done
Event: 1.689 loading class 0x062d0d50
Event: 1.689 loading class 0x062d0d50 done
Event: 1.692 loading class 0x04d29a70
Event: 1.692 loading class 0x04d29a70 done


Dynamic libraries:
0x001d0000 - 0x001ff000 	C:\Program Files (x86)\Java\jdk1.7.0_06\bin\java.exe
0x77610000 - 0x77767000 	C:\Windows\SYSTEM32\ntdll.dll
0x76080000 - 0x761b0000 	C:\Windows\SYSTEM32\KERNEL32.DLL
0x76810000 - 0x768b6000 	C:\Windows\SYSTEM32\KERNELBASE.dll
0x74b90000 - 0x74c37000 	C:\Windows\system32\apphelp.dll
0x770c0000 - 0x7716e000 	C:\Windows\SYSTEM32\ADVAPI32.dll
0x76c80000 - 0x76d96000 	C:\Windows\SYSTEM32\USER32.dll
0x6cb60000 - 0x6cd57000 	C:\Windows\WinSxS\x86_microsoft.windows.common-controls_6595b64144ccf1df_6.0.9200.16384_none_893961408605e985\COMCTL32.dll
0x74ef0000 - 0x74fa1000 	C:\Windows\SYSTEM32\msvcrt.dll
0x767d0000 - 0x76804000 	C:\Windows\SYSTEM32\sechost.dll
0x76520000 - 0x765cc000 	C:\Windows\SYSTEM32\RPCRT4.dll
0x76e10000 - 0x76f0d000 	C:\Windows\SYSTEM32\GDI32.dll
0x74cb0000 - 0x74ccc000 	C:\Windows\SYSTEM32\SspiCli.dll
0x74ca0000 - 0x74ca9000 	C:\Windows\SYSTEM32\CRYPTBASE.dll
0x74c40000 - 0x74c91000 	C:\Windows\SYSTEM32\bcryptPrimitives.dll
0x765d0000 - 0x765f0000 	C:\Windows\system32\IMM32.DLL
0x74e10000 - 0x74eec000 	C:\Windows\SYSTEM32\MSCTF.dll
0x68d20000 - 0x68dde000 	C:\Program Files (x86)\Java\jdk1.7.0_06\jre\bin\msvcr100.dll
0x68de0000 - 0x6912c000 	C:\Program Files (x86)\Java\jdk1.7.0_06\jre\bin\client\jvm.dll
0x696f0000 - 0x696f8000 	C:\Windows\SYSTEM32\WSOCK32.dll
0x74b30000 - 0x74b51000 	C:\Windows\SYSTEM32\WINMM.dll
0x76a20000 - 0x76a26000 	C:\Windows\SYSTEM32\PSAPI.DLL
0x765f0000 - 0x76640000 	C:\Windows\SYSTEM32\WS2_32.dll
0x74a80000 - 0x74aaa000 	C:\Windows\SYSTEM32\WINMMBASE.dll
0x76e00000 - 0x76e08000 	C:\Windows\SYSTEM32\NSI.dll
0x742d0000 - 0x742dc000 	C:\Program Files (x86)\Java\jdk1.7.0_06\jre\bin\verify.dll
0x6a320000 - 0x6a340000 	C:\Program Files (x86)\Java\jdk1.7.0_06\jre\bin\java.dll
0x696d0000 - 0x696e3000 	C:\Program Files (x86)\Java\jdk1.7.0_06\jre\bin\zip.dll
0x68bd0000 - 0x68d12000 	C:\Program Files (x86)\Java\jdk1.7.0_06\jre\bin\awt.dll
0x76f10000 - 0x76f9b000 	C:\Windows\SYSTEM32\OLEAUT32.dll
0x77170000 - 0x772a6000 	C:\Windows\SYSTEM32\combase.dll
0x6e9a0000 - 0x6ea28000 	C:\Windows\system32\uxtheme.dll
0x69c30000 - 0x69dac000 	C:\Program Files (x86)\360\Total Security\safemon\safemon.dll
0x74fb0000 - 0x76075000 	C:\Windows\SYSTEM32\SHELL32.dll
0x76fa0000 - 0x770b9000 	C:\Windows\SYSTEM32\ole32.dll
0x76960000 - 0x769a0000 	C:\Windows\SYSTEM32\SHLWAPI.dll
0x74af0000 - 0x74af8000 	C:\Windows\SYSTEM32\VERSION.dll
0x74ad0000 - 0x74ae2000 	C:\Windows\SYSTEM32\NETAPI32.dll
0x74a60000 - 0x74a6b000 	C:\Windows\SYSTEM32\netutils.dll
0x74a40000 - 0x74a5c000 	C:\Windows\SYSTEM32\srvcli.dll
0x74a30000 - 0x74a40000 	C:\Windows\SYSTEM32\wkscli.dll
0x748a0000 - 0x74915000 	C:\Windows\SYSTEM32\shcore.dll
0x74ab0000 - 0x74ac1000 	C:\Windows\SYSTEM32\profapi.dll
0x6a5b0000 - 0x6a619000 	C:\Program Files (x86)\Common Files\microsoft shared\ink\tiptsf.dll
0x707d0000 - 0x707e9000 	C:\Windows\SYSTEM32\dwmapi.dll
0x693c0000 - 0x693ea000 	C:\Program Files (x86)\Java\jdk1.7.0_06\jre\bin\fontmanager.dll
0x69660000 - 0x69674000 	C:\Program Files (x86)\Java\jdk1.7.0_06\jre\bin\net.dll
0x743d0000 - 0x7441a000 	C:\Windows\system32\mswsock.dll
0x740c0000 - 0x740cf000 	C:\Program Files (x86)\Java\jdk1.7.0_06\jre\bin\nio.dll
0x68b90000 - 0x68bc1000 	C:\Program Files (x86)\Java\jdk1.7.0_06\jre\bin\t2k.dll
0x769a0000 - 0x76a14000 	C:\Windows\SYSTEM32\clbcatq.dll
0x6a050000 - 0x6a196000 	C:\Windows\SYSTEM32\WindowsCodecs.dll
0x6b0c0000 - 0x6b126000 	C:\Users\CHARLES\AppData\Local\Temp\sqlitejdbc.dll
0x74710000 - 0x74839000 	C:\Windows\SYSTEM32\dbghelp.dll

VM Arguments:
jvm_args: -Dfile.encoding=UTF-8 
java_command: View.LoginGUi
Launcher Type: SUN_STANDARD

Environment Variables:
JAVA_HOME=C:\Program Files\Java\jdk1.7.0_79
JRE_HOME=C:\Program Files\Java\jre7
PATH=C:\Program Files\Java\jdk1.7.0_79\bin;C:\Program Files (x86)\Jar2Exe Wizard\
USERNAME=CHARLES
OS=Windows_NT
PROCESSOR_IDENTIFIER=Intel64 Family 6 Model 69 Stepping 1, GenuineIntel



---------------  S Y S T E M  ---------------

OS: Windows 8 , 64 bit Build 9200 

CPU:total 4 (2 cores per cpu, 2 threads per core) family 6 model 69 stepping 1, cmov, cx8, fxsr, mmx, sse, sse2, sse3, ssse3, sse4.1, sse4.2, popcnt, avx, avx2, ht, tsc, tscinvbit

Memory: 4k page, physical 4127020k(1168168k free), swap 8845612k(4225216k free)

vm_info: Java HotSpot(TM) Client VM (23.2-b09) for windows-x86 JRE (1.7.0_06-b24), built on Aug  9 2012 23:02:07 by "java_re" with unknown MS VC++:1600

time: Mon Jul 04 19:55:21 2016
elapsed time: 1 seconds

