#
# A fatal error has been detected by the Java Runtime Environment:
#
#  EXCEPTION_ACCESS_VIOLATION (0xc0000005) at pc=0x6b0dc323, pid=4568, tid=8124
#
# JRE version: 7.0_06-b24
# Java VM: Java HotSpot(TM) Client VM (23.2-b09 mixed mode, sharing windows-x86 )
# Problematic frame:
# C  [sqlitejdbc.dll+0x1c323]  Java_org_sqlite_NativeDB_column_1metadata+0x1963e
#
# Failed to write core dump. Minidumps are not enabled by default on client versions of Windows
#
# If you would like to submit a bug report, please visit:
#   http://bugreport.sun.com/bugreport/crash.jsp
# The crash happened outside the Java Virtual Machine in native code.
# See problematic frame for where to report the bug.
#

---------------  T H R E A D  ---------------

Current thread (0x044a5c00):  JavaThread "AWT-EventQueue-0" [_thread_in_native, id=8124, stack(0x05390000,0x053e0000)]

siginfo: ExceptionCode=0xc0000005, reading address 0x00000000

Registers:
EAX=0x00000000, EBX=0x00000000, ECX=0x044a5d28, EDX=0x00000000
ESP=0x053de5f0, EBP=0x053de608, ESI=0x00000000, EDI=0x044a5c00
EIP=0x6b0dc323, EFLAGS=0x00010246

Top of Stack: (sp=0x053de5f0)
0x053de5f0:   000000bd 053de60c 611bed40 00000001
0x053de600:   382b1258 00000000 053de628 6b0dc5c8
0x053de610:   00000000 00000000 00000006 00000008
0x053de620:   382b1258 382b1258 053de638 6b0c201f
0x053de630:   00000000 00000000 053de684 0207ad7c
0x053de640:   044a5d28 053de6a0 00000000 00000000
0x053de650:   00000000 053de67c 053de65c 044a5c05
0x053de660:   280eed10 053de65c 00000000 053de6a0 

Instructions: (pc=0x6b0dc323)
0x6b0dc303:   1f 85 d0 74 1b 8b 03 8b 40 4c 89 04 24 e8 84 94
0x6b0dc313:   fe ff 8d 14 b6 8b 83 f8 00 00 00 8d 04 d0 eb 31
0x6b0dc323:   83 3b 00 74 27 8b 03 8b 40 4c 89 04 24 e8 64 94
0x6b0dc333:   fe ff c7 44 24 08 00 00 00 00 c7 44 24 04 19 00 


Register to memory mapping:

EAX=0x00000000 is an unknown value
EBX=0x00000000 is an unknown value
ECX=0x044a5d28 is an unknown value
EDX=0x00000000 is an unknown value
ESP=0x053de5f0 is pointing into the stack for thread: 0x044a5c00
EBP=0x053de608 is pointing into the stack for thread: 0x044a5c00
ESI=0x00000000 is an unknown value
EDI=0x044a5c00 is a thread


Stack: [0x05390000,0x053e0000],  sp=0x053de5f0,  free space=313k
Native frames: (J=compiled Java code, j=interpreted, Vv=VM code, C=native code)
C  [sqlitejdbc.dll+0x1c323]  Java_org_sqlite_NativeDB_column_1metadata+0x1963e
C  [sqlitejdbc.dll+0x1c5c8]  Java_org_sqlite_NativeDB_column_1metadata+0x198e3
C  [sqlitejdbc.dll+0x201f]  Java_org_sqlite_NativeDB_column_1type+0x27
j  org.sqlite.NativeDB.column_type(JI)I+0
j  org.sqlite.RS.getObject(I)Ljava/lang/Object;+16
j  net.proteanit.sql.DbUtils.resultSetToTableModel(Ljava/sql/ResultSet;)Ljavax/swing/table/TableModel;+92
j  View.ReportingGui.productActionsActionPerformed(Ljava/awt/event/ActionEvent;)V+199
j  View.ReportingGui.access$100(LView/ReportingGui;Ljava/awt/event/ActionEvent;)V+2
j  View.ReportingGui$3.actionPerformed(Ljava/awt/event/ActionEvent;)V+5
j  javax.swing.AbstractButton.fireActionPerformed(Ljava/awt/event/ActionEvent;)V+84
j  javax.swing.AbstractButton$Handler.actionPerformed(Ljava/awt/event/ActionEvent;)V+5
j  javax.swing.DefaultButtonModel.fireActionPerformed(Ljava/awt/event/ActionEvent;)V+35
j  javax.swing.DefaultButtonModel.setPressed(Z)V+117
j  javax.swing.plaf.basic.BasicButtonListener.mouseReleased(Ljava/awt/event/MouseEvent;)V+35
j  java.awt.Component.processMouseEvent(Ljava/awt/event/MouseEvent;)V+64
j  javax.swing.JComponent.processMouseEvent(Ljava/awt/event/MouseEvent;)V+23
j  java.awt.Component.processEvent(Ljava/awt/AWTEvent;)V+81
j  java.awt.Container.processEvent(Ljava/awt/AWTEvent;)V+18
j  java.awt.Component.dispatchEventImpl(Ljava/awt/AWTEvent;)V+581
J  java.awt.Container.dispatchEventImpl(Ljava/awt/AWTEvent;)V
j  java.awt.LightweightDispatcher.dispatchEvent(Ljava/awt/AWTEvent;)Z+50
J  java.awt.Container.dispatchEventImpl(Ljava/awt/AWTEvent;)V
J  java.awt.EventQueue.dispatchEventImpl(Ljava/awt/AWTEvent;Ljava/lang/Object;)V
V  [jvm.dll+0x12a39a]
V  [jvm.dll+0x1d962e]
V  [jvm.dll+0x12a41d]
V  [jvm.dll+0xd9e0a]
C  [java.dll+0x102f]  Java_java_security_AccessController_doPrivileged__Ljava_security_PrivilegedAction_2Ljava_security_AccessControlContext_2+0x17
J  java.security.ProtectionDomain$1.doIntersectionPrivilege(Ljava/security/PrivilegedAction;Ljava/security/AccessControlContext;Ljava/security/AccessControlContext;)Ljava/lang/Object;
j  java.awt.EventQueue$4.run()Ljava/lang/Void;+11
j  java.awt.EventQueue$4.run()Ljava/lang/Object;+1
v  ~StubRoutines::call_stub
V  [jvm.dll+0x12a39a]
V  [jvm.dll+0x1d962e]
V  [jvm.dll+0x12a41d]
V  [jvm.dll+0xd9e0a]
C  [java.dll+0x102f]  Java_java_security_AccessController_doPrivileged__Ljava_security_PrivilegedAction_2Ljava_security_AccessControlContext_2+0x17
J  java.awt.EventQueue.dispatchEvent(Ljava/awt/AWTEvent;)V
j  java.awt.EventDispatchThread.pumpEventsForHierarchy(ILjava/awt/Conditional;Ljava/awt/Component;)V+11
j  java.awt.EventDispatchThread.pumpEvents(ILjava/awt/Conditional;)V+4
j  java.awt.EventDispatchThread.pumpEvents(Ljava/awt/Conditional;)V+3
j  java.awt.EventDispatchThread.run()V+9
v  ~StubRoutines::call_stub
V  [jvm.dll+0x12a39a]
V  [jvm.dll+0x1d962e]
V  [jvm.dll+0x12a583]
V  [jvm.dll+0x12a5e7]
V  [jvm.dll+0xd315f]
V  [jvm.dll+0x14a697]
V  [jvm.dll+0x14a800]
V  [jvm.dll+0x17efe9]
C  [msvcr100.dll+0x5c6de]  endthreadex+0x3a
C  [msvcr100.dll+0x5c788]  endthreadex+0xe4
C  [KERNEL32.DLL+0x28543]  BaseThreadInitThunk+0xe
C  [ntdll.dll+0x5ac69]  RtlInitializeExceptionChain+0x85
C  [ntdll.dll+0x5ac3c]  RtlInitializeExceptionChain+0x58

Java frames: (J=compiled Java code, j=interpreted, Vv=VM code)
j  org.sqlite.NativeDB.column_type(JI)I+0
j  org.sqlite.RS.getObject(I)Ljava/lang/Object;+16
j  net.proteanit.sql.DbUtils.resultSetToTableModel(Ljava/sql/ResultSet;)Ljavax/swing/table/TableModel;+92
j  View.ReportingGui.productActionsActionPerformed(Ljava/awt/event/ActionEvent;)V+199
j  View.ReportingGui.access$100(LView/ReportingGui;Ljava/awt/event/ActionEvent;)V+2
j  View.ReportingGui$3.actionPerformed(Ljava/awt/event/ActionEvent;)V+5
j  javax.swing.AbstractButton.fireActionPerformed(Ljava/awt/event/ActionEvent;)V+84
j  javax.swing.AbstractButton$Handler.actionPerformed(Ljava/awt/event/ActionEvent;)V+5
j  javax.swing.DefaultButtonModel.fireActionPerformed(Ljava/awt/event/ActionEvent;)V+35
j  javax.swing.DefaultButtonModel.setPressed(Z)V+117
j  javax.swing.plaf.basic.BasicButtonListener.mouseReleased(Ljava/awt/event/MouseEvent;)V+35
j  java.awt.Component.processMouseEvent(Ljava/awt/event/MouseEvent;)V+64
j  javax.swing.JComponent.processMouseEvent(Ljava/awt/event/MouseEvent;)V+23
j  java.awt.Component.processEvent(Ljava/awt/AWTEvent;)V+81
j  java.awt.Container.processEvent(Ljava/awt/AWTEvent;)V+18
j  java.awt.Component.dispatchEventImpl(Ljava/awt/AWTEvent;)V+581
J  java.awt.Container.dispatchEventImpl(Ljava/awt/AWTEvent;)V
J  java.awt.LightweightDispatcher.retargetMouseEvent(Ljava/awt/Component;ILjava/awt/event/MouseEvent;)V
j  java.awt.LightweightDispatcher.processMouseEvent(Ljava/awt/event/MouseEvent;)Z+139
j  java.awt.LightweightDispatcher.dispatchEvent(Ljava/awt/AWTEvent;)Z+50
J  java.awt.Container.dispatchEventImpl(Ljava/awt/AWTEvent;)V
j  java.awt.Window.dispatchEventImpl(Ljava/awt/AWTEvent;)V+19
J  java.awt.EventQueue.dispatchEventImpl(Ljava/awt/AWTEvent;Ljava/lang/Object;)V
J  java.awt.EventQueue$3.run()Ljava/lang/Object;
v  ~StubRoutines::call_stub
J  java.security.AccessController.doPrivileged(Ljava/security/PrivilegedAction;Ljava/security/AccessControlContext;)Ljava/lang/Object;
J  java.security.ProtectionDomain$1.doIntersectionPrivilege(Ljava/security/PrivilegedAction;Ljava/security/AccessControlContext;Ljava/security/AccessControlContext;)Ljava/lang/Object;
j  java.security.ProtectionDomain$1.doIntersectionPrivilege(Ljava/security/PrivilegedAction;Ljava/security/AccessControlContext;)Ljava/lang/Object;+6
j  java.awt.EventQueue$4.run()Ljava/lang/Void;+11
j  java.awt.EventQueue$4.run()Ljava/lang/Object;+1
v  ~StubRoutines::call_stub
J  java.security.AccessController.doPrivileged(Ljava/security/PrivilegedAction;Ljava/security/AccessControlContext;)Ljava/lang/Object;
J  java.awt.EventQueue.dispatchEvent(Ljava/awt/AWTEvent;)V
J  java.awt.EventDispatchThread.pumpOneEventForFilters(I)V
j  java.awt.EventDispatchThread.pumpEventsForFilter(ILjava/awt/Conditional;Ljava/awt/EventFilter;)V+48
j  java.awt.EventDispatchThread.pumpEventsForHierarchy(ILjava/awt/Conditional;Ljava/awt/Component;)V+11
j  java.awt.EventDispatchThread.pumpEvents(ILjava/awt/Conditional;)V+4
j  java.awt.EventDispatchThread.pumpEvents(Ljava/awt/Conditional;)V+3
j  java.awt.EventDispatchThread.run()V+9
v  ~StubRoutines::call_stub

---------------  P R O C E S S  ---------------

Java Threads: ( => current thread )
  0x04469c00 JavaThread "TimerQueue" daemon [_thread_blocked, id=6636, stack(0x05690000,0x056e0000)]
  0x00bba800 JavaThread "DestroyJavaVM" [_thread_blocked, id=1436, stack(0x00460000,0x004b0000)]
=>0x044a5c00 JavaThread "AWT-EventQueue-0" [_thread_in_native, id=8124, stack(0x05390000,0x053e0000)]
  0x0444e800 JavaThread "AWT-Windows" daemon [_thread_in_native, id=1040, stack(0x04c10000,0x04c60000)]
  0x04445c00 JavaThread "AWT-Shutdown" [_thread_blocked, id=2096, stack(0x04b80000,0x04bd0000)]
  0x04443400 JavaThread "Java2D Disposer" daemon [_thread_blocked, id=3360, stack(0x04af0000,0x04b40000)]
  0x009b5000 JavaThread "Service Thread" daemon [_thread_blocked, id=7616, stack(0x042f0000,0x04340000)]
  0x009b0800 JavaThread "C1 CompilerThread0" daemon [_thread_blocked, id=5896, stack(0x04260000,0x042b0000)]
  0x009afc00 JavaThread "Attach Listener" daemon [_thread_blocked, id=2568, stack(0x041d0000,0x04220000)]
  0x009ad400 JavaThread "Signal Dispatcher" daemon [_thread_blocked, id=7372, stack(0x04140000,0x04190000)]
  0x00994400 JavaThread "Finalizer" daemon [_thread_blocked, id=6608, stack(0x040b0000,0x04100000)]
  0x00992800 JavaThread "Reference Handler" daemon [_thread_blocked, id=4092, stack(0x00bc0000,0x00c10000)]

Other Threads:
  0x00991400 VMThread [stack: 0x00b20000,0x00b70000] [id=6392]
  0x009c0000 WatcherThread [stack: 0x04380000,0x043d0000] [id=6984]

VM state:not at safepoint (normal execution)

VM Mutex/Monitor currently owned by a thread: None

Heap
 def new generation   total 4928K, used 911K [0x28040000, 0x28590000, 0x2d590000)
  eden space 4416K,  15% used [0x28040000, 0x280f0370, 0x28490000)
  from space 512K,  40% used [0x28490000, 0x284c3c80, 0x28510000)
  to   space 512K,   0% used [0x28510000, 0x28510000, 0x28590000)
 tenured generation   total 10944K, used 7484K [0x2d590000, 0x2e040000, 0x38040000)
   the space 10944K,  68% used [0x2d590000, 0x2dcdf048, 0x2dcdf200, 0x2e040000)
 compacting perm gen  total 12288K, used 3082K [0x38040000, 0x38c40000, 0x3c040000)
   the space 12288K,  25% used [0x38040000, 0x38342a28, 0x38342c00, 0x38c40000)
    ro space 10240K,  45% used [0x3c040000, 0x3c4c4988, 0x3c4c4a00, 0x3ca40000)
    rw space 12288K,  54% used [0x3ca40000, 0x3d0c8030, 0x3d0c8200, 0x3d640000)

Card table byte_map: [0x00a30000,0x00ae0000] byte_map_base: 0x008efe00

Polling page: 0x00500000

Code Cache  [0x02070000, 0x022b8000, 0x04070000)
 total_blobs=1465 nmethods=1219 adapters=179 free_code_cache=30439Kb largest_free_block=31167424

Compilation events (10 events):
Event: 54.488 Thread 0x009b0800 1227             java.awt.event.InvocationEvent::<init> (46 bytes)
Event: 54.489 Thread 0x009b0800 nmethod 1227 0x022b5a88 code [0x022b5b90, 0x022b5c9c]
Event: 54.956 Thread 0x009b0800 1228             java.awt.event.InvocationEvent::<init> (13 bytes)
Event: 54.957 Thread 0x009b0800 nmethod 1228 0x022b5d08 code [0x022b5e00, 0x022b5eac]
Event: 54.957 Thread 0x009b0800 1229             java.awt.event.InvocationEvent::<init> (9 bytes)
Event: 54.957 Thread 0x009b0800 nmethod 1229 0x022b5f08 code [0x022b6000, 0x022b60ac]
Event: 55.338 Thread 0x009b0800 1230             sun.awt.image.BufImgSurfaceData::getBounds (22 bytes)
Event: 55.338 Thread 0x009b0800 nmethod 1230 0x022b6148 code [0x022b6240, 0x022b6320]
Event: 55.819 Thread 0x009b0800 1231             java.lang.Class::searchMethods (90 bytes)
Event: 55.819 Thread 0x009b0800 nmethod 1231 0x022b63c8 code [0x022b6540, 0x022b6818]

GC Heap History (10 events):
Event: 19.131 GC heap before
{Heap before GC invocations=5 (full 0):
 def new generation   total 4928K, used 4576K [0x28040000, 0x28590000, 0x2d590000)
  eden space 4416K, 100% used [0x28040000, 0x28490000, 0x28490000)
  from space 512K,  31% used [0x28510000, 0x285381a8, 0x28590000)
  to   space 512K,   0% used [0x28490000, 0x28490000, 0x28510000)
 tenured generation   total 10944K, used 6666K [0x2d590000, 0x2e040000, 0x38040000)
   the space 10944K,  60% used [0x2d590000, 0x2dc12bd8, 0x2dc12c00, 0x2e040000)
 compacting perm gen  total 12288K, used 3041K [0x38040000, 0x38c40000, 0x3c040000)
   the space 12288K,  24% used [0x38040000, 0x38338688, 0x38338800, 0x38c40000)
    ro space 10240K,  45% used [0x3c040000, 0x3c4c4988, 0x3c4c4a00, 0x3ca40000)
    rw space 12288K,  54% used [0x3ca40000, 0x3d0c8030, 0x3d0c8200, 0x3d640000)
Event: 19.137 GC heap after
Heap after GC invocations=6 (full 0):
 def new generation   total 4928K, used 512K [0x28040000, 0x28590000, 0x2d590000)
  eden space 4416K,   0% used [0x28040000, 0x28040000, 0x28490000)
  from space 512K, 100% used [0x28490000, 0x28510000, 0x28510000)
  to   space 512K,   0% used [0x28510000, 0x28510000, 0x28590000)
 tenured generation   total 10944K, used 6986K [0x2d590000, 0x2e040000, 0x38040000)
   the space 10944K,  63% used [0x2d590000, 0x2dc62890, 0x2dc62a00, 0x2e040000)
 compacting perm gen  total 12288K, used 3041K [0x38040000, 0x38c40000, 0x3c040000)
   the space 12288K,  24% used [0x38040000, 0x38338688, 0x38338800, 0x38c40000)
    ro space 10240K,  45% used [0x3c040000, 0x3c4c4988, 0x3c4c4a00, 0x3ca40000)
    rw space 12288K,  54% used [0x3ca40000, 0x3d0c8030, 0x3d0c8200, 0x3d640000)
}
Event: 22.728 GC heap before
{Heap before GC invocations=6 (full 0):
 def new generation   total 4928K, used 4928K [0x28040000, 0x28590000, 0x2d590000)
  eden space 4416K, 100% used [0x28040000, 0x28490000, 0x28490000)
  from space 512K, 100% used [0x28490000, 0x28510000, 0x28510000)
  to   space 512K,   0% used [0x28510000, 0x28510000, 0x28590000)
 tenured generation   total 10944K, used 6986K [0x2d590000, 0x2e040000, 0x38040000)
   the space 10944K,  63% used [0x2d590000, 0x2dc62890, 0x2dc62a00, 0x2e040000)
 compacting perm gen  total 12288K, used 3068K [0x38040000, 0x38c40000, 0x3c040000)
   the space 12288K,  24% used [0x38040000, 0x3833f220, 0x3833f400, 0x38c40000)
    ro space 10240K,  45% used [0x3c040000, 0x3c4c4988, 0x3c4c4a00, 0x3ca40000)
    rw space 12288K,  54% used [0x3ca40000, 0x3d0c8030, 0x3d0c8200, 0x3d640000)
Event: 22.732 GC heap after
Heap after GC invocations=7 (full 0):
 def new generation   total 4928K, used 117K [0x28040000, 0x28590000, 0x2d590000)
  eden space 4416K,   0% used [0x28040000, 0x28040000, 0x28490000)
  from space 512K,  22% used [0x28510000, 0x2852d590, 0x28590000)
  to   space 512K,   0% used [0x28490000, 0x28490000, 0x28510000)
 tenured generation   total 10944K, used 7484K [0x2d590000, 0x2e040000, 0x38040000)
   the space 10944K,  68% used [0x2d590000, 0x2dcdf048, 0x2dcdf200, 0x2e040000)
 compacting perm gen  total 12288K, used 3068K [0x38040000, 0x38c40000, 0x3c040000)
   the space 12288K,  24% used [0x38040000, 0x3833f220, 0x3833f400, 0x38c40000)
    ro space 10240K,  45% used [0x3c040000, 0x3c4c4988, 0x3c4c4a00, 0x3ca40000)
    rw space 12288K,  54% used [0x3ca40000, 0x3d0c8030, 0x3d0c8200, 0x3d640000)
}
Event: 31.539 GC heap before
{Heap before GC invocations=7 (full 0):
 def new generation   total 4928K, used 4533K [0x28040000, 0x28590000, 0x2d590000)
  eden space 4416K, 100% used [0x28040000, 0x28490000, 0x28490000)
  from space 512K,  22% used [0x28510000, 0x2852d590, 0x28590000)
  to   space 512K,   0% used [0x28490000, 0x28490000, 0x28510000)
 tenured generation   total 10944K, used 7484K [0x2d590000, 0x2e040000, 0x38040000)
   the space 10944K,  68% used [0x2d590000, 0x2dcdf048, 0x2dcdf200, 0x2e040000)
 compacting perm gen  total 12288K, used 3074K [0x38040000, 0x38c40000, 0x3c040000)
   the space 12288K,  25% used [0x38040000, 0x38340ae0, 0x38340c00, 0x38c40000)
    ro space 10240K,  45% used [0x3c040000, 0x3c4c4988, 0x3c4c4a00, 0x3ca40000)
    rw space 12288K,  54% used [0x3ca40000, 0x3d0c8030, 0x3d0c8200, 0x3d640000)
Event: 31.541 GC heap after
Heap after GC invocations=8 (full 0):
 def new generation   total 4928K, used 212K [0x28040000, 0x28590000, 0x2d590000)
  eden space 4416K,   0% used [0x28040000, 0x28040000, 0x28490000)
  from space 512K,  41% used [0x28490000, 0x284c51b8, 0x28510000)
  to   space 512K,   0% used [0x28510000, 0x28510000, 0x28590000)
 tenured generation   total 10944K, used 7484K [0x2d590000, 0x2e040000, 0x38040000)
   the space 10944K,  68% used [0x2d590000, 0x2dcdf048, 0x2dcdf200, 0x2e040000)
 compacting perm gen  total 12288K, used 3074K [0x38040000, 0x38c40000, 0x3c040000)
   the space 12288K,  25% used [0x38040000, 0x38340ae0, 0x38340c00, 0x38c40000)
    ro space 10240K,  45% used [0x3c040000, 0x3c4c4988, 0x3c4c4a00, 0x3ca40000)
    rw space 12288K,  54% used [0x3ca40000, 0x3d0c8030, 0x3d0c8200, 0x3d640000)
}
Event: 42.446 GC heap before
{Heap before GC invocations=8 (full 0):
 def new generation   total 4928K, used 4628K [0x28040000, 0x28590000, 0x2d590000)
  eden space 4416K, 100% used [0x28040000, 0x28490000, 0x28490000)
  from space 512K,  41% used [0x28490000, 0x284c51b8, 0x28510000)
  to   space 512K,   0% used [0x28510000, 0x28510000, 0x28590000)
 tenured generation   total 10944K, used 7484K [0x2d590000, 0x2e040000, 0x38040000)
   the space 10944K,  68% used [0x2d590000, 0x2dcdf048, 0x2dcdf200, 0x2e040000)
 compacting perm gen  total 12288K, used 3081K [0x38040000, 0x38c40000, 0x3c040000)
   the space 12288K,  25% used [0x38040000, 0x38342530, 0x38342600, 0x38c40000)
    ro space 10240K,  45% used [0x3c040000, 0x3c4c4988, 0x3c4c4a00, 0x3ca40000)
    rw space 12288K,  54% used [0x3ca40000, 0x3d0c8030, 0x3d0c8200, 0x3d640000)
Event: 42.448 GC heap after
Heap after GC invocations=9 (full 0):
 def new generation   total 4928K, used 231K [0x28040000, 0x28590000, 0x2d590000)
  eden space 4416K,   0% used [0x28040000, 0x28040000, 0x28490000)
  from space 512K,  45% used [0x28510000, 0x28549da8, 0x28590000)
  to   space 512K,   0% used [0x28490000, 0x28490000, 0x28510000)
 tenured generation   total 10944K, used 7484K [0x2d590000, 0x2e040000, 0x38040000)
   the space 10944K,  68% used [0x2d590000, 0x2dcdf048, 0x2dcdf200, 0x2e040000)
 compacting perm gen  total 12288K, used 3081K [0x38040000, 0x38c40000, 0x3c040000)
   the space 12288K,  25% used [0x38040000, 0x38342530, 0x38342600, 0x38c40000)
    ro space 10240K,  45% used [0x3c040000, 0x3c4c4988, 0x3c4c4a00, 0x3ca40000)
    rw space 12288K,  54% used [0x3ca40000, 0x3d0c8030, 0x3d0c8200, 0x3d640000)
}
Event: 53.907 GC heap before
{Heap before GC invocations=9 (full 0):
 def new generation   total 4928K, used 4647K [0x28040000, 0x28590000, 0x2d590000)
  eden space 4416K, 100% used [0x28040000, 0x28490000, 0x28490000)
  from space 512K,  45% used [0x28510000, 0x28549da8, 0x28590000)
  to   space 512K,   0% used [0x28490000, 0x28490000, 0x28510000)
 tenured generation   total 10944K, used 7484K [0x2d590000, 0x2e040000, 0x38040000)
   the space 10944K,  68% used [0x2d590000, 0x2dcdf048, 0x2dcdf200, 0x2e040000)
 compacting perm gen  total 12288K, used 3082K [0x38040000, 0x38c40000, 0x3c040000)
   the space 12288K,  25% used [0x38040000, 0x38342a08, 0x38342c00, 0x38c40000)
    ro space 10240K,  45% used [0x3c040000, 0x3c4c4988, 0x3c4c4a00, 0x3ca40000)
    rw space 12288K,  54% used [0x3ca40000, 0x3d0c8030, 0x3d0c8200, 0x3d640000)
Event: 53.908 GC heap after
Heap after GC invocations=10 (full 0):
 def new generation   total 4928K, used 207K [0x28040000, 0x28590000, 0x2d590000)
  eden space 4416K,   0% used [0x28040000, 0x28040000, 0x28490000)
  from space 512K,  40% used [0x28490000, 0x284c3c80, 0x28510000)
  to   space 512K,   0% used [0x28510000, 0x28510000, 0x28590000)
 tenured generation   total 10944K, used 7484K [0x2d590000, 0x2e040000, 0x38040000)
   the space 10944K,  68% used [0x2d590000, 0x2dcdf048, 0x2dcdf200, 0x2e040000)
 compacting perm gen  total 12288K, used 3082K [0x38040000, 0x38c40000, 0x3c040000)
   the space 12288K,  25% used [0x38040000, 0x38342a08, 0x38342c00, 0x38c40000)
    ro space 10240K,  45% used [0x3c040000, 0x3c4c4988, 0x3c4c4a00, 0x3ca40000)
    rw space 12288K,  54% used [0x3ca40000, 0x3d0c8030, 0x3d0c8200, 0x3d640000)
}

Deoptimization events (0 events):
No events

Internal exceptions (10 events):
Event: 18.987 Thread 0x044a5c00 Threw 0x28176540 at C:\jdk7u2_32P\jdk7u6\hotspot\src\share\vm\prims\jvm.cpp:1166
Event: 18.987 Thread 0x044a5c00 Threw 0x2817c030 at C:\jdk7u2_32P\jdk7u6\hotspot\src\share\vm\prims\jvm.cpp:1166
Event: 18.988 Thread 0x044a5c00 Threw 0x2817ec90 at C:\jdk7u2_32P\jdk7u6\hotspot\src\share\vm\prims\jvm.cpp:1166
Event: 18.989 Thread 0x044a5c00 Threw 0x28182b48 at C:\jdk7u2_32P\jdk7u6\hotspot\src\share\vm\prims\jvm.cpp:1166
Event: 19.055 Thread 0x044a5c00 Threw 0x283f28f0 at C:\jdk7u2_32P\jdk7u6\hotspot\src\share\vm\prims\jvm.cpp:1166
Event: 19.056 Thread 0x044a5c00 Threw 0x283f6480 at C:\jdk7u2_32P\jdk7u6\hotspot\src\share\vm\prims\jvm.cpp:1166
Event: 19.057 Thread 0x044a5c00 Threw 0x283f80b8 at C:\jdk7u2_32P\jdk7u6\hotspot\src\share\vm\prims\jvm.cpp:1166
Event: 19.058 Thread 0x044a5c00 Threw 0x283fbd68 at C:\jdk7u2_32P\jdk7u6\hotspot\src\share\vm\prims\jvm.cpp:1166
Event: 19.059 Thread 0x044a5c00 Threw 0x28402488 at C:\jdk7u2_32P\jdk7u6\hotspot\src\share\vm\prims\jvm.cpp:1166
Event: 19.099 Thread 0x044a5c00 Threw 0x2844a200 at C:\jdk7u2_32P\jdk7u6\hotspot\src\share\vm\prims\jvm.cpp:1166

Events (10 events):
Event: 53.910 Executing VM operation: RevokeBias
Event: 53.910 Executing VM operation: RevokeBias done
Event: 53.910 Executing VM operation: RevokeBias
Event: 53.910 Executing VM operation: RevokeBias done
Event: 53.911 Executing VM operation: RevokeBias
Event: 53.911 Executing VM operation: RevokeBias done
Event: 53.911 Executing VM operation: RevokeBias
Event: 53.911 Executing VM operation: RevokeBias done
Event: 53.911 Executing VM operation: RevokeBias
Event: 53.911 Executing VM operation: RevokeBias done


Dynamic libraries:
0x00c40000 - 0x00c6f000 	C:\Program Files (x86)\Java\jdk1.7.0_06\bin\java.exe
0x77150000 - 0x772a7000 	C:\Windows\SYSTEM32\ntdll.dll
0x74aa0000 - 0x74bd0000 	C:\Windows\SYSTEM32\KERNEL32.DLL
0x76fe0000 - 0x77086000 	C:\Windows\SYSTEM32\KERNELBASE.dll
0x6fe10000 - 0x6feb7000 	C:\Windows\system32\apphelp.dll
0x76f10000 - 0x76fbe000 	C:\Windows\SYSTEM32\ADVAPI32.dll
0x750b0000 - 0x751c6000 	C:\Windows\SYSTEM32\USER32.dll
0x6dba0000 - 0x6dd97000 	C:\Windows\WinSxS\x86_microsoft.windows.common-controls_6595b64144ccf1df_6.0.9200.16384_none_893961408605e985\COMCTL32.dll
0x749c0000 - 0x74a71000 	C:\Windows\SYSTEM32\msvcrt.dll
0x76bf0000 - 0x76c24000 	C:\Windows\SYSTEM32\sechost.dll
0x75880000 - 0x7592c000 	C:\Windows\SYSTEM32\RPCRT4.dll
0x76dd0000 - 0x76ecd000 	C:\Windows\SYSTEM32\GDI32.dll
0x747f0000 - 0x7480c000 	C:\Windows\SYSTEM32\SspiCli.dll
0x747e0000 - 0x747e9000 	C:\Windows\SYSTEM32\CRYPTBASE.dll
0x74780000 - 0x747d1000 	C:\Windows\SYSTEM32\bcryptPrimitives.dll
0x74e20000 - 0x74e40000 	C:\Windows\system32\IMM32.DLL
0x74d40000 - 0x74e1c000 	C:\Windows\SYSTEM32\MSCTF.dll
0x62300000 - 0x623be000 	C:\Program Files (x86)\Java\jdk1.7.0_06\jre\bin\msvcr100.dll
0x61150000 - 0x6149c000 	C:\Program Files (x86)\Java\jdk1.7.0_06\jre\bin\client\jvm.dll
0x66f70000 - 0x66f78000 	C:\Windows\SYSTEM32\WSOCK32.dll
0x6fb00000 - 0x6fb21000 	C:\Windows\SYSTEM32\WINMM.dll
0x76f00000 - 0x76f06000 	C:\Windows\SYSTEM32\PSAPI.DLL
0x75010000 - 0x75060000 	C:\Windows\SYSTEM32\WS2_32.dll
0x6f9d0000 - 0x6f9fa000 	C:\Windows\SYSTEM32\WINMMBASE.dll
0x76ed0000 - 0x76ed8000 	C:\Windows\SYSTEM32\NSI.dll
0x66dd0000 - 0x66ddc000 	C:\Program Files (x86)\Java\jdk1.7.0_06\jre\bin\verify.dll
0x66af0000 - 0x66b10000 	C:\Program Files (x86)\Java\jdk1.7.0_06\jre\bin\java.dll
0x62470000 - 0x62483000 	C:\Program Files (x86)\Java\jdk1.7.0_06\jre\bin\zip.dll
0x61000000 - 0x61142000 	C:\Program Files (x86)\Java\jdk1.7.0_06\jre\bin\awt.dll
0x751d0000 - 0x7525b000 	C:\Windows\SYSTEM32\OLEAUT32.dll
0x75990000 - 0x75ac6000 	C:\Windows\SYSTEM32\combase.dll
0x6fa80000 - 0x6fa99000 	C:\Windows\system32\DWMAPI.DLL
0x6fb30000 - 0x6fbb8000 	C:\Windows\system32\uxtheme.dll
0x66d50000 - 0x66db9000 	C:\Program Files (x86)\Common Files\microsoft shared\ink\tiptsf.dll
0x75510000 - 0x75629000 	C:\Windows\SYSTEM32\ole32.dll
0x75ad0000 - 0x76b95000 	C:\Windows\SYSTEM32\SHELL32.dll
0x748f0000 - 0x74930000 	C:\Windows\SYSTEM32\SHLWAPI.dll
0x70a50000 - 0x70ac5000 	C:\Windows\SYSTEM32\shcore.dll
0x62450000 - 0x62464000 	C:\Program Files (x86)\Java\jdk1.7.0_06\jre\bin\net.dll
0x709d0000 - 0x70a1a000 	C:\Windows\system32\mswsock.dll
0x66dc0000 - 0x66dcf000 	C:\Program Files (x86)\Java\jdk1.7.0_06\jre\bin\nio.dll
0x62290000 - 0x622ba000 	C:\Program Files (x86)\Java\jdk1.7.0_06\jre\bin\fontmanager.dll
0x62250000 - 0x62281000 	C:\Program Files (x86)\Java\jdk1.7.0_06\jre\bin\t2k.dll
0x74870000 - 0x748e4000 	C:\Windows\SYSTEM32\clbcatq.dll
0x68290000 - 0x683d6000 	C:\Windows\SYSTEM32\WindowsCodecs.dll
0x70a30000 - 0x70a41000 	C:\Windows\SYSTEM32\profapi.dll
0x6b0c0000 - 0x6b126000 	C:\Users\CHARLES\AppData\Local\Temp\sqlitejdbc.dll
0x6db50000 - 0x6dba0000 	C:\Windows\SYSTEM32\oleacc.dll
0x62220000 - 0x62244000 	C:\Program Files (x86)\Java\jdk1.7.0_06\jre\bin\dcpr.dll
0x6b720000 - 0x6b849000 	C:\Windows\SYSTEM32\dbghelp.dll

VM Arguments:
jvm_args: -Dfile.encoding=UTF-8 
java_command: View.FarmGui
Launcher Type: SUN_STANDARD

Environment Variables:
JAVA_HOME=C:\Program Files\Java\jdk1.7.0_79
JRE_HOME=C:\Program Files\Java\jre7
PATH=C:\Program Files\Java\jdk1.7.0_79\bin;C:\Program Files (x86)\Skype\Phone\;C:\Program Files\RogueKiller;C:\Program Files (x86)\Jar2Exe Wizard\
USERNAME=CHARLES
OS=Windows_NT
PROCESSOR_IDENTIFIER=Intel64 Family 6 Model 69 Stepping 1, GenuineIntel



---------------  S Y S T E M  ---------------

OS: Windows 8 , 64 bit Build 9200 

CPU:total 4 (2 cores per cpu, 2 threads per core) family 6 model 69 stepping 1, cmov, cx8, fxsr, mmx, sse, sse2, sse3, ssse3, sse4.1, sse4.2, popcnt, avx, avx2, ht, tsc, tscinvbit

Memory: 4k page, physical 4127020k(1489456k free), swap 8321324k(5201220k free)

vm_info: Java HotSpot(TM) Client VM (23.2-b09) for windows-x86 JRE (1.7.0_06-b24), built on Aug  9 2012 23:02:07 by "java_re" with unknown MS VC++:1600

time: Mon Aug 01 12:31:42 2016
elapsed time: 55 seconds

