#
# A fatal error has been detected by the Java Runtime Environment:
#
#  EXCEPTION_ACCESS_VIOLATION (0xc0000005) at pc=0x6b0dc323, pid=5180, tid=5964
#
# JRE version: 7.0_06-b24
# Java VM: Java HotSpot(TM) Client VM (23.2-b09 mixed mode, sharing windows-x86 )
# Problematic frame:
# C  [sqlitejdbc.dll+0x1c323]  Java_org_sqlite_NativeDB_column_1metadata+0x1963e
#
# Failed to write core dump. Minidumps are not enabled by default on client versions of Windows
#
# If you would like to submit a bug report, please visit:
#   http://bugreport.sun.com/bugreport/crash.jsp
# The crash happened outside the Java Virtual Machine in native code.
# See problematic frame for where to report the bug.
#

---------------  T H R E A D  ---------------

Current thread (0x0486b800):  JavaThread "AWT-EventQueue-0" [_thread_in_native, id=5964, stack(0x04e50000,0x04ea0000)]

siginfo: ExceptionCode=0xc0000005, reading address 0x00000000

Registers:
EAX=0x00000000, EBX=0x00000000, ECX=0x0486b928, EDX=0x00000000
ESP=0x04e9e570, EBP=0x04e9e588, ESI=0x00000000, EDI=0x0486b800
EIP=0x6b0dc323, EFLAGS=0x00010246

Top of Stack: (sp=0x04e9e570)
0x04e9e570:   0486b800 3ca40008 000000bd 04e9e594
0x04e9e580:   38208268 00000000 04e9e5a8 6b0dc5c8
0x04e9e590:   00000000 00000000 689b190f 0486b800
0x04e9e5a0:   38208268 38208268 04e9e5b8 6b0c201f
0x04e9e5b0:   00000000 00000000 04e9e60c 0226ad7c
0x04e9e5c0:   0486b928 04e9e628 00000000 00000000
0x04e9e5d0:   00000000 04e9e5d4 3c05e1dd 04e9e604
0x04e9e5e0:   04e9e5e4 0486b805 28116470 04e9e5e4 

Instructions: (pc=0x6b0dc323)
0x6b0dc303:   1f 85 d0 74 1b 8b 03 8b 40 4c 89 04 24 e8 84 94
0x6b0dc313:   fe ff 8d 14 b6 8b 83 f8 00 00 00 8d 04 d0 eb 31
0x6b0dc323:   83 3b 00 74 27 8b 03 8b 40 4c 89 04 24 e8 64 94
0x6b0dc333:   fe ff c7 44 24 08 00 00 00 00 c7 44 24 04 19 00 


Register to memory mapping:

EAX=0x00000000 is an unknown value
EBX=0x00000000 is an unknown value
ECX=0x0486b928 is an unknown value
EDX=0x00000000 is an unknown value
ESP=0x04e9e570 is pointing into the stack for thread: 0x0486b800
EBP=0x04e9e588 is pointing into the stack for thread: 0x0486b800
ESI=0x00000000 is an unknown value
EDI=0x0486b800 is a thread


Stack: [0x04e50000,0x04ea0000],  sp=0x04e9e570,  free space=313k
Native frames: (J=compiled Java code, j=interpreted, Vv=VM code, C=native code)
C  [sqlitejdbc.dll+0x1c323]  Java_org_sqlite_NativeDB_column_1metadata+0x1963e
C  [sqlitejdbc.dll+0x1c5c8]  Java_org_sqlite_NativeDB_column_1metadata+0x198e3
C  [sqlitejdbc.dll+0x201f]  Java_org_sqlite_NativeDB_column_1type+0x27
j  org.sqlite.NativeDB.column_type(JI)I+0
j  org.sqlite.RS.getObject(I)Ljava/lang/Object;+16
j  net.proteanit.sql.DbUtils.resultSetToTableModel(Ljava/sql/ResultSet;)Ljavax/swing/table/TableModel;+92
j  View.ReportingGui.productActionsActionPerformed(Ljava/awt/event/ActionEvent;)V+199
j  View.ReportingGui.access$100(LView/ReportingGui;Ljava/awt/event/ActionEvent;)V+2
j  View.ReportingGui$3.actionPerformed(Ljava/awt/event/ActionEvent;)V+5
j  javax.swing.AbstractButton.fireActionPerformed(Ljava/awt/event/ActionEvent;)V+84
j  javax.swing.AbstractButton$Handler.actionPerformed(Ljava/awt/event/ActionEvent;)V+5
j  javax.swing.DefaultButtonModel.fireActionPerformed(Ljava/awt/event/ActionEvent;)V+35
j  javax.swing.DefaultButtonModel.setPressed(Z)V+117
j  javax.swing.plaf.basic.BasicButtonListener.mouseReleased(Ljava/awt/event/MouseEvent;)V+35
j  java.awt.Component.processMouseEvent(Ljava/awt/event/MouseEvent;)V+64
j  javax.swing.JComponent.processMouseEvent(Ljava/awt/event/MouseEvent;)V+23
j  java.awt.Component.processEvent(Ljava/awt/AWTEvent;)V+81
j  java.awt.Container.processEvent(Ljava/awt/AWTEvent;)V+18
j  java.awt.Component.dispatchEventImpl(Ljava/awt/AWTEvent;)V+581
j  java.awt.Container.dispatchEventImpl(Ljava/awt/AWTEvent;)V+42
J  java.awt.LightweightDispatcher.retargetMouseEvent(Ljava/awt/Component;ILjava/awt/event/MouseEvent;)V
j  java.awt.LightweightDispatcher.dispatchEvent(Ljava/awt/AWTEvent;)Z+50
j  java.awt.Container.dispatchEventImpl(Ljava/awt/AWTEvent;)V+12
j  java.awt.Window.dispatchEventImpl(Ljava/awt/AWTEvent;)V+19
J  java.awt.EventQueue.dispatchEventImpl(Ljava/awt/AWTEvent;Ljava/lang/Object;)V
j  java.awt.EventQueue$3.run()Ljava/lang/Object;+1
v  ~StubRoutines::call_stub
V  [jvm.dll+0x12a39a]
V  [jvm.dll+0x1d962e]
V  [jvm.dll+0x12a41d]
V  [jvm.dll+0xd9e0a]
C  [java.dll+0x102f]  Java_java_security_AccessController_doPrivileged__Ljava_security_PrivilegedAction_2Ljava_security_AccessControlContext_2+0x17
J  java.security.ProtectionDomain$1.doIntersectionPrivilege(Ljava/security/PrivilegedAction;Ljava/security/AccessControlContext;Ljava/security/AccessControlContext;)Ljava/lang/Object;
j  java.awt.EventQueue$4.run()Ljava/lang/Void;+11
j  java.awt.EventQueue$4.run()Ljava/lang/Object;+1
v  ~StubRoutines::call_stub
V  [jvm.dll+0x12a39a]
V  [jvm.dll+0x1d962e]
V  [jvm.dll+0x12a41d]
V  [jvm.dll+0xd9e0a]
C  [java.dll+0x102f]  Java_java_security_AccessController_doPrivileged__Ljava_security_PrivilegedAction_2Ljava_security_AccessControlContext_2+0x17
J  java.awt.EventQueue.dispatchEvent(Ljava/awt/AWTEvent;)V
j  java.awt.EventDispatchThread.pumpEventsForHierarchy(ILjava/awt/Conditional;Ljava/awt/Component;)V+11
j  java.awt.EventDispatchThread.pumpEvents(ILjava/awt/Conditional;)V+4
j  java.awt.EventDispatchThread.pumpEvents(Ljava/awt/Conditional;)V+3
j  java.awt.EventDispatchThread.run()V+9
v  ~StubRoutines::call_stub
V  [jvm.dll+0x12a39a]
V  [jvm.dll+0x1d962e]
V  [jvm.dll+0x12a583]
V  [jvm.dll+0x12a5e7]
V  [jvm.dll+0xd315f]
V  [jvm.dll+0x14a697]
V  [jvm.dll+0x14a800]
V  [jvm.dll+0x17efe9]
C  [msvcr100.dll+0x5c6de]  endthreadex+0x3a
C  [msvcr100.dll+0x5c788]  endthreadex+0xe4
C  [KERNEL32.DLL+0x28543]  BaseThreadInitThunk+0xe
C  [ntdll.dll+0x5ac69]  RtlInitializeExceptionChain+0x85
C  [ntdll.dll+0x5ac3c]  RtlInitializeExceptionChain+0x58

Java frames: (J=compiled Java code, j=interpreted, Vv=VM code)
j  org.sqlite.NativeDB.column_type(JI)I+0
j  org.sqlite.RS.getObject(I)Ljava/lang/Object;+16
j  net.proteanit.sql.DbUtils.resultSetToTableModel(Ljava/sql/ResultSet;)Ljavax/swing/table/TableModel;+92
j  View.ReportingGui.productActionsActionPerformed(Ljava/awt/event/ActionEvent;)V+199
j  View.ReportingGui.access$100(LView/ReportingGui;Ljava/awt/event/ActionEvent;)V+2
j  View.ReportingGui$3.actionPerformed(Ljava/awt/event/ActionEvent;)V+5
j  javax.swing.AbstractButton.fireActionPerformed(Ljava/awt/event/ActionEvent;)V+84
j  javax.swing.AbstractButton$Handler.actionPerformed(Ljava/awt/event/ActionEvent;)V+5
j  javax.swing.DefaultButtonModel.fireActionPerformed(Ljava/awt/event/ActionEvent;)V+35
j  javax.swing.DefaultButtonModel.setPressed(Z)V+117
j  javax.swing.plaf.basic.BasicButtonListener.mouseReleased(Ljava/awt/event/MouseEvent;)V+35
j  java.awt.Component.processMouseEvent(Ljava/awt/event/MouseEvent;)V+64
j  javax.swing.JComponent.processMouseEvent(Ljava/awt/event/MouseEvent;)V+23
j  java.awt.Component.processEvent(Ljava/awt/AWTEvent;)V+81
j  java.awt.Container.processEvent(Ljava/awt/AWTEvent;)V+18
j  java.awt.Component.dispatchEventImpl(Ljava/awt/AWTEvent;)V+581
j  java.awt.Container.dispatchEventImpl(Ljava/awt/AWTEvent;)V+42
J  java.awt.LightweightDispatcher.retargetMouseEvent(Ljava/awt/Component;ILjava/awt/event/MouseEvent;)V
j  java.awt.LightweightDispatcher.processMouseEvent(Ljava/awt/event/MouseEvent;)Z+139
j  java.awt.LightweightDispatcher.dispatchEvent(Ljava/awt/AWTEvent;)Z+50
j  java.awt.Container.dispatchEventImpl(Ljava/awt/AWTEvent;)V+12
j  java.awt.Window.dispatchEventImpl(Ljava/awt/AWTEvent;)V+19
J  java.awt.EventQueue.dispatchEventImpl(Ljava/awt/AWTEvent;Ljava/lang/Object;)V
J  java.awt.EventQueue.access$000(Ljava/awt/EventQueue;Ljava/awt/AWTEvent;Ljava/lang/Object;)V
j  java.awt.EventQueue$3.run()Ljava/lang/Void;+12
j  java.awt.EventQueue$3.run()Ljava/lang/Object;+1
v  ~StubRoutines::call_stub
J  java.security.AccessController.doPrivileged(Ljava/security/PrivilegedAction;Ljava/security/AccessControlContext;)Ljava/lang/Object;
J  java.security.ProtectionDomain$1.doIntersectionPrivilege(Ljava/security/PrivilegedAction;Ljava/security/AccessControlContext;Ljava/security/AccessControlContext;)Ljava/lang/Object;
j  java.security.ProtectionDomain$1.doIntersectionPrivilege(Ljava/security/PrivilegedAction;Ljava/security/AccessControlContext;)Ljava/lang/Object;+6
j  java.awt.EventQueue$4.run()Ljava/lang/Void;+11
j  java.awt.EventQueue$4.run()Ljava/lang/Object;+1
v  ~StubRoutines::call_stub
J  java.security.AccessController.doPrivileged(Ljava/security/PrivilegedAction;Ljava/security/AccessControlContext;)Ljava/lang/Object;
J  java.awt.EventQueue.dispatchEvent(Ljava/awt/AWTEvent;)V
J  java.awt.EventDispatchThread.pumpOneEventForFilters(I)V
j  java.awt.EventDispatchThread.pumpEventsForFilter(ILjava/awt/Conditional;Ljava/awt/EventFilter;)V+48
j  java.awt.EventDispatchThread.pumpEventsForHierarchy(ILjava/awt/Conditional;Ljava/awt/Component;)V+11
j  java.awt.EventDispatchThread.pumpEvents(ILjava/awt/Conditional;)V+4
j  java.awt.EventDispatchThread.pumpEvents(Ljava/awt/Conditional;)V+3
j  java.awt.EventDispatchThread.run()V+9
v  ~StubRoutines::call_stub

---------------  P R O C E S S  ---------------

Java Threads: ( => current thread )
  0x0491f000 JavaThread "TimerQueue" daemon [_thread_blocked, id=1072, stack(0x058d0000,0x05920000)]
  0x0068a800 JavaThread "DestroyJavaVM" [_thread_blocked, id=4464, stack(0x007a0000,0x007f0000)]
=>0x0486b800 JavaThread "AWT-EventQueue-0" [_thread_in_native, id=5964, stack(0x04e50000,0x04ea0000)]
  0x0482c000 JavaThread "AWT-Windows" daemon [_thread_in_native, id=6952, stack(0x04c00000,0x04c50000)]
  0x0482b800 JavaThread "AWT-Shutdown" [_thread_blocked, id=3952, stack(0x04b70000,0x04bc0000)]
  0x0482b000 JavaThread "Java2D Disposer" daemon [_thread_blocked, id=5440, stack(0x04ae0000,0x04b30000)]
  0x00d74800 JavaThread "Service Thread" daemon [_thread_blocked, id=128, stack(0x046e0000,0x04730000)]
  0x00d6dc00 JavaThread "C1 CompilerThread0" daemon [_thread_blocked, id=180, stack(0x04650000,0x046a0000)]
  0x00d6c800 JavaThread "Attach Listener" daemon [_thread_blocked, id=8860, stack(0x045c0000,0x04610000)]
  0x00d69800 JavaThread "Signal Dispatcher" daemon [_thread_blocked, id=5092, stack(0x04530000,0x04580000)]
  0x00d54000 JavaThread "Finalizer" daemon [_thread_blocked, id=5816, stack(0x044a0000,0x044f0000)]
  0x00d52800 JavaThread "Reference Handler" daemon [_thread_blocked, id=10384, stack(0x04410000,0x04460000)]

Other Threads:
  0x00d51400 VMThread [stack: 0x04380000,0x043d0000] [id=7428]
  0x00d84400 WatcherThread [stack: 0x04770000,0x047c0000] [id=1388]

VM state:not at safepoint (normal execution)

VM Mutex/Monitor currently owned by a thread: None

Heap
 def new generation   total 4928K, used 1101K [0x28040000, 0x28590000, 0x2d590000)
  eden space 4416K,  19% used [0x28040000, 0x281179d8, 0x28490000)
  from space 512K,  46% used [0x28510000, 0x2854ba28, 0x28590000)
  to   space 512K,   0% used [0x28490000, 0x28490000, 0x28510000)
 tenured generation   total 10944K, used 10461K [0x2d590000, 0x2e040000, 0x38040000)
   the space 10944K,  95% used [0x2d590000, 0x2dfc7738, 0x2dfc7800, 0x2e040000)
 compacting perm gen  total 12288K, used 3163K [0x38040000, 0x38c40000, 0x3c040000)
   the space 12288K,  25% used [0x38040000, 0x38356d58, 0x38356e00, 0x38c40000)
    ro space 10240K,  45% used [0x3c040000, 0x3c4c4988, 0x3c4c4a00, 0x3ca40000)
    rw space 12288K,  54% used [0x3ca40000, 0x3d0c8030, 0x3d0c8200, 0x3d640000)

Card table byte_map: [0x04260000,0x04310000] byte_map_base: 0x0411fe00

Polling page: 0x006d0000

Code Cache  [0x02260000, 0x02480000, 0x04260000)
 total_blobs=1324 nmethods=1077 adapters=180 free_code_cache=30608Kb largest_free_block=31342144

Compilation events (10 events):
Event: 29.836 Thread 0x00d6dc00 1078   !         javax.swing.JComponent::paintChildren (669 bytes)
Event: 29.841 Thread 0x00d6dc00 nmethod 1078 0x024789c8 code [0x02478d20, 0x02479d64]
Event: 30.178 Thread 0x00d6dc00 1079             javax.swing.plaf.synth.SynthContext::getPainter (19 bytes)
Event: 30.178 Thread 0x00d6dc00 nmethod 1079 0x0247b988 code [0x0247ba90, 0x0247bb4c]
Event: 31.112 Thread 0x00d6dc00 1080             javax.swing.RepaintManager::isDoubleBufferingEnabled (5 bytes)
Event: 31.112 Thread 0x00d6dc00 nmethod 1080 0x0247bbc8 code [0x0247bcc0, 0x0247bd40]
Event: 31.174 Thread 0x00d6dc00 1081             java.awt.EventDispatchThread$1::evaluate (2 bytes)
Event: 31.174 Thread 0x00d6dc00 nmethod 1081 0x0247bd88 code [0x0247be80, 0x0247bf00]
Event: 31.470 Thread 0x00d6dc00 1082             java.awt.Component::getNativeContainer (29 bytes)
Event: 31.471 Thread 0x00d6dc00 nmethod 1082 0x0247bf48 code [0x0247c050, 0x0247c140]

GC Heap History (10 events):
Event: 18.827 GC heap before
{Heap before GC invocations=4 (full 0):
 def new generation   total 4928K, used 4928K [0x28040000, 0x28590000, 0x2d590000)
  eden space 4416K, 100% used [0x28040000, 0x28490000, 0x28490000)
  from space 512K, 100% used [0x28490000, 0x28510000, 0x28510000)
  to   space 512K,   0% used [0x28510000, 0x28510000, 0x28590000)
 tenured generation   total 10944K, used 4779K [0x2d590000, 0x2e040000, 0x38040000)
   the space 10944K,  43% used [0x2d590000, 0x2da3af88, 0x2da3b000, 0x2e040000)
 compacting perm gen  total 12288K, used 2921K [0x38040000, 0x38c40000, 0x3c040000)
   the space 12288K,  23% used [0x38040000, 0x3831a410, 0x3831a600, 0x38c40000)
    ro space 10240K,  45% used [0x3c040000, 0x3c4c4988, 0x3c4c4a00, 0x3ca40000)
    rw space 12288K,  54% used [0x3ca40000, 0x3d0c8030, 0x3d0c8200, 0x3d640000)
Event: 18.835 GC heap after
Heap after GC invocations=5 (full 0):
 def new generation   total 4928K, used 512K [0x28040000, 0x28590000, 0x2d590000)
  eden space 4416K,   0% used [0x28040000, 0x28040000, 0x28490000)
  from space 512K, 100% used [0x28510000, 0x28590000, 0x28590000)
  to   space 512K,   0% used [0x28490000, 0x28490000, 0x28510000)
 tenured generation   total 10944K, used 5418K [0x2d590000, 0x2e040000, 0x38040000)
   the space 10944K,  49% used [0x2d590000, 0x2dadab90, 0x2dadac00, 0x2e040000)
 compacting perm gen  total 12288K, used 2921K [0x38040000, 0x38c40000, 0x3c040000)
   the space 12288K,  23% used [0x38040000, 0x3831a410, 0x3831a600, 0x38c40000)
    ro space 10240K,  45% used [0x3c040000, 0x3c4c4988, 0x3c4c4a00, 0x3ca40000)
    rw space 12288K,  54% used [0x3ca40000, 0x3d0c8030, 0x3d0c8200, 0x3d640000)
}
Event: 19.061 GC heap before
{Heap before GC invocations=5 (full 0):
 def new generation   total 4928K, used 3163K [0x28040000, 0x28590000, 0x2d590000)
  eden space 4416K,  60% used [0x28040000, 0x282d6e08, 0x28490000)
  from space 512K, 100% used [0x28510000, 0x28590000, 0x28590000)
  to   space 512K,   0% used [0x28490000, 0x28490000, 0x28510000)
 tenured generation   total 10944K, used 5418K [0x2d590000, 0x2e040000, 0x38040000)
   the space 10944K,  49% used [0x2d590000, 0x2dadab90, 0x2dadac00, 0x2e040000)
 compacting perm gen  total 12288K, used 2995K [0x38040000, 0x38c40000, 0x3c040000)
   the space 12288K,  24% used [0x38040000, 0x3832cef8, 0x3832d000, 0x38c40000)
    ro space 10240K,  45% used [0x3c040000, 0x3c4c4988, 0x3c4c4a00, 0x3ca40000)
    rw space 12288K,  54% used [0x3ca40000, 0x3d0c8030, 0x3d0c8200, 0x3d640000)
Event: 19.066 GC heap after
Heap after GC invocations=6 (full 0):
 def new generation   total 4928K, used 403K [0x28040000, 0x28590000, 0x2d590000)
  eden space 4416K,   0% used [0x28040000, 0x28040000, 0x28490000)
  from space 512K,  78% used [0x28490000, 0x284f4fd0, 0x28510000)
  to   space 512K,   0% used [0x28510000, 0x28510000, 0x28590000)
 tenured generation   total 10944K, used 5876K [0x2d590000, 0x2e040000, 0x38040000)
   the space 10944K,  53% used [0x2d590000, 0x2db4d3f0, 0x2db4d400, 0x2e040000)
 compacting perm gen  total 12288K, used 2995K [0x38040000, 0x38c40000, 0x3c040000)
   the space 12288K,  24% used [0x38040000, 0x3832cef8, 0x3832d000, 0x38c40000)
    ro space 10240K,  45% used [0x3c040000, 0x3c4c4988, 0x3c4c4a00, 0x3ca40000)
    rw space 12288K,  54% used [0x3ca40000, 0x3d0c8030, 0x3d0c8200, 0x3d640000)
}
Event: 19.169 GC heap before
{Heap before GC invocations=6 (full 0):
 def new generation   total 4928K, used 4819K [0x28040000, 0x28590000, 0x2d590000)
  eden space 4416K, 100% used [0x28040000, 0x28490000, 0x28490000)
  from space 512K,  78% used [0x28490000, 0x284f4fd0, 0x28510000)
  to   space 512K,   0% used [0x28510000, 0x28510000, 0x28590000)
 tenured generation   total 10944K, used 5876K [0x2d590000, 0x2e040000, 0x38040000)
   the space 10944K,  53% used [0x2d590000, 0x2db4d3f0, 0x2db4d400, 0x2e040000)
 compacting perm gen  total 12288K, used 3022K [0x38040000, 0x38c40000, 0x3c040000)
   the space 12288K,  24% used [0x38040000, 0x38333ac0, 0x38333c00, 0x38c40000)
    ro space 10240K,  45% used [0x3c040000, 0x3c4c4988, 0x3c4c4a00, 0x3ca40000)
    rw space 12288K,  54% used [0x3ca40000, 0x3d0c8030, 0x3d0c8200, 0x3d640000)
Event: 19.177 GC heap after
Heap after GC invocations=7 (full 0):
 def new generation   total 4928K, used 195K [0x28040000, 0x28590000, 0x2d590000)
  eden space 4416K,   0% used [0x28040000, 0x28040000, 0x28490000)
  from space 512K,  38% used [0x28510000, 0x28540e08, 0x28590000)
  to   space 512K,   0% used [0x28490000, 0x28490000, 0x28510000)
 tenured generation   total 10944K, used 9540K [0x2d590000, 0x2e040000, 0x38040000)
   the space 10944K,  87% used [0x2d590000, 0x2dee1258, 0x2dee1400, 0x2e040000)
 compacting perm gen  total 12288K, used 3022K [0x38040000, 0x38c40000, 0x3c040000)
   the space 12288K,  24% used [0x38040000, 0x38333ac0, 0x38333c00, 0x38c40000)
    ro space 10240K,  45% used [0x3c040000, 0x3c4c4988, 0x3c4c4a00, 0x3ca40000)
    rw space 12288K,  54% used [0x3ca40000, 0x3d0c8030, 0x3d0c8200, 0x3d640000)
}
Event: 22.754 GC heap before
{Heap before GC invocations=7 (full 0):
 def new generation   total 4928K, used 4611K [0x28040000, 0x28590000, 0x2d590000)
  eden space 4416K, 100% used [0x28040000, 0x28490000, 0x28490000)
  from space 512K,  38% used [0x28510000, 0x28540e08, 0x28590000)
  to   space 512K,   0% used [0x28490000, 0x28490000, 0x28510000)
 tenured generation   total 10944K, used 9540K [0x2d590000, 0x2e040000, 0x38040000)
   the space 10944K,  87% used [0x2d590000, 0x2dee1258, 0x2dee1400, 0x2e040000)
 compacting perm gen  total 12288K, used 3159K [0x38040000, 0x38c40000, 0x3c040000)
   the space 12288K,  25% used [0x38040000, 0x38355ef0, 0x38356000, 0x38c40000)
    ro space 10240K,  45% used [0x3c040000, 0x3c4c4988, 0x3c4c4a00, 0x3ca40000)
    rw space 12288K,  54% used [0x3ca40000, 0x3d0c8030, 0x3d0c8200, 0x3d640000)
Event: 22.758 GC heap after
Heap after GC invocations=8 (full 0):
 def new generation   total 4928K, used 512K [0x28040000, 0x28590000, 0x2d590000)
  eden space 4416K,   0% used [0x28040000, 0x28040000, 0x28490000)
  from space 512K, 100% used [0x28490000, 0x28510000, 0x28510000)
  to   space 512K,   0% used [0x28510000, 0x28510000, 0x28590000)
 tenured generation   total 10944K, used 9966K [0x2d590000, 0x2e040000, 0x38040000)
   the space 10944K,  91% used [0x2d590000, 0x2df4ba10, 0x2df4bc00, 0x2e040000)
 compacting perm gen  total 12288K, used 3159K [0x38040000, 0x38c40000, 0x3c040000)
   the space 12288K,  25% used [0x38040000, 0x38355ef0, 0x38356000, 0x38c40000)
    ro space 10240K,  45% used [0x3c040000, 0x3c4c4988, 0x3c4c4a00, 0x3ca40000)
    rw space 12288K,  54% used [0x3ca40000, 0x3d0c8030, 0x3d0c8200, 0x3d640000)
}
Event: 29.721 GC heap before
{Heap before GC invocations=8 (full 0):
 def new generation   total 4928K, used 4928K [0x28040000, 0x28590000, 0x2d590000)
  eden space 4416K, 100% used [0x28040000, 0x28490000, 0x28490000)
  from space 512K, 100% used [0x28490000, 0x28510000, 0x28510000)
  to   space 512K,   0% used [0x28510000, 0x28510000, 0x28590000)
 tenured generation   total 10944K, used 9966K [0x2d590000, 0x2e040000, 0x38040000)
   the space 10944K,  91% used [0x2d590000, 0x2df4ba10, 0x2df4bc00, 0x2e040000)
 compacting perm gen  total 12288K, used 3163K [0x38040000, 0x38c40000, 0x3c040000)
   the space 12288K,  25% used [0x38040000, 0x38356cd8, 0x38356e00, 0x38c40000)
    ro space 10240K,  45% used [0x3c040000, 0x3c4c4988, 0x3c4c4a00, 0x3ca40000)
    rw space 12288K,  54% used [0x3ca40000, 0x3d0c8030, 0x3d0c8200, 0x3d640000)
Event: 29.728 GC heap after
Heap after GC invocations=9 (full 0):
 def new generation   total 4928K, used 238K [0x28040000, 0x28590000, 0x2d590000)
  eden space 4416K,   0% used [0x28040000, 0x28040000, 0x28490000)
  from space 512K,  46% used [0x28510000, 0x2854ba28, 0x28590000)
  to   space 512K,   0% used [0x28490000, 0x28490000, 0x28510000)
 tenured generation   total 10944K, used 10461K [0x2d590000, 0x2e040000, 0x38040000)
   the space 10944K,  95% used [0x2d590000, 0x2dfc7738, 0x2dfc7800, 0x2e040000)
 compacting perm gen  total 12288K, used 3163K [0x38040000, 0x38c40000, 0x3c040000)
   the space 12288K,  25% used [0x38040000, 0x38356cd8, 0x38356e00, 0x38c40000)
    ro space 10240K,  45% used [0x3c040000, 0x3c4c4988, 0x3c4c4a00, 0x3ca40000)
    rw space 12288K,  54% used [0x3ca40000, 0x3d0c8030, 0x3d0c8200, 0x3d640000)
}

Deoptimization events (0 events):
No events

Internal exceptions (10 events):
Event: 22.615 Thread 0x0486b800 Threw 0x28158f68 at C:\jdk7u2_32P\jdk7u6\hotspot\src\share\vm\prims\jvm.cpp:1166
Event: 22.615 Thread 0x0486b800 Threw 0x2815d8d8 at C:\jdk7u2_32P\jdk7u6\hotspot\src\share\vm\prims\jvm.cpp:1166
Event: 22.618 Thread 0x0486b800 Threw 0x28160538 at C:\jdk7u2_32P\jdk7u6\hotspot\src\share\vm\prims\jvm.cpp:1166
Event: 22.619 Thread 0x0486b800 Threw 0x281643f0 at C:\jdk7u2_32P\jdk7u6\hotspot\src\share\vm\prims\jvm.cpp:1166
Event: 22.682 Thread 0x0486b800 Threw 0x283dab60 at C:\jdk7u2_32P\jdk7u6\hotspot\src\share\vm\prims\jvm.cpp:1166
Event: 22.684 Thread 0x0486b800 Threw 0x283de9e0 at C:\jdk7u2_32P\jdk7u6\hotspot\src\share\vm\prims\jvm.cpp:1166
Event: 22.685 Thread 0x0486b800 Threw 0x283e0828 at C:\jdk7u2_32P\jdk7u6\hotspot\src\share\vm\prims\jvm.cpp:1166
Event: 22.686 Thread 0x0486b800 Threw 0x283e4728 at C:\jdk7u2_32P\jdk7u6\hotspot\src\share\vm\prims\jvm.cpp:1166
Event: 22.689 Thread 0x0486b800 Threw 0x283eb360 at C:\jdk7u2_32P\jdk7u6\hotspot\src\share\vm\prims\jvm.cpp:1166
Event: 22.723 Thread 0x0486b800 Threw 0x284355a8 at C:\jdk7u2_32P\jdk7u6\hotspot\src\share\vm\prims\jvm.cpp:1166

Events (10 events):
Event: 25.566 loading class 0x3d6c2428
Event: 25.566 loading class 0x3d6c2428 done
Event: 26.932 Thread 0x00d6dc00 flushing nmethod 0x023efac8
Event: 27.068 loading class 0x3d6eaa28
Event: 27.068 loading class 0x3d6eaa28 done
Event: 29.150 Executing VM operation: RevokeBias
Event: 29.150 Executing VM operation: RevokeBias done
Event: 29.150 Thread 0x04971000 Thread exited: 0x04971000
Event: 29.720 Executing VM operation: GenCollectForAllocation
Event: 29.728 Executing VM operation: GenCollectForAllocation done


Dynamic libraries:
0x00e30000 - 0x00e5f000 	C:\Program Files (x86)\Java\jdk1.7.0_06\bin\java.exe
0x77ba0000 - 0x77cf7000 	C:\Windows\SYSTEM32\ntdll.dll
0x76d90000 - 0x76ec0000 	C:\Windows\SYSTEM32\KERNEL32.DLL
0x758a0000 - 0x75946000 	C:\Windows\SYSTEM32\KERNELBASE.dll
0x75120000 - 0x751c7000 	C:\Windows\system32\apphelp.dll
0x77a10000 - 0x77abe000 	C:\Windows\SYSTEM32\ADVAPI32.dll
0x76aa0000 - 0x76bb6000 	C:\Windows\SYSTEM32\USER32.dll
0x6cbb0000 - 0x6cda7000 	C:\Windows\WinSxS\x86_microsoft.windows.common-controls_6595b64144ccf1df_6.0.9200.16384_none_893961408605e985\COMCTL32.dll
0x75520000 - 0x755d1000 	C:\Windows\SYSTEM32\msvcrt.dll
0x77430000 - 0x77464000 	C:\Windows\SYSTEM32\sechost.dll
0x76ce0000 - 0x76d8c000 	C:\Windows\SYSTEM32\RPCRT4.dll
0x77170000 - 0x7726d000 	C:\Windows\SYSTEM32\GDI32.dll
0x75240000 - 0x7525c000 	C:\Windows\SYSTEM32\SspiCli.dll
0x75230000 - 0x75239000 	C:\Windows\SYSTEM32\CRYPTBASE.dll
0x751d0000 - 0x75221000 	C:\Windows\SYSTEM32\bcryptPrimitives.dll
0x776d0000 - 0x776f0000 	C:\Windows\system32\IMM32.DLL
0x77090000 - 0x7716c000 	C:\Windows\SYSTEM32\MSCTF.dll
0x680c0000 - 0x6817e000 	C:\Program Files (x86)\Java\jdk1.7.0_06\jre\bin\msvcr100.dll
0x68960000 - 0x68cac000 	C:\Program Files (x86)\Java\jdk1.7.0_06\jre\bin\client\jvm.dll
0x69f70000 - 0x69f78000 	C:\Windows\SYSTEM32\WSOCK32.dll
0x750c0000 - 0x750e1000 	C:\Windows\SYSTEM32\WINMM.dll
0x75510000 - 0x75516000 	C:\Windows\SYSTEM32\PSAPI.DLL
0x77630000 - 0x77680000 	C:\Windows\SYSTEM32\WS2_32.dll
0x75010000 - 0x7503a000 	C:\Windows\SYSTEM32\WINMMBASE.dll
0x755e0000 - 0x755e8000 	C:\Windows\SYSTEM32\NSI.dll
0x6a550000 - 0x6a55c000 	C:\Program Files (x86)\Java\jdk1.7.0_06\jre\bin\verify.dll
0x69950000 - 0x69970000 	C:\Program Files (x86)\Java\jdk1.7.0_06\jre\bin\java.dll
0x69750000 - 0x69763000 	C:\Program Files (x86)\Java\jdk1.7.0_06\jre\bin\zip.dll
0x67f70000 - 0x680b2000 	C:\Program Files (x86)\Java\jdk1.7.0_06\jre\bin\awt.dll
0x778f0000 - 0x7797b000 	C:\Windows\SYSTEM32\OLEAUT32.dll
0x753d0000 - 0x75506000 	C:\Windows\SYSTEM32\combase.dll
0x6e9f0000 - 0x6ea78000 	C:\Windows\system32\uxtheme.dll
0x693f0000 - 0x6956b000 	C:\Program Files (x86)\360\Total Security\safemon\safemon.dll
0x75960000 - 0x76a25000 	C:\Windows\SYSTEM32\SHELL32.dll
0x75780000 - 0x75899000 	C:\Windows\SYSTEM32\ole32.dll
0x77300000 - 0x77340000 	C:\Windows\SYSTEM32\SHLWAPI.dll
0x75080000 - 0x75088000 	C:\Windows\SYSTEM32\VERSION.dll
0x75060000 - 0x75072000 	C:\Windows\SYSTEM32\NETAPI32.dll
0x74ff0000 - 0x74ffb000 	C:\Windows\SYSTEM32\netutils.dll
0x74fd0000 - 0x74fec000 	C:\Windows\SYSTEM32\srvcli.dll
0x74fc0000 - 0x74fd0000 	C:\Windows\SYSTEM32\wkscli.dll
0x74e30000 - 0x74ea5000 	C:\Windows\SYSTEM32\shcore.dll
0x75040000 - 0x75051000 	C:\Windows\SYSTEM32\profapi.dll
0x6a4c0000 - 0x6a529000 	C:\Program Files (x86)\Common Files\microsoft shared\ink\tiptsf.dll
0x6e9b0000 - 0x6e9c9000 	C:\Windows\SYSTEM32\dwmapi.dll
0x68910000 - 0x6893a000 	C:\Program Files (x86)\Java\jdk1.7.0_06\jre\bin\fontmanager.dll
0x68940000 - 0x68954000 	C:\Program Files (x86)\Java\jdk1.7.0_06\jre\bin\net.dll
0x70e60000 - 0x70eaa000 	C:\Windows\system32\mswsock.dll
0x69940000 - 0x6994f000 	C:\Program Files (x86)\Java\jdk1.7.0_06\jre\bin\nio.dll
0x77990000 - 0x77a04000 	C:\Windows\SYSTEM32\clbcatq.dll
0x69e20000 - 0x69f66000 	C:\Windows\SYSTEM32\WindowsCodecs.dll
0x688d0000 - 0x68901000 	C:\Program Files (x86)\Java\jdk1.7.0_06\jre\bin\t2k.dll
0x6cb60000 - 0x6cbb0000 	C:\Windows\SYSTEM32\oleacc.dll
0x67f40000 - 0x67f64000 	C:\Program Files (x86)\Java\jdk1.7.0_06\jre\bin\dcpr.dll
0x10000000 - 0x10007000 	C:\Program Files (x86)\Internet Download Manager\idmmkb.dll
0x6b0c0000 - 0x6b126000 	C:\Users\CHARLES\AppData\Local\Temp\sqlitejdbc.dll
0x74ca0000 - 0x74dc9000 	C:\Windows\SYSTEM32\dbghelp.dll

VM Arguments:
jvm_args: -Dfile.encoding=UTF-8 
java_command: View.LoginGUi
Launcher Type: SUN_STANDARD

Environment Variables:
JAVA_HOME=C:\Program Files\Java\jdk1.7.0_79
JRE_HOME=C:\Program Files\Java\jre7
PATH=C:\Program Files\Java\jdk1.7.0_79\bin;C:\Program Files (x86)\Skype\Phone\;C:\Program Files (x86)\Jar2Exe Wizard\
USERNAME=CHARLES
OS=Windows_NT
PROCESSOR_IDENTIFIER=Intel64 Family 6 Model 69 Stepping 1, GenuineIntel



---------------  S Y S T E M  ---------------

OS: Windows 8 , 64 bit Build 9200 

CPU:total 4 (2 cores per cpu, 2 threads per core) family 6 model 69 stepping 1, cmov, cx8, fxsr, mmx, sse, sse2, sse3, ssse3, sse4.1, sse4.2, popcnt, avx, avx2, ht, tsc, tscinvbit

Memory: 4k page, physical 4127020k(2349488k free), swap 8845612k(6120484k free)

vm_info: Java HotSpot(TM) Client VM (23.2-b09) for windows-x86 JRE (1.7.0_06-b24), built on Aug  9 2012 23:02:07 by "java_re" with unknown MS VC++:1600

time: Wed Jul 06 00:45:17 2016
elapsed time: 31 seconds

